2023-10-11 12:45:26,394 [INFO] Activator:176 - 


2023-10-11 12:45:26,395 [INFO] Activator:177 - !SESSION log4j initialized
2023-10-11 12:45:28,713 [INFO] LogOutputStream:77 - [STDOUT_REDIRECT] 
2023-10-11 12:45:30,367 [INFO] ApplicationProperties:184 - Using Application install path: C:\ST\STM32CubeIDE_1.13.2\STM32CubeIDE\plugins\com.st.stm32cube.common.mx_6.9.2.202309101412
2023-10-11 12:45:30,384 [INFO] DbMcusXml:78 - Set database path to: C:\ST\STM32CubeIDE_1.13.2\STM32CubeIDE\plugins\com.st.stm32cube.common.mx_6.9.2.202309101412\\db\/mcu/
2023-10-11 12:45:30,385 [INFO] ApiDb:274 - Set plugin database path to: C:\ST\STM32CubeIDE_1.13.2\STM32CubeIDE\plugins\com.st.stm32cube.common.mx_6.9.2.202309101412\\db\/plugins/boardmanager/
2023-10-11 12:45:30,385 [WARN] ApiDb:259 - Overriding images path with different value:  => C:\ST\STM32CubeIDE_1.13.2\STM32CubeIDE\plugins\com.st.stm32cube.common.mx_6.9.2.202309101412\\db\/plugins/mcufinder/images/
2023-10-11 12:45:30,404 [INFO] ApiDb:250 - Set database path to: C:\Users\HoFong\.stmcufinder\plugins\mcufinder//mcu/
2023-10-11 12:45:30,405 [INFO] DbMcusAds:125 - Set database path to: C:\Users\HoFong\.stmcufinder\plugins\mcufinder//mcu/
2023-10-11 12:45:30,407 [INFO] CrossReferenceDbSqlite:203 - Set database path to: C:\Users\HoFong\.stmcufinder\plugins\mcufinder//mcu/cs/
2023-10-11 12:45:30,583 [INFO] RulesReader:64 - Compatibility file has been processed (293 Rules)
2023-10-11 12:45:30,666 [INFO] DbMcusXml:78 - Set database path to: C:\ST\STM32CubeIDE_1.13.2\STM32CubeIDE\plugins\com.st.stm32cube.common.mx_6.9.2.202309101412\\db\/mcu/
2023-10-11 12:45:30,667 [INFO] ApiDb:274 - Set plugin database path to: C:\ST\STM32CubeIDE_1.13.2\STM32CubeIDE\plugins\com.st.stm32cube.common.mx_6.9.2.202309101412\\db\/plugins/boardmanager/
2023-10-11 12:45:30,667 [INFO] ApiDb:261 - Set plugin images path to: C:\ST\STM32CubeIDE_1.13.2\STM32CubeIDE\plugins\com.st.stm32cube.common.mx_6.9.2.202309101412\\db\/plugins/mcufinder/images/
2023-10-11 12:45:30,667 [WARN] DbFile:41 - Overriding database path with different value: C:\Users\HoFong\.stmcufinder\plugins\mcufinder/ => C:\Users\HoFong\.stmcufinder\plugins\mcufinder
2023-10-11 12:45:30,667 [INFO] ApiDb:250 - Set database path to: C:\Users\HoFong\.stmcufinder\plugins\mcufinder//mcu/
2023-10-11 12:45:30,667 [WARN] DbFile:41 - Overriding database path with different value: C:\Users\HoFong\.stmcufinder\plugins\mcufinder/ => C:\Users\HoFong\.stmcufinder\plugins\mcufinder
2023-10-11 12:45:30,667 [INFO] DbMcusAds:125 - Set database path to: C:\Users\HoFong\.stmcufinder\plugins\mcufinder//mcu/
2023-10-11 12:45:30,667 [WARN] DbFile:41 - Overriding database path with different value: C:\Users\HoFong\.stmcufinder\plugins\mcufinder/ => C:\Users\HoFong\.stmcufinder\plugins\mcufinder
2023-10-11 12:45:30,667 [WARN] DbFile:41 - Overriding database path with different value: C:\Users\HoFong\.stmcufinder\plugins\mcufinder/ => C:\Users\HoFong\.stmcufinder\plugins\mcufinder
2023-10-11 12:45:30,667 [INFO] CrossReferenceDbSqlite:203 - Set database path to: C:\Users\HoFong\.stmcufinder\plugins\mcufinder//mcu/cs/
2023-10-11 12:45:30,737 [INFO] MainPanel:262 - HeapMemory: 268435456
2023-10-11 12:45:30,808 [INFO] DbMcusXml:78 - Set database path to: C:\ST\STM32CubeIDE_1.13.2\STM32CubeIDE\plugins\com.st.stm32cube.common.mx_6.9.2.202309101412\\db\/mcu/
2023-10-11 12:45:30,808 [INFO] ApiDb:274 - Set plugin database path to: C:\ST\STM32CubeIDE_1.13.2\STM32CubeIDE\plugins\com.st.stm32cube.common.mx_6.9.2.202309101412\\db\/plugins/boardmanager/
2023-10-11 12:45:30,808 [INFO] ApiDb:261 - Set plugin images path to: C:\ST\STM32CubeIDE_1.13.2\STM32CubeIDE\plugins\com.st.stm32cube.common.mx_6.9.2.202309101412\\db\/plugins/mcufinder/images/
2023-10-11 12:45:30,809 [WARN] DbFile:41 - Overriding database path with different value: C:\Users\HoFong\.stmcufinder\plugins\mcufinder/ => C:\Users\HoFong\.stmcufinder\plugins\mcufinder
2023-10-11 12:45:30,809 [INFO] ApiDb:250 - Set database path to: C:\Users\HoFong\.stmcufinder\plugins\mcufinder//mcu/
2023-10-11 12:45:30,809 [WARN] DbFile:41 - Overriding database path with different value: C:\Users\HoFong\.stmcufinder\plugins\mcufinder/ => C:\Users\HoFong\.stmcufinder\plugins\mcufinder
2023-10-11 12:45:30,809 [INFO] DbMcusAds:125 - Set database path to: C:\Users\HoFong\.stmcufinder\plugins\mcufinder//mcu/
2023-10-11 12:45:30,809 [WARN] DbFile:41 - Overriding database path with different value: C:\Users\HoFong\.stmcufinder\plugins\mcufinder/ => C:\Users\HoFong\.stmcufinder\plugins\mcufinder
2023-10-11 12:45:30,809 [WARN] DbFile:41 - Overriding database path with different value: C:\Users\HoFong\.stmcufinder\plugins\mcufinder/ => C:\Users\HoFong\.stmcufinder\plugins\mcufinder
2023-10-11 12:45:30,809 [INFO] CrossReferenceDbSqlite:203 - Set database path to: C:\Users\HoFong\.stmcufinder\plugins\mcufinder//mcu/cs/
2023-10-11 12:45:30,822 [INFO] ApplicationProperties:184 - Using Application install path: C:\ST\STM32CubeIDE_1.13.2\STM32CubeIDE\plugins\com.st.stm32cube.common.mx_6.9.2.202309101412
2023-10-11 12:45:30,823 [INFO] PluginManage:196 - Search for loadable plugins [exclusion list=, ]
2023-10-11 12:45:30,825 [INFO] PluginManage:310 - Check plugin analytics
2023-10-11 12:45:30,977 [INFO] AnalyticsPlugin:253 - Accepted Software Licenses: 
2023-10-11 12:45:30,978 [INFO] AnalyticsPlugin:255 - Accepted CMSIS Pack Licenses: 
2023-10-11 12:45:30,978 [INFO] AnalyticsPlugin:257 - Accepted Firmware Licenses: FW.F7.1.17.0,FW.L4.1.18.0
2023-10-11 12:45:30,981 [INFO] PluginManage:359 - Loaded plugin analytics (category:tool,tabindex:-1)
2023-10-11 12:45:30,982 [INFO] PluginManage:310 - Check plugin cadmodel
2023-10-11 12:45:30,997 [INFO] CADModel:105 - Init CAD model plugin
2023-10-11 12:45:30,997 [INFO] PluginManage:359 - Loaded plugin cadmodel (category:power,tabindex:5)
2023-10-11 12:45:30,998 [INFO] PluginManage:310 - Check plugin clock
2023-10-11 12:45:31,015 [INFO] PluginManage:359 - Loaded plugin clock (category:base,tabindex:2)
2023-10-11 12:45:31,015 [INFO] PluginManage:310 - Check plugin ddr
2023-10-11 12:45:31,019 [INFO] PluginManage:359 - Loaded plugin ddr (category:tool,tabindex:6)
2023-10-11 12:45:31,019 [INFO] PluginManage:310 - Check plugin filemanager
2023-10-11 12:45:31,129 [INFO] PluginManage:359 - Loaded plugin filemanager (category:base,tabindex:10)
2023-10-11 12:45:31,129 [INFO] PluginManage:310 - Check plugin ipmanager
2023-10-11 12:45:31,134 [INFO] PluginManage:359 - Loaded plugin ipmanager (category:base,tabindex:5)
2023-10-11 12:45:31,134 [INFO] PluginManage:310 - Check plugin lpbam
2023-10-11 12:45:31,148 [INFO] PluginManage:359 - Loaded plugin lpbam (category:base,tabindex:0)
2023-10-11 12:45:31,148 [INFO] PluginManage:310 - Check plugin memorymap
2023-10-11 12:45:31,172 [INFO] PluginManage:359 - Loaded plugin memorymap (category:base,tabindex:4)
2023-10-11 12:45:31,172 [INFO] PluginManage:310 - Check plugin pinoutandconfiguration
2023-10-11 12:45:31,183 [INFO] PluginManage:359 - Loaded plugin pinoutandconfiguration (category:base,tabindex:1)
2023-10-11 12:45:31,183 [INFO] PluginManage:310 - Check plugin pinoutconfig
2023-10-11 12:45:31,349 [WARN] SupportedApi:132 - Cannot load RTOS API schema: s4s-elt-must-match.1: The content of 'definitions' must match (annotation?, (simpleType | complexType)?, (unique | key | keyref)*)). A problem was found starting at: attribute.
2023-10-11 12:45:31,544 [INFO] PluginManage:359 - Loaded plugin pinoutconfig (category:base,tabindex:0)
2023-10-11 12:45:31,544 [INFO] PluginManage:310 - Check plugin power
2023-10-11 12:45:31,564 [INFO] PluginManage:359 - Loaded plugin power (category:power,tabindex:4)
2023-10-11 12:45:31,564 [INFO] PluginManage:310 - Check plugin projectmanager
2023-10-11 12:45:31,579 [INFO] PluginManage:359 - Loaded plugin projectmanager (category:projectmanager,tabindex:3)
2023-10-11 12:45:31,579 [INFO] PluginManage:310 - Check plugin thirdparty
2023-10-11 12:45:31,806 [INFO] PluginManage:359 - Loaded plugin thirdparty (category:base,tabindex:-1)
2023-10-11 12:45:31,807 [INFO] PluginManage:310 - Check plugin tools
2023-10-11 12:45:31,807 [WARN] IntegrityCheckThread:84 - waiting for thirdparty lock release [integrity check]
2023-10-11 12:45:31,807 [INFO] IntegrityCheckThread:86 - entering critical section [integrity check]
2023-10-11 12:45:31,808 [INFO] ThirdPartyUpdaterWithRetryManager:70 - Updater plugin not ready yet. [1/15]
2023-10-11 12:45:31,833 [INFO] PluginManage:359 - Loaded plugin tools (category:base,tabindex:7)
2023-10-11 12:45:31,834 [INFO] PluginManage:310 - Check plugin tutovideos
2023-10-11 12:45:32,201 [INFO] PluginManage:359 - Loaded plugin tutovideos (category:base,tabindex:-1)
2023-10-11 12:45:32,201 [INFO] PluginManage:310 - Check plugin updater
2023-10-11 12:45:32,216 [INFO] PluginManage:359 - Loaded plugin updater (category:base,tabindex:12)
2023-10-11 12:45:32,216 [INFO] PluginManage:310 - Check plugin userauth
2023-10-11 12:45:32,224 [INFO] UserAuth:113 - Init User Auth plugin
2023-10-11 12:45:32,225 [INFO] PluginManage:359 - Loaded plugin userauth (category:base,tabindex:14)
2023-10-11 12:45:32,225 [INFO] PluginManage:283 - PluginManage : Loaded plugins [17]
2023-10-11 12:45:32,477 [INFO] PinOutPanel:1499 - setPackage(No Configuration,No Configuration)
2023-10-11 12:45:32,578 [INFO] CADModel:165 - CPN selected for project level
2023-10-11 12:45:32,579 [INFO] CADModel:114 - Register for checkConnection events
2023-10-11 12:45:32,610 [INFO] IPUIPlugin:80 - create IPUIPlugin
2023-10-11 12:45:32,610 [INFO] PluginManager:220 - loadIPPluginJar : add adc
