2023-09-28 08:12:21,920 [INFO] Activator:176 - 


2023-09-28 08:12:21,928 [INFO] Activator:177 - !SESSION log4j initialized
2023-09-28 08:12:26,533 [INFO] LogOutputStream:77 - [STDOUT_REDIRECT] 
2023-09-28 08:12:27,745 [INFO] ApplicationProperties:184 - Using Application install path: C:\ST\STM32CubeIDE_1.13.2\STM32CubeIDE\plugins\com.st.stm32cube.common.mx_6.9.2.202309101412
2023-09-28 08:12:27,769 [INFO] DbMcusXml:78 - Set database path to: C:\ST\STM32CubeIDE_1.13.2\STM32CubeIDE\plugins\com.st.stm32cube.common.mx_6.9.2.202309101412\\db\/mcu/
2023-09-28 08:12:27,771 [INFO] ApiDb:274 - Set plugin database path to: C:\ST\STM32CubeIDE_1.13.2\STM32CubeIDE\plugins\com.st.stm32cube.common.mx_6.9.2.202309101412\\db\/plugins/boardmanager/
2023-09-28 08:12:27,771 [WARN] ApiDb:259 - Overriding images path with different value:  => C:\ST\STM32CubeIDE_1.13.2\STM32CubeIDE\plugins\com.st.stm32cube.common.mx_6.9.2.202309101412\\db\/plugins/mcufinder/images/
2023-09-28 08:12:27,790 [INFO] ApiDb:250 - Set database path to: C:\Users\HoFong\.stmcufinder\plugins\mcufinder//mcu/
2023-09-28 08:12:27,791 [INFO] DbMcusAds:125 - Set database path to: C:\Users\HoFong\.stmcufinder\plugins\mcufinder//mcu/
2023-09-28 08:12:27,793 [INFO] CrossReferenceDbSqlite:203 - Set database path to: C:\Users\HoFong\.stmcufinder\plugins\mcufinder//mcu/cs/
2023-09-28 08:12:27,919 [INFO] RulesReader:64 - Compatibility file has been processed (293 Rules)
2023-09-28 08:12:27,996 [INFO] DbMcusXml:78 - Set database path to: C:\ST\STM32CubeIDE_1.13.2\STM32CubeIDE\plugins\com.st.stm32cube.common.mx_6.9.2.202309101412\\db\/mcu/
2023-09-28 08:12:27,996 [INFO] ApiDb:274 - Set plugin database path to: C:\ST\STM32CubeIDE_1.13.2\STM32CubeIDE\plugins\com.st.stm32cube.common.mx_6.9.2.202309101412\\db\/plugins/boardmanager/
2023-09-28 08:12:27,996 [INFO] ApiDb:261 - Set plugin images path to: C:\ST\STM32CubeIDE_1.13.2\STM32CubeIDE\plugins\com.st.stm32cube.common.mx_6.9.2.202309101412\\db\/plugins/mcufinder/images/
2023-09-28 08:12:27,996 [WARN] DbFile:41 - Overriding database path with different value: C:\Users\HoFong\.stmcufinder\plugins\mcufinder/ => C:\Users\HoFong\.stmcufinder\plugins\mcufinder
2023-09-28 08:12:27,996 [INFO] ApiDb:250 - Set database path to: C:\Users\HoFong\.stmcufinder\plugins\mcufinder//mcu/
2023-09-28 08:12:27,996 [WARN] DbFile:41 - Overriding database path with different value: C:\Users\HoFong\.stmcufinder\plugins\mcufinder/ => C:\Users\HoFong\.stmcufinder\plugins\mcufinder
2023-09-28 08:12:27,996 [INFO] DbMcusAds:125 - Set database path to: C:\Users\HoFong\.stmcufinder\plugins\mcufinder//mcu/
2023-09-28 08:12:27,996 [WARN] DbFile:41 - Overriding database path with different value: C:\Users\HoFong\.stmcufinder\plugins\mcufinder/ => C:\Users\HoFong\.stmcufinder\plugins\mcufinder
2023-09-28 08:12:27,997 [WARN] DbFile:41 - Overriding database path with different value: C:\Users\HoFong\.stmcufinder\plugins\mcufinder/ => C:\Users\HoFong\.stmcufinder\plugins\mcufinder
2023-09-28 08:12:27,997 [INFO] CrossReferenceDbSqlite:203 - Set database path to: C:\Users\HoFong\.stmcufinder\plugins\mcufinder//mcu/cs/
2023-09-28 08:12:28,061 [INFO] MainPanel:262 - HeapMemory: 268435456
2023-09-28 08:12:28,132 [INFO] DbMcusXml:78 - Set database path to: C:\ST\STM32CubeIDE_1.13.2\STM32CubeIDE\plugins\com.st.stm32cube.common.mx_6.9.2.202309101412\\db\/mcu/
2023-09-28 08:12:28,132 [INFO] ApiDb:274 - Set plugin database path to: C:\ST\STM32CubeIDE_1.13.2\STM32CubeIDE\plugins\com.st.stm32cube.common.mx_6.9.2.202309101412\\db\/plugins/boardmanager/
2023-09-28 08:12:28,133 [INFO] ApiDb:261 - Set plugin images path to: C:\ST\STM32CubeIDE_1.13.2\STM32CubeIDE\plugins\com.st.stm32cube.common.mx_6.9.2.202309101412\\db\/plugins/mcufinder/images/
2023-09-28 08:12:28,133 [WARN] DbFile:41 - Overriding database path with different value: C:\Users\HoFong\.stmcufinder\plugins\mcufinder/ => C:\Users\HoFong\.stmcufinder\plugins\mcufinder
2023-09-28 08:12:28,133 [INFO] ApiDb:250 - Set database path to: C:\Users\HoFong\.stmcufinder\plugins\mcufinder//mcu/
2023-09-28 08:12:28,133 [WARN] DbFile:41 - Overriding database path with different value: C:\Users\HoFong\.stmcufinder\plugins\mcufinder/ => C:\Users\HoFong\.stmcufinder\plugins\mcufinder
2023-09-28 08:12:28,133 [INFO] DbMcusAds:125 - Set database path to: C:\Users\HoFong\.stmcufinder\plugins\mcufinder//mcu/
2023-09-28 08:12:28,133 [WARN] DbFile:41 - Overriding database path with different value: C:\Users\HoFong\.stmcufinder\plugins\mcufinder/ => C:\Users\HoFong\.stmcufinder\plugins\mcufinder
2023-09-28 08:12:28,133 [WARN] DbFile:41 - Overriding database path with different value: C:\Users\HoFong\.stmcufinder\plugins\mcufinder/ => C:\Users\HoFong\.stmcufinder\plugins\mcufinder
2023-09-28 08:12:28,133 [INFO] CrossReferenceDbSqlite:203 - Set database path to: C:\Users\HoFong\.stmcufinder\plugins\mcufinder//mcu/cs/
2023-09-28 08:12:28,151 [INFO] ApplicationProperties:184 - Using Application install path: C:\ST\STM32CubeIDE_1.13.2\STM32CubeIDE\plugins\com.st.stm32cube.common.mx_6.9.2.202309101412
2023-09-28 08:12:28,152 [INFO] PluginManage:196 - Search for loadable plugins [exclusion list=, ]
2023-09-28 08:12:28,153 [INFO] PluginManage:310 - Check plugin analytics
2023-09-28 08:12:28,305 [INFO] AnalyticsPlugin:253 - Accepted Software Licenses: 
2023-09-28 08:12:28,306 [INFO] AnalyticsPlugin:255 - Accepted CMSIS Pack Licenses: 
2023-09-28 08:12:28,306 [INFO] AnalyticsPlugin:257 - Accepted Firmware Licenses: 
2023-09-28 08:12:28,308 [INFO] PluginManage:359 - Loaded plugin analytics (category:tool,tabindex:-1)
2023-09-28 08:12:28,308 [INFO] PluginManage:310 - Check plugin cadmodel
2023-09-28 08:12:28,322 [INFO] CADModel:105 - Init CAD model plugin
2023-09-28 08:12:28,322 [INFO] PluginManage:359 - Loaded plugin cadmodel (category:power,tabindex:5)
2023-09-28 08:12:28,322 [INFO] PluginManage:310 - Check plugin clock
2023-09-28 08:12:28,341 [INFO] PluginManage:359 - Loaded plugin clock (category:base,tabindex:2)
2023-09-28 08:12:28,342 [INFO] PluginManage:310 - Check plugin ddr
2023-09-28 08:12:28,344 [INFO] PluginManage:359 - Loaded plugin ddr (category:tool,tabindex:6)
2023-09-28 08:12:28,345 [INFO] PluginManage:310 - Check plugin filemanager
2023-09-28 08:12:28,470 [INFO] PluginManage:359 - Loaded plugin filemanager (category:base,tabindex:10)
2023-09-28 08:12:28,470 [INFO] PluginManage:310 - Check plugin ipmanager
2023-09-28 08:12:28,479 [INFO] PluginManage:359 - Loaded plugin ipmanager (category:base,tabindex:5)
2023-09-28 08:12:28,479 [INFO] PluginManage:310 - Check plugin lpbam
2023-09-28 08:12:28,498 [INFO] PluginManage:359 - Loaded plugin lpbam (category:base,tabindex:0)
2023-09-28 08:12:28,498 [INFO] PluginManage:310 - Check plugin memorymap
2023-09-28 08:12:28,518 [INFO] PluginManage:359 - Loaded plugin memorymap (category:base,tabindex:4)
2023-09-28 08:12:28,518 [INFO] PluginManage:310 - Check plugin pinoutandconfiguration
2023-09-28 08:12:28,531 [INFO] PluginManage:359 - Loaded plugin pinoutandconfiguration (category:base,tabindex:1)
2023-09-28 08:12:28,532 [INFO] PluginManage:310 - Check plugin pinoutconfig
2023-09-28 08:12:28,608 [WARN] SupportedApi:132 - Cannot load RTOS API schema: s4s-elt-must-match.1: The content of 'definitions' must match (annotation?, (simpleType | complexType)?, (unique | key | keyref)*)). A problem was found starting at: attribute.
2023-09-28 08:12:28,704 [INFO] PluginManage:359 - Loaded plugin pinoutconfig (category:base,tabindex:0)
2023-09-28 08:12:28,704 [INFO] PluginManage:310 - Check plugin power
2023-09-28 08:12:28,723 [INFO] PluginManage:359 - Loaded plugin power (category:power,tabindex:4)
2023-09-28 08:12:28,723 [INFO] PluginManage:310 - Check plugin projectmanager
2023-09-28 08:12:28,733 [INFO] PluginManage:359 - Loaded plugin projectmanager (category:projectmanager,tabindex:3)
2023-09-28 08:12:28,734 [INFO] PluginManage:310 - Check plugin thirdparty
2023-09-28 08:12:28,957 [INFO] PluginManage:359 - Loaded plugin thirdparty (category:base,tabindex:-1)
2023-09-28 08:12:28,957 [INFO] PluginManage:310 - Check plugin tools
2023-09-28 08:12:28,957 [WARN] IntegrityCheckThread:84 - waiting for thirdparty lock release [integrity check]
2023-09-28 08:12:28,957 [INFO] IntegrityCheckThread:86 - entering critical section [integrity check]
2023-09-28 08:12:28,957 [INFO] ThirdPartyUpdaterWithRetryManager:70 - Updater plugin not ready yet. [1/15]
2023-09-28 08:12:28,979 [INFO] PluginManage:359 - Loaded plugin tools (category:base,tabindex:7)
2023-09-28 08:12:28,979 [INFO] PluginManage:310 - Check plugin tutovideos
2023-09-28 08:12:29,122 [INFO] PluginManage:359 - Loaded plugin tutovideos (category:base,tabindex:-1)
2023-09-28 08:12:29,122 [INFO] PluginManage:310 - Check plugin updater
2023-09-28 08:12:29,138 [INFO] PluginManage:359 - Loaded plugin updater (category:base,tabindex:12)
2023-09-28 08:12:29,139 [INFO] PluginManage:310 - Check plugin userauth
2023-09-28 08:12:29,144 [INFO] UserAuth:113 - Init User Auth plugin
2023-09-28 08:12:29,144 [INFO] PluginManage:359 - Loaded plugin userauth (category:base,tabindex:14)
2023-09-28 08:12:29,146 [INFO] PluginManage:283 - PluginManage : Loaded plugins [17]
2023-09-28 08:12:29,340 [INFO] PinOutPanel:1499 - setPackage(No Configuration,No Configuration)
2023-09-28 08:12:29,426 [INFO] CADModel:165 - CPN selected for project level
2023-09-28 08:12:29,426 [INFO] CADModel:114 - Register for checkConnection events
2023-09-28 08:12:29,451 [INFO] IPUIPlugin:80 - create IPUIPlugin
2023-09-28 08:12:29,451 [INFO] PluginManager:220 - loadIPPluginJar : add adc
2023-09-28 08:12:29,474 [INFO] IPUIPlugin:80 - create IPUIPlugin
2023-09-28 08:12:29,474 [INFO] PluginManager:220 - loadIPPluginJar : add aes
2023-09-28 08:12:29,498 [INFO] IPUIPlugin:80 - create IPUIPlugin
2023-09-28 08:12:29,498 [INFO] PluginManager:220 - loadIPPluginJar : add can
2023-09-28 08:12:29,512 [INFO] IPUIPlugin:80 - create IPUIPlugin
2023-09-28 08:12:29,512 [INFO] PluginManager:220 - loadIPPluginJar : add comp
2023-09-28 08:12:29,534 [INFO] IPUIPlugin:80 - create IPUIPlugin
2023-09-28 08:12:29,534 [INFO] PluginManager:220 - loadIPPluginJar : add cryp
2023-09-28 08:12:29,554 [INFO] IPUIPlugin:80 - create IPUIPlugin
2023-09-28 08:12:29,554 [INFO] PluginManager:220 - loadIPPluginJar : add dfsdm
2023-09-28 08:12:29,565 [INFO] IPUIPlugin:80 - create IPUIPlugin
2023-09-28 08:12:29,565 [INFO] PluginManager:220 - loadIPPluginJar : add dma
2023-09-28 08:12:29,594 [INFO] IPUIPlugin:80 - create IPUIPlugin
2023-09-28 08:12:29,594 [INFO] PluginManager:220 - loadIPPluginJar : add dma3
2023-09-28 08:12:29,607 [INFO] IPUIPlugin:80 - create IPUIPlugin
2023-09-28 08:12:29,607 [INFO] PluginManager:220 - loadIPPluginJar : add fatfs
2023-09-28 08:12:29,633 [INFO] IPUIPlugin:80 - create IPUIPlugin
2023-09-28 08:12:29,634 [INFO] PluginManager:220 - loadIPPluginJar : add fmc
2023-09-28 08:12:29,646 [INFO] IPUIPlugin:80 - create IPUIPlugin
2023-09-28 08:12:29,646 [INFO] PluginManager:220 - loadIPPluginJar : add freertos
2023-09-28 08:12:29,661 [INFO] IPUIPlugin:80 - create IPUIPlugin
2023-09-28 08:12:29,661 [INFO] PluginManager:220 - loadIPPluginJar : add genericplugin
2023-09-28 08:12:29,747 [INFO] IPUIPlugin:80 - create IPUIPlugin
2023-09-28 08:12:29,747 [INFO] PluginManager:220 - loadIPPluginJar : add gfxmmu
2023-09-28 08:12:29,836 [INFO] IPUIPlugin:80 - create IPUIPlugin
2023-09-28 08:12:29,836 [INFO] PluginManager:220 - loadIPPluginJar : add gic
2023-09-28 08:12:29,848 [INFO] IPUIPlugin:80 - create IPUIPlugin
2023-09-28 08:12:29,849 [INFO] PluginManager:220 - loadIPPluginJar : add gpio
2023-09-28 08:12:29,916 [INFO] IPUIPlugin:80 - create IPUIPlugin
2023-09-28 08:12:29,916 [INFO] PluginManager:220 - loadIPPluginJar : add gtzc
2023-09-28 08:12:29,940 [INFO] IPUIPlugin:80 - create IPUIPlugin
2023-09-28 08:12:29,940 [INFO] PluginManager:220 - loadIPPluginJar : add hash
2023-09-28 08:12:29,973 [INFO] IPUIPlugin:80 - create IPUIPlugin
2023-09-28 08:12:29,973 [INFO] PluginManager:220 - loadIPPluginJar : add i2c
2023-09-28 08:12:29,999 [INFO] IPUIPlugin:80 - create IPUIPlugin
2023-09-28 08:12:30,000 [INFO] PluginManager:220 - loadIPPluginJar : add i2s
2023-09-28 08:12:30,025 [INFO] IPUIPlugin:80 - create IPUIPlugin
2023-09-28 08:12:30,025 [INFO] PluginManager:220 - loadIPPluginJar : add i3c
2023-09-28 08:12:30,084 [INFO] IPUIPlugin:80 - create IPUIPlugin
2023-09-28 08:12:30,084 [INFO] PluginManager:220 - loadIPPluginJar : add ipddr
2023-09-28 08:12:30,149 [INFO] IPUIPlugin:80 - create IPUIPlugin
2023-09-28 08:12:30,149 [INFO] PluginManager:220 - loadIPPluginJar : add linkedlist
2023-09-28 08:12:30,170 [INFO] IPUIPlugin:80 - create IPUIPlugin
2023-09-28 08:12:30,170 [INFO] PluginManager:220 - loadIPPluginJar : add lorawan
2023-09-28 08:12:30,193 [INFO] IPUIPlugin:80 - create IPUIPlugin
2023-09-28 08:12:30,193 [INFO] PluginManager:220 - loadIPPluginJar : add ltdc
2023-09-28 08:12:30,203 [INFO] IPUIPlugin:80 - create IPUIPlugin
2023-09-28 08:12:30,203 [INFO] PluginManager:220 - loadIPPluginJar : add mdma
2023-09-28 08:12:30,214 [INFO] IPUIPlugin:80 - create IPUIPlugin
2023-09-28 08:12:30,214 [INFO] PluginManager:220 - loadIPPluginJar : add nvic
2023-09-28 08:12:30,239 [INFO] IPUIPlugin:80 - create IPUIPlugin
2023-09-28 08:12:30,239 [INFO] PluginManager:220 - loadIPPluginJar : add opamp
2023-09-28 08:12:30,281 [INFO] IPUIPlugin:80 - create IPUIPlugin
2023-09-28 08:12:30,281 [INFO] PluginManager:220 - loadIPPluginJar : add openamp
2023-09-28 08:12:30,311 [INFO] IPUIPlugin:80 - create IPUIPlugin
2023-09-28 08:12:30,311 [INFO] PluginManager:220 - loadIPPluginJar : add pdm2pcm
2023-09-28 08:12:30,321 [INFO] IPUIPlugin:80 - create IPUIPlugin
2023-09-28 08:12:30,323 [INFO] PluginManager:220 - loadIPPluginJar : add plateformsettings
2023-09-28 08:12:30,338 [INFO] IPUIPlugin:80 - create IPUIPlugin
2023-09-28 08:12:30,338 [INFO] PluginManager:220 - loadIPPluginJar : add quadspi
2023-09-28 08:12:30,347 [INFO] IPUIPlugin:80 - create IPUIPlugin
2023-09-28 08:12:30,348 [INFO] PluginManager:220 - loadIPPluginJar : add resmgrutility
2023-09-28 08:12:30,379 [INFO] IPUIPlugin:80 - create IPUIPlugin
2023-09-28 08:12:30,379 [INFO] PluginManager:220 - loadIPPluginJar : add sai
2023-09-28 08:12:30,402 [INFO] IPUIPlugin:80 - create IPUIPlugin
2023-09-28 08:12:30,402 [INFO] PluginManager:220 - loadIPPluginJar : add spi
2023-09-28 08:12:30,443 [INFO] IPUIPlugin:80 - create IPUIPlugin
2023-09-28 08:12:30,443 [INFO] PluginManager:220 - loadIPPluginJar : add stm32_wpan
2023-09-28 08:12:30,459 [INFO] IPUIPlugin:80 - create IPUIPlugin
2023-09-28 08:12:30,460 [INFO] PluginManager:220 - loadIPPluginJar : add tim
2023-09-28 08:12:30,495 [INFO] IPUIPlugin:80 - create IPUIPlugin
2023-09-28 08:12:30,495 [INFO] PluginManager:220 - loadIPPluginJar : add touchsensing
2023-09-28 08:12:30,513 [INFO] IPUIPlugin:80 - create IPUIPlugin
2023-09-28 08:12:30,513 [INFO] PluginManager:220 - loadIPPluginJar : add tracer_emb
2023-09-28 08:12:30,528 [INFO] IPUIPlugin:80 - create IPUIPlugin
2023-09-28 08:12:30,528 [INFO] PluginManager:220 - loadIPPluginJar : add ts
2023-09-28 08:12:30,544 [INFO] IPUIPlugin:80 - create IPUIPlugin
2023-09-28 08:12:30,544 [INFO] PluginManager:220 - loadIPPluginJar : add tsc
2023-09-28 08:12:30,558 [INFO] IPUIPlugin:80 - create IPUIPlugin
2023-09-28 08:12:30,558 [INFO] PluginManager:220 - loadIPPluginJar : add ucpd
2023-09-28 08:12:30,587 [INFO] IPUIPlugin:80 - create IPUIPlugin
2023-09-28 08:12:30,587 [INFO] PluginManager:220 - loadIPPluginJar : add usart
2023-09-28 08:12:30,613 [INFO] IPUIPlugin:80 - create IPUIPlugin
2023-09-28 08:12:30,613 [INFO] PluginManager:220 - loadIPPluginJar : add usbx
2023-09-28 08:12:30,723 [INFO] CADModel:165 - CPN selected for project level
2023-09-28 08:12:30,724 [INFO] CADModel:114 - Register for checkConnection events
2023-09-28 08:12:30,724 [FATAL] Updater:308 - Updater called before beeing initialized
2023-09-28 08:12:30,725 [ERROR] CADModel:125 - Updater not yet initialized, retry later 
2023-09-28 08:12:30,858 [INFO] CADModel:165 - CPN selected for project level
2023-09-28 08:12:30,858 [INFO] CADModel:114 - Register for checkConnection events
2023-09-28 08:12:30,858 [FATAL] Updater:308 - Updater called before beeing initialized
2023-09-28 08:12:30,858 [ERROR] CADModel:125 - Updater not yet initialized, retry later 
2023-09-28 08:12:30,861 [FATAL] Updater:308 - Updater called before beeing initialized
2023-09-28 08:12:30,946 [FATAL] Updater:308 - Updater called before beeing initialized
2023-09-28 08:12:30,954 [INFO] DbMcusAds:53 - JSON generation date=Thu Sep 30 07:55:09 BST 2021 (1632984909247)
2023-09-28 08:12:30,954 [FATAL] Updater:308 - Updater called before beeing initialized
2023-09-28 08:12:31,004 [WARN] DetailPanel:346 - Failed to get advertising image, set to default
2023-09-28 08:12:31,062 [FATAL] Updater:308 - Updater called before beeing initialized
2023-09-28 08:12:31,065 [FATAL] Updater:308 - Updater called before beeing initialized
2023-09-28 08:12:31,065 [FATAL] Updater:308 - Updater called before beeing initialized
2023-09-28 08:12:31,065 [WARN] DetailPanel:346 - Failed to get advertising image, set to default
2023-09-28 08:12:31,066 [FATAL] Updater:308 - Updater called before beeing initialized
2023-09-28 08:12:31,111 [ERROR] Updater:1120 - MainUpdater not yet initialized. External WinMGr cannot be set.
2023-09-28 08:12:31,118 [INFO] Updater:1056 - Updater Version found : 6.9.2
2023-09-28 08:12:31,132 [INFO] ApplicationProperties:184 - Using Application install path: C:\ST\STM32CubeIDE_1.13.2\STM32CubeIDE\plugins\com.st.stm32cube.common.mx_6.9.2.202309101412
2023-09-28 08:12:31,258 [INFO] MainUpdater:2868 - connection check result : 10
2023-09-28 08:12:31,258 [INFO] MainUpdater:285 - Updater Check For Update Now.
2023-09-28 08:12:31,258 [INFO] MicroXplorer:498 - Change Database Version : DB.6.0.92
2023-09-28 08:12:31,297 [INFO] McuFinderGlobals:63 - Set McuFinder mode to 2 (CubeIDE integrated)
2023-09-28 08:12:31,298 [INFO] UserAuth:179 - activating auth plugin
2023-09-28 08:12:31,301 [INFO] UserAuth:393 - Internet connection configuration mode: 1
2023-09-28 08:12:31,334 [INFO] JxBrowserEngine:151 - Initiate JxBrowser Engine with user profile folder
2023-09-28 08:12:31,462 [INFO] CheckServerUpdateThread:120 - End of CheckServer Thread
2023-09-28 08:12:32,112 [WARN] PackLoader:240 - Cannot read IP mode file for STMicroelectronics.X-CUBE-SMBUS.2.1.0
2023-09-28 08:12:32,150 [WARN] PackLoader:240 - Cannot read IP mode file for STMicroelectronics.X-CUBE-AZRTOS-F7.1.1.0
2023-09-28 08:12:32,182 [WARN] PackLoader:240 - Cannot read IP mode file for STMicroelectronics.FP-SNS-MOTENV1.4.3.2
2023-09-28 08:12:32,195 [WARN] PackLoader:240 - Cannot read IP mode file for STMicroelectronics.FP-SNS-FLIGHT1.5.0.2
2023-09-28 08:12:32,211 [WARN] PackLoader:240 - Cannot read IP mode file for STMicroelectronics.X-CUBE-DISPLAY.3.0.0
2023-09-28 08:12:32,226 [WARN] PackLoader:240 - Cannot read IP mode file for STMicroelectronics.X-CUBE-BLE1.7.0.0
2023-09-28 08:12:32,238 [WARN] PackLoader:240 - Cannot read IP mode file for emotas.I-CUBE-CANOPEN.1.3.0
2023-09-28 08:12:32,249 [WARN] PackLoader:240 - Cannot read IP mode file for STMicroelectronics.X-CUBE-TOUCHGFX.4.22.0
2023-09-28 08:12:32,262 [WARN] PackLoader:240 - Cannot read IP mode file for STMicroelectronics.FP-SNS-SMARTAG2.1.2.0
2023-09-28 08:12:32,284 [INFO] LogOutputStream:77 - [STDOUT_REDIRECT] 1 : Invalid condition id : UX_CORESTACK_Condition cause : null
2023-09-28 08:12:32,285 [INFO] LogOutputStream:77 - [STDOUT_REDIRECT] 1 : Invalid condition id : UX_CORESTACK_Condition cause : null
2023-09-28 08:12:32,287 [INFO] LogOutputStream:77 - [STDOUT_REDIRECT] 1 : Invalid condition id : UX_CORESTACK_Condition cause : null
2023-09-28 08:12:32,288 [INFO] LogOutputStream:77 - [STDOUT_REDIRECT] 1 : Invalid condition id : UX_CORESTACK_Condition cause : null
2023-09-28 08:12:32,288 [INFO] LogOutputStream:77 - [STDOUT_REDIRECT] 1 : Invalid condition id : UX_CORESTACK_Condition cause : null
2023-09-28 08:12:32,290 [WARN] PackLoader:240 - Cannot read IP mode file for STMicroelectronics.X-CUBE-AZRTOS-WL.2.0.0
2023-09-28 08:12:32,304 [WARN] PackLoader:240 - Cannot read IP mode file for WES.I-CUBE-Cesium.1.3.0
2023-09-28 08:12:32,316 [WARN] PackLoader:240 - Cannot read IP mode file for STMicroelectronics.X-CUBE-BLE2.3.3.0
2023-09-28 08:12:32,326 [WARN] PackLoader:240 - Cannot read IP mode file for STMicroelectronics.X-CUBE-ALGOBUILD.1.3.0
2023-09-28 08:12:32,345 [WARN] PackLoader:240 - Cannot read IP mode file for STMicroelectronics.X-CUBE-AZRTOS-G0.1.1.0
2023-09-28 08:12:32,355 [WARN] PackLoader:240 - Cannot read IP mode file for STMicroelectronics.X-CUBE-NFC4.3.0.0
2023-09-28 08:12:32,366 [WARN] PackLoader:240 - Cannot read IP mode file for STMicroelectronics.FP-ATR-SIGFOX1.3.2.0
2023-09-28 08:12:32,394 [WARN] PackLoader:240 - Cannot read IP mode file for SEGGER.I-CUBE-embOS.1.3.1
2023-09-28 08:12:32,426 [WARN] PackLoader:240 - Cannot read IP mode file for STMicroelectronics.X-CUBE-GNSS1.6.0.0
2023-09-28 08:12:32,452 [WARN] PackLoader:240 - Cannot read IP mode file for STMicroelectronics.X-CUBE-AZRTOS-F4.1.1.0
2023-09-28 08:12:32,465 [WARN] PackLoader:240 - Cannot read IP mode file for wolfSSL.I-CUBE-wolfSSL.5.6.3
2023-09-28 08:12:32,491 [WARN] PackLoader:240 - Cannot read IP mode file for STMicroelectronics.X-CUBE-AZRTOS-L5.2.0.0
2023-09-28 08:12:32,528 [WARN] PackLoader:240 - Cannot read IP mode file for STMicroelectronics.X-CUBE-MEMS1.9.6.0
2023-09-28 08:12:32,619 [WARN] PackLoader:240 - Cannot read IP mode file for STMicroelectronics.X-CUBE-BLEMGR.2.0.0
2023-09-28 08:12:32,652 [WARN] ConditionMgr:438 - getConditionDescription Invalid condition id : UX DEVICE CLASS RTOS Condition cause : null
2023-09-28 08:12:32,652 [WARN] ConditionMgr:438 - getConditionDescription Invalid condition id : UX DEVICE CLASS RTOS Condition cause : null
2023-09-28 08:12:32,654 [WARN] PackLoader:240 - Cannot read IP mode file for STMicroelectronics.X-CUBE-AZRTOS-H7.3.1.0
2023-09-28 08:12:32,654 [WARN] ConditionMgr:1039 - genDependencies : Invalid condition id : UX DEVICE CLASS RTOS Condition cause : null
2023-09-28 08:12:32,654 [WARN] ConditionMgr:1039 - genDependencies : Invalid condition id : UX DEVICE CLASS RTOS Condition cause : null
2023-09-28 08:12:32,655 [WARN] ConditionMgr:1039 - genDependencies : Invalid condition id : UX DEVICE CLASS RTOS Condition cause : null
2023-09-28 08:12:32,655 [WARN] ConditionMgr:1039 - genDependencies : Invalid condition id : UX DEVICE CLASS RTOS Condition cause : null
2023-09-28 08:12:32,655 [WARN] ConditionMgr:1039 - genDependencies : Invalid condition id : UX DEVICE CLASS RTOS Condition cause : null
2023-09-28 08:12:32,675 [WARN] PackLoader:240 - Cannot read IP mode file for STMicroelectronics.X-CUBE-NFC7.1.0.1
2023-09-28 08:12:32,699 [WARN] PackLoader:240 - Cannot read IP mode file for STMicroelectronics.X-CUBE-NFC6.3.0.0
2023-09-28 08:12:32,723 [WARN] PackLoader:240 - Cannot read IP mode file for STMicroelectronics.X-CUBE-EEPRMA1.4.1.0
2023-09-28 08:12:32,732 [WARN] PackLoader:240 - Cannot read IP mode file for STMicroelectronics.X-CUBE-AI.8.1.0
2023-09-28 08:12:32,760 [WARN] ConditionMgr:438 - getConditionDescription Invalid condition id : LAN8742 Phy interface Condition cause : null
2023-09-28 08:12:32,760 [WARN] PackLoader:240 - Cannot read IP mode file for STMicroelectronics.X-CUBE-AZRTOS-L4.2.0.0
2023-09-28 08:12:32,761 [WARN] ConditionMgr:1039 - genDependencies : Invalid condition id : LAN8742 Phy interface Condition cause : null
2023-09-28 08:12:32,762 [WARN] ConditionMgr:1039 - genDependencies : Invalid condition id : LAN8742 Phy interface Condition cause : null
2023-09-28 08:12:32,762 [WARN] ConditionMgr:1039 - genDependencies : Invalid condition id : LAN8742 Phy interface Condition cause : null
2023-09-28 08:12:32,778 [WARN] PackLoader:240 - Cannot read IP mode file for STMicroelectronics.X-CUBE-SFXS2LP1.4.0.0
2023-09-28 08:12:32,790 [WARN] PackLoader:240 - Cannot read IP mode file for STMicroelectronics.X-CUBE-ISPU.1.1.0
2023-09-28 08:12:32,818 [WARN] ConditionMgr:438 - getConditionDescription Invalid condition id : UX DEVICE CLASS RTOS Condition cause : null
2023-09-28 08:12:32,818 [WARN] ConditionMgr:438 - getConditionDescription Invalid condition id : UX DEVICE CLASS RTOS Condition cause : null
2023-09-28 08:12:32,820 [WARN] PackLoader:240 - Cannot read IP mode file for STMicroelectronics.X-CUBE-AZRTOS-WB.2.0.0
2023-09-28 08:12:32,820 [WARN] ConditionMgr:1039 - genDependencies : Invalid condition id : UX DEVICE CLASS RTOS Condition cause : null
2023-09-28 08:12:32,820 [WARN] ConditionMgr:1039 - genDependencies : Invalid condition id : UX DEVICE CLASS RTOS Condition cause : null
2023-09-28 08:12:32,821 [WARN] ConditionMgr:1039 - genDependencies : Invalid condition id : UX DEVICE CLASS RTOS Condition cause : null
2023-09-28 08:12:32,821 [WARN] ConditionMgr:1039 - genDependencies : Invalid condition id : UX DEVICE CLASS RTOS Condition cause : null
2023-09-28 08:12:32,821 [WARN] ConditionMgr:1039 - genDependencies : Invalid condition id : UX DEVICE CLASS RTOS Condition cause : null
2023-09-28 08:12:32,843 [WARN] PackLoader:240 - Cannot read IP mode file for STMicroelectronics.X-CUBE-SUBG2.5.0.0
2023-09-28 08:12:32,876 [WARN] PackLoader:240 - Cannot read IP mode file for STMicroelectronics.X-CUBE-TOF1.3.3.1
2023-09-28 08:12:32,908 [WARN] PackLoader:240 - Cannot read IP mode file for STMicroelectronics.X-CUBE-AZRTOS-G4.2.0.0
2023-09-28 08:12:32,924 [WARN] PackLoader:240 - Cannot read IP mode file for STMicroelectronics.X-CUBE-FREERTOS.1.1.0
2023-09-28 08:12:32,938 [WARN] PackLoader:240 - Cannot read IP mode file for portGmbH.I-Cube-SoM-uGOAL.1.1.0
2023-09-28 08:12:32,949 [WARN] PackLoader:240 - Cannot read IP mode file for STMicroelectronics.X-CUBE-ALS.1.0.1
2023-09-28 08:12:32,961 [WARN] PackLoader:240 - Cannot read IP mode file for STMicroelectronics.FP-ATR-ASTRA1.2.0.0
2023-09-28 08:12:32,963 [INFO] ThirdParty:978 - Integrity check success = true
2023-09-28 08:12:32,963 [INFO] IntegrityCheckThread:100 - exiting critical section [integrity check]
2023-09-28 08:12:32,963 [INFO] IntegrityCheckThread:103 - End integrity checks thread
2023-09-28 08:12:33,357 [INFO] WebApp:157 - Instantiating new browser for Auth
2023-09-28 08:12:33,811 [INFO] WebApp:753 - Register for checkConnection events
2023-09-28 08:12:33,811 [INFO] WebApp:390 - Apply proxy settings
2023-09-28 08:12:33,811 [INFO] WebApp:475 - Chromium requires no authentication
2023-09-28 08:12:33,819 [INFO] WebApp:418 - Direct internet connection detected
2023-09-28 08:12:33,941 [INFO] WebApp:188 - Starting web application
2023-09-28 08:12:33,941 [INFO] WebApp:520 - Web application path used C:\ST\STM32CubeIDE_1.13.2\STM32CubeIDE\plugins\com.st.stm32cube.common.mx_6.9.2.202309101412\db\plugins\mcufinder\reactClient1\index.html
2023-09-28 08:12:54,722 [ERROR] LogOutputStream:75 - [STDERR_REDIRECT] SLF4J: Failed to load class "org.slf4j.impl.StaticLoggerBinder".
2023-09-28 08:12:54,722 [ERROR] LogOutputStream:75 - [STDERR_REDIRECT] SLF4J: Defaulting to no-operation (NOP) logger implementation
2023-09-28 08:12:54,723 [ERROR] LogOutputStream:75 - [STDERR_REDIRECT] SLF4J: See http://www.slf4j.org/codes.html#StaticLoggerBinder for further details.
2023-09-28 12:31:09,871 [ERROR] LogOutputStream:75 - [STDERR_REDIRECT] 
