2023-10-12 08:24:38,552 [INFO] Activator:176 - 


2023-10-12 08:24:38,557 [INFO] Activator:177 - !SESSION log4j initialized
2023-10-12 08:24:43,995 [INFO] LogOutputStream:77 - [STDOUT_REDIRECT] 
2023-10-12 08:24:45,257 [INFO] ApplicationProperties:184 - Using Application install path: C:\ST\STM32CubeIDE_1.13.2\STM32CubeIDE\plugins\com.st.stm32cube.common.mx_6.9.2.202309101412
2023-10-12 08:24:45,289 [INFO] DbMcusXml:78 - Set database path to: C:\ST\STM32CubeIDE_1.13.2\STM32CubeIDE\plugins\com.st.stm32cube.common.mx_6.9.2.202309101412\\db\/mcu/
2023-10-12 08:24:45,290 [INFO] ApiDb:274 - Set plugin database path to: C:\ST\STM32CubeIDE_1.13.2\STM32CubeIDE\plugins\com.st.stm32cube.common.mx_6.9.2.202309101412\\db\/plugins/boardmanager/
2023-10-12 08:24:45,290 [WARN] ApiDb:259 - Overriding images path with different value:  => C:\ST\STM32CubeIDE_1.13.2\STM32CubeIDE\plugins\com.st.stm32cube.common.mx_6.9.2.202309101412\\db\/plugins/mcufinder/images/
2023-10-12 08:24:45,308 [INFO] ApiDb:250 - Set database path to: C:\Users\HoFong\.stmcufinder\plugins\mcufinder//mcu/
2023-10-12 08:24:45,311 [INFO] DbMcusAds:125 - Set database path to: C:\Users\HoFong\.stmcufinder\plugins\mcufinder//mcu/
2023-10-12 08:24:45,315 [INFO] CrossReferenceDbSqlite:203 - Set database path to: C:\Users\HoFong\.stmcufinder\plugins\mcufinder//mcu/cs/
2023-10-12 08:24:45,504 [INFO] RulesReader:64 - Compatibility file has been processed (293 Rules)
2023-10-12 08:24:45,608 [INFO] DbMcusXml:78 - Set database path to: C:\ST\STM32CubeIDE_1.13.2\STM32CubeIDE\plugins\com.st.stm32cube.common.mx_6.9.2.202309101412\\db\/mcu/
2023-10-12 08:24:45,609 [INFO] ApiDb:274 - Set plugin database path to: C:\ST\STM32CubeIDE_1.13.2\STM32CubeIDE\plugins\com.st.stm32cube.common.mx_6.9.2.202309101412\\db\/plugins/boardmanager/
2023-10-12 08:24:45,609 [INFO] ApiDb:261 - Set plugin images path to: C:\ST\STM32CubeIDE_1.13.2\STM32CubeIDE\plugins\com.st.stm32cube.common.mx_6.9.2.202309101412\\db\/plugins/mcufinder/images/
2023-10-12 08:24:45,609 [WARN] DbFile:41 - Overriding database path with different value: C:\Users\HoFong\.stmcufinder\plugins\mcufinder/ => C:\Users\HoFong\.stmcufinder\plugins\mcufinder
2023-10-12 08:24:45,609 [INFO] ApiDb:250 - Set database path to: C:\Users\HoFong\.stmcufinder\plugins\mcufinder//mcu/
2023-10-12 08:24:45,609 [WARN] DbFile:41 - Overriding database path with different value: C:\Users\HoFong\.stmcufinder\plugins\mcufinder/ => C:\Users\HoFong\.stmcufinder\plugins\mcufinder
2023-10-12 08:24:45,609 [INFO] DbMcusAds:125 - Set database path to: C:\Users\HoFong\.stmcufinder\plugins\mcufinder//mcu/
2023-10-12 08:24:45,609 [WARN] DbFile:41 - Overriding database path with different value: C:\Users\HoFong\.stmcufinder\plugins\mcufinder/ => C:\Users\HoFong\.stmcufinder\plugins\mcufinder
2023-10-12 08:24:45,609 [WARN] DbFile:41 - Overriding database path with different value: C:\Users\HoFong\.stmcufinder\plugins\mcufinder/ => C:\Users\HoFong\.stmcufinder\plugins\mcufinder
2023-10-12 08:24:45,609 [INFO] CrossReferenceDbSqlite:203 - Set database path to: C:\Users\HoFong\.stmcufinder\plugins\mcufinder//mcu/cs/
2023-10-12 08:24:45,692 [INFO] MainPanel:262 - HeapMemory: 268435456
2023-10-12 08:24:45,796 [INFO] DbMcusXml:78 - Set database path to: C:\ST\STM32CubeIDE_1.13.2\STM32CubeIDE\plugins\com.st.stm32cube.common.mx_6.9.2.202309101412\\db\/mcu/
2023-10-12 08:24:45,796 [INFO] ApiDb:274 - Set plugin database path to: C:\ST\STM32CubeIDE_1.13.2\STM32CubeIDE\plugins\com.st.stm32cube.common.mx_6.9.2.202309101412\\db\/plugins/boardmanager/
2023-10-12 08:24:45,796 [INFO] ApiDb:261 - Set plugin images path to: C:\ST\STM32CubeIDE_1.13.2\STM32CubeIDE\plugins\com.st.stm32cube.common.mx_6.9.2.202309101412\\db\/plugins/mcufinder/images/
2023-10-12 08:24:45,796 [WARN] DbFile:41 - Overriding database path with different value: C:\Users\HoFong\.stmcufinder\plugins\mcufinder/ => C:\Users\HoFong\.stmcufinder\plugins\mcufinder
2023-10-12 08:24:45,797 [INFO] ApiDb:250 - Set database path to: C:\Users\HoFong\.stmcufinder\plugins\mcufinder//mcu/
2023-10-12 08:24:45,797 [WARN] DbFile:41 - Overriding database path with different value: C:\Users\HoFong\.stmcufinder\plugins\mcufinder/ => C:\Users\HoFong\.stmcufinder\plugins\mcufinder
2023-10-12 08:24:45,797 [INFO] DbMcusAds:125 - Set database path to: C:\Users\HoFong\.stmcufinder\plugins\mcufinder//mcu/
2023-10-12 08:24:45,797 [WARN] DbFile:41 - Overriding database path with different value: C:\Users\HoFong\.stmcufinder\plugins\mcufinder/ => C:\Users\HoFong\.stmcufinder\plugins\mcufinder
2023-10-12 08:24:45,797 [WARN] DbFile:41 - Overriding database path with different value: C:\Users\HoFong\.stmcufinder\plugins\mcufinder/ => C:\Users\HoFong\.stmcufinder\plugins\mcufinder
2023-10-12 08:24:45,797 [INFO] CrossReferenceDbSqlite:203 - Set database path to: C:\Users\HoFong\.stmcufinder\plugins\mcufinder//mcu/cs/
2023-10-12 08:24:45,814 [INFO] ApplicationProperties:184 - Using Application install path: C:\ST\STM32CubeIDE_1.13.2\STM32CubeIDE\plugins\com.st.stm32cube.common.mx_6.9.2.202309101412
2023-10-12 08:24:45,815 [INFO] PluginManage:196 - Search for loadable plugins [exclusion list=, ]
2023-10-12 08:24:45,817 [INFO] PluginManage:310 - Check plugin analytics
2023-10-12 08:24:46,025 [INFO] AnalyticsPlugin:253 - Accepted Software Licenses: 
2023-10-12 08:24:46,025 [INFO] AnalyticsPlugin:255 - Accepted CMSIS Pack Licenses: 
2023-10-12 08:24:46,025 [INFO] AnalyticsPlugin:257 - Accepted Firmware Licenses: FW.F7.1.17.0,FW.L4.1.18.0
2023-10-12 08:24:46,028 [INFO] PluginManage:359 - Loaded plugin analytics (category:tool,tabindex:-1)
2023-10-12 08:24:46,029 [INFO] PluginManage:310 - Check plugin cadmodel
2023-10-12 08:24:46,038 [INFO] CADModel:105 - Init CAD model plugin
2023-10-12 08:24:46,039 [INFO] PluginManage:359 - Loaded plugin cadmodel (category:power,tabindex:5)
2023-10-12 08:24:46,039 [INFO] PluginManage:310 - Check plugin clock
2023-10-12 08:24:46,061 [INFO] PluginManage:359 - Loaded plugin clock (category:base,tabindex:2)
2023-10-12 08:24:46,061 [INFO] PluginManage:310 - Check plugin ddr
2023-10-12 08:24:46,065 [INFO] PluginManage:359 - Loaded plugin ddr (category:tool,tabindex:6)
2023-10-12 08:24:46,065 [INFO] PluginManage:310 - Check plugin filemanager
2023-10-12 08:24:46,239 [INFO] PluginManage:359 - Loaded plugin filemanager (category:base,tabindex:10)
2023-10-12 08:24:46,239 [INFO] PluginManage:310 - Check plugin ipmanager
2023-10-12 08:24:46,248 [INFO] PluginManage:359 - Loaded plugin ipmanager (category:base,tabindex:5)
2023-10-12 08:24:46,248 [INFO] PluginManage:310 - Check plugin lpbam
2023-10-12 08:24:46,257 [INFO] PluginManage:359 - Loaded plugin lpbam (category:base,tabindex:0)
2023-10-12 08:24:46,258 [INFO] PluginManage:310 - Check plugin memorymap
2023-10-12 08:24:46,280 [INFO] PluginManage:359 - Loaded plugin memorymap (category:base,tabindex:4)
2023-10-12 08:24:46,281 [INFO] PluginManage:310 - Check plugin pinoutandconfiguration
2023-10-12 08:24:46,294 [INFO] PluginManage:359 - Loaded plugin pinoutandconfiguration (category:base,tabindex:1)
2023-10-12 08:24:46,294 [INFO] PluginManage:310 - Check plugin pinoutconfig
2023-10-12 08:24:46,392 [WARN] SupportedApi:132 - Cannot load RTOS API schema: s4s-elt-must-match.1: The content of 'definitions' must match (annotation?, (simpleType | complexType)?, (unique | key | keyref)*)). A problem was found starting at: attribute.
2023-10-12 08:24:46,557 [INFO] PluginManage:359 - Loaded plugin pinoutconfig (category:base,tabindex:0)
2023-10-12 08:24:46,558 [INFO] PluginManage:310 - Check plugin power
2023-10-12 08:24:46,575 [INFO] PluginManage:359 - Loaded plugin power (category:power,tabindex:4)
2023-10-12 08:24:46,575 [INFO] PluginManage:310 - Check plugin projectmanager
2023-10-12 08:24:46,592 [INFO] PluginManage:359 - Loaded plugin projectmanager (category:projectmanager,tabindex:3)
2023-10-12 08:24:46,592 [INFO] PluginManage:310 - Check plugin thirdparty
2023-10-12 08:24:46,729 [WARN] IntegrityCheckThread:84 - waiting for thirdparty lock release [integrity check]
2023-10-12 08:24:46,729 [INFO] IntegrityCheckThread:86 - entering critical section [integrity check]
2023-10-12 08:24:46,729 [INFO] PluginManage:359 - Loaded plugin thirdparty (category:base,tabindex:-1)
2023-10-12 08:24:46,730 [INFO] PluginManage:310 - Check plugin tools
2023-10-12 08:24:46,730 [INFO] ThirdPartyUpdaterWithRetryManager:70 - Updater plugin not ready yet. [1/15]
2023-10-12 08:24:46,733 [INFO] PluginManage:359 - Loaded plugin tools (category:base,tabindex:7)
2023-10-12 08:24:46,733 [INFO] PluginManage:310 - Check plugin tutovideos
2023-10-12 08:24:46,903 [INFO] PluginManage:359 - Loaded plugin tutovideos (category:base,tabindex:-1)
2023-10-12 08:24:46,903 [INFO] PluginManage:310 - Check plugin updater
2023-10-12 08:24:46,916 [INFO] PluginManage:359 - Loaded plugin updater (category:base,tabindex:12)
2023-10-12 08:24:46,916 [INFO] PluginManage:310 - Check plugin userauth
2023-10-12 08:24:46,921 [INFO] UserAuth:113 - Init User Auth plugin
2023-10-12 08:24:46,921 [INFO] PluginManage:359 - Loaded plugin userauth (category:base,tabindex:14)
2023-10-12 08:24:46,921 [INFO] PluginManage:283 - PluginManage : Loaded plugins [17]
2023-10-12 08:24:47,105 [INFO] PinOutPanel:1499 - setPackage(No Configuration,No Configuration)
2023-10-12 08:24:47,205 [INFO] CADModel:165 - CPN selected for project level
2023-10-12 08:24:47,205 [INFO] CADModel:114 - Register for checkConnection events
2023-10-12 08:24:47,222 [INFO] IPUIPlugin:80 - create IPUIPlugin
2023-10-12 08:24:47,222 [INFO] PluginManager:220 - loadIPPluginJar : add adc
2023-10-12 08:24:47,225 [INFO] IPUIPlugin:80 - create IPUIPlugin
2023-10-12 08:24:47,225 [INFO] PluginManager:220 - loadIPPluginJar : add aes
2023-10-12 08:24:47,228 [INFO] IPUIPlugin:80 - create IPUIPlugin
2023-10-12 08:24:47,228 [INFO] PluginManager:220 - loadIPPluginJar : add can
2023-10-12 08:24:47,229 [INFO] IPUIPlugin:80 - create IPUIPlugin
2023-10-12 08:24:47,230 [INFO] PluginManager:220 - loadIPPluginJar : add comp
2023-10-12 08:24:47,232 [INFO] IPUIPlugin:80 - create IPUIPlugin
2023-10-12 08:24:47,232 [INFO] PluginManager:220 - loadIPPluginJar : add cryp
2023-10-12 08:24:47,234 [INFO] IPUIPlugin:80 - create IPUIPlugin
2023-10-12 08:24:47,234 [INFO] PluginManager:220 - loadIPPluginJar : add dfsdm
2023-10-12 08:24:47,240 [INFO] IPUIPlugin:80 - create IPUIPlugin
2023-10-12 08:24:47,240 [INFO] PluginManager:220 - loadIPPluginJar : add dma
2023-10-12 08:24:47,243 [INFO] IPUIPlugin:80 - create IPUIPlugin
2023-10-12 08:24:47,243 [INFO] PluginManager:220 - loadIPPluginJar : add dma3
2023-10-12 08:24:47,244 [INFO] IPUIPlugin:80 - create IPUIPlugin
2023-10-12 08:24:47,244 [INFO] PluginManager:220 - loadIPPluginJar : add fatfs
2023-10-12 08:24:47,249 [INFO] IPUIPlugin:80 - create IPUIPlugin
2023-10-12 08:24:47,249 [INFO] PluginManager:220 - loadIPPluginJar : add fmc
2023-10-12 08:24:47,255 [INFO] IPUIPlugin:80 - create IPUIPlugin
2023-10-12 08:24:47,255 [INFO] PluginManager:220 - loadIPPluginJar : add freertos
2023-10-12 08:24:47,257 [INFO] IPUIPlugin:80 - create IPUIPlugin
2023-10-12 08:24:47,257 [INFO] PluginManager:220 - loadIPPluginJar : add genericplugin
2023-10-12 08:24:47,260 [INFO] IPUIPlugin:80 - create IPUIPlugin
2023-10-12 08:24:47,260 [INFO] PluginManager:220 - loadIPPluginJar : add gfxmmu
2023-10-12 08:24:47,265 [INFO] IPUIPlugin:80 - create IPUIPlugin
2023-10-12 08:24:47,265 [INFO] PluginManager:220 - loadIPPluginJar : add gic
2023-10-12 08:24:47,269 [INFO] IPUIPlugin:80 - create IPUIPlugin
2023-10-12 08:24:47,269 [INFO] PluginManager:220 - loadIPPluginJar : add gpio
2023-10-12 08:24:47,273 [INFO] IPUIPlugin:80 - create IPUIPlugin
2023-10-12 08:24:47,273 [INFO] PluginManager:220 - loadIPPluginJar : add gtzc
2023-10-12 08:24:47,276 [INFO] IPUIPlugin:80 - create IPUIPlugin
2023-10-12 08:24:47,276 [INFO] PluginManager:220 - loadIPPluginJar : add hash
2023-10-12 08:24:47,279 [INFO] IPUIPlugin:80 - create IPUIPlugin
2023-10-12 08:24:47,279 [INFO] PluginManager:220 - loadIPPluginJar : add i2c
2023-10-12 08:24:47,281 [INFO] IPUIPlugin:80 - create IPUIPlugin
2023-10-12 08:24:47,281 [INFO] PluginManager:220 - loadIPPluginJar : add i2s
2023-10-12 08:24:47,284 [INFO] IPUIPlugin:80 - create IPUIPlugin
2023-10-12 08:24:47,285 [INFO] PluginManager:220 - loadIPPluginJar : add i3c
2023-10-12 08:24:47,288 [INFO] IPUIPlugin:80 - create IPUIPlugin
2023-10-12 08:24:47,288 [INFO] PluginManager:220 - loadIPPluginJar : add ipddr
2023-10-12 08:24:47,296 [INFO] IPUIPlugin:80 - create IPUIPlugin
2023-10-12 08:24:47,296 [INFO] PluginManager:220 - loadIPPluginJar : add linkedlist
2023-10-12 08:24:47,299 [INFO] IPUIPlugin:80 - create IPUIPlugin
2023-10-12 08:24:47,299 [INFO] PluginManager:220 - loadIPPluginJar : add lorawan
2023-10-12 08:24:47,301 [INFO] IPUIPlugin:80 - create IPUIPlugin
2023-10-12 08:24:47,302 [INFO] PluginManager:220 - loadIPPluginJar : add ltdc
2023-10-12 08:24:47,307 [INFO] IPUIPlugin:80 - create IPUIPlugin
2023-10-12 08:24:47,307 [INFO] PluginManager:220 - loadIPPluginJar : add mdma
2023-10-12 08:24:47,312 [INFO] IPUIPlugin:80 - create IPUIPlugin
2023-10-12 08:24:47,312 [INFO] PluginManager:220 - loadIPPluginJar : add nvic
2023-10-12 08:24:47,315 [INFO] IPUIPlugin:80 - create IPUIPlugin
2023-10-12 08:24:47,315 [INFO] PluginManager:220 - loadIPPluginJar : add opamp
2023-10-12 08:24:47,318 [INFO] IPUIPlugin:80 - create IPUIPlugin
2023-10-12 08:24:47,318 [INFO] PluginManager:220 - loadIPPluginJar : add openamp
2023-10-12 08:24:47,322 [INFO] IPUIPlugin:80 - create IPUIPlugin
2023-10-12 08:24:47,322 [INFO] PluginManager:220 - loadIPPluginJar : add pdm2pcm
2023-10-12 08:24:47,330 [INFO] IPUIPlugin:80 - create IPUIPlugin
2023-10-12 08:24:47,332 [INFO] PluginManager:220 - loadIPPluginJar : add plateformsettings
2023-10-12 08:24:47,334 [INFO] IPUIPlugin:80 - create IPUIPlugin
2023-10-12 08:24:47,334 [INFO] PluginManager:220 - loadIPPluginJar : add quadspi
2023-10-12 08:24:47,337 [INFO] IPUIPlugin:80 - create IPUIPlugin
2023-10-12 08:24:47,337 [INFO] PluginManager:220 - loadIPPluginJar : add resmgrutility
2023-10-12 08:24:47,340 [INFO] IPUIPlugin:80 - create IPUIPlugin
2023-10-12 08:24:47,340 [INFO] PluginManager:220 - loadIPPluginJar : add sai
2023-10-12 08:24:47,343 [INFO] IPUIPlugin:80 - create IPUIPlugin
2023-10-12 08:24:47,343 [INFO] PluginManager:220 - loadIPPluginJar : add spi
2023-10-12 08:24:47,347 [INFO] IPUIPlugin:80 - create IPUIPlugin
2023-10-12 08:24:47,347 [INFO] PluginManager:220 - loadIPPluginJar : add stm32_wpan
2023-10-12 08:24:47,349 [INFO] IPUIPlugin:80 - create IPUIPlugin
2023-10-12 08:24:47,349 [INFO] PluginManager:220 - loadIPPluginJar : add tim
2023-10-12 08:24:47,352 [INFO] IPUIPlugin:80 - create IPUIPlugin
2023-10-12 08:24:47,352 [INFO] PluginManager:220 - loadIPPluginJar : add touchsensing
2023-10-12 08:24:47,354 [INFO] IPUIPlugin:80 - create IPUIPlugin
2023-10-12 08:24:47,354 [INFO] PluginManager:220 - loadIPPluginJar : add tracer_emb
2023-10-12 08:24:47,356 [INFO] IPUIPlugin:80 - create IPUIPlugin
2023-10-12 08:24:47,356 [INFO] PluginManager:220 - loadIPPluginJar : add ts
2023-10-12 08:24:47,358 [INFO] IPUIPlugin:80 - create IPUIPlugin
2023-10-12 08:24:47,358 [INFO] PluginManager:220 - loadIPPluginJar : add tsc
2023-10-12 08:24:47,360 [INFO] IPUIPlugin:80 - create IPUIPlugin
2023-10-12 08:24:47,360 [INFO] PluginManager:220 - loadIPPluginJar : add ucpd
2023-10-12 08:24:47,362 [INFO] IPUIPlugin:80 - create IPUIPlugin
2023-10-12 08:24:47,362 [INFO] PluginManager:220 - loadIPPluginJar : add usart
2023-10-12 08:24:47,365 [INFO] IPUIPlugin:80 - create IPUIPlugin
2023-10-12 08:24:47,365 [INFO] PluginManager:220 - loadIPPluginJar : add usbx
2023-10-12 08:24:47,484 [INFO] CADModel:165 - CPN selected for project level
2023-10-12 08:24:47,484 [INFO] CADModel:114 - Register for checkConnection events
2023-10-12 08:24:47,484 [FATAL] Updater:308 - Updater called before beeing initialized
2023-10-12 08:24:47,485 [ERROR] CADModel:125 - Updater not yet initialized, retry later 
2023-10-12 08:24:47,673 [INFO] CADModel:165 - CPN selected for project level
2023-10-12 08:24:47,674 [INFO] CADModel:114 - Register for checkConnection events
2023-10-12 08:24:47,674 [FATAL] Updater:308 - Updater called before beeing initialized
2023-10-12 08:24:47,674 [ERROR] CADModel:125 - Updater not yet initialized, retry later 
2023-10-12 08:24:47,679 [FATAL] Updater:308 - Updater called before beeing initialized
2023-10-12 08:24:47,786 [FATAL] Updater:308 - Updater called before beeing initialized
2023-10-12 08:24:47,790 [INFO] DbMcusAds:53 - JSON generation date=Tue Mar 07 08:50:55 GMT 2023 (1678179055114)
2023-10-12 08:24:47,790 [FATAL] Updater:308 - Updater called before beeing initialized
2023-10-12 08:24:47,825 [WARN] DetailPanel:346 - Failed to get advertising image, set to default
2023-10-12 08:24:47,907 [FATAL] Updater:308 - Updater called before beeing initialized
2023-10-12 08:24:47,909 [FATAL] Updater:308 - Updater called before beeing initialized
2023-10-12 08:24:47,909 [FATAL] Updater:308 - Updater called before beeing initialized
2023-10-12 08:24:47,909 [WARN] DetailPanel:346 - Failed to get advertising image, set to default
2023-10-12 08:24:47,911 [FATAL] Updater:308 - Updater called before beeing initialized
2023-10-12 08:24:47,958 [ERROR] Updater:1120 - MainUpdater not yet initialized. External WinMGr cannot be set.
2023-10-12 08:24:47,960 [INFO] Updater:1056 - Updater Version found : 6.9.2
2023-10-12 08:24:47,981 [INFO] ApplicationProperties:184 - Using Application install path: C:\ST\STM32CubeIDE_1.13.2\STM32CubeIDE\plugins\com.st.stm32cube.common.mx_6.9.2.202309101412
2023-10-12 08:24:48,154 [INFO] MainUpdater:2868 - connection check result : 10
2023-10-12 08:24:48,155 [INFO] MainUpdater:285 - Updater Check For Update Now.
2023-10-12 08:24:48,155 [INFO] MicroXplorer:498 - Change Database Version : DB.6.0.92
2023-10-12 08:24:48,165 [INFO] McuFinderGlobals:63 - Set McuFinder mode to 2 (CubeIDE integrated)
2023-10-12 08:24:48,165 [INFO] UserAuth:179 - activating auth plugin
2023-10-12 08:24:48,168 [INFO] UserAuth:393 - Internet connection configuration mode: 1
2023-10-12 08:24:48,193 [INFO] JxBrowserEngine:151 - Initiate JxBrowser Engine with user profile folder
2023-10-12 08:24:48,339 [INFO] CheckServerUpdateThread:120 - End of CheckServer Thread
2023-10-12 08:24:49,173 [INFO] WebApp:157 - Instantiating new browser for Auth
2023-10-12 08:24:49,850 [INFO] WebApp:753 - Register for checkConnection events
2023-10-12 08:24:49,850 [INFO] WebApp:390 - Apply proxy settings
2023-10-12 08:24:49,850 [INFO] WebApp:475 - Chromium requires no authentication
2023-10-12 08:24:49,861 [INFO] WebApp:418 - Direct internet connection detected
2023-10-12 08:24:49,945 [WARN] PackLoader:240 - Cannot read IP mode file for STMicroelectronics.X-CUBE-SMBUS.2.1.0
2023-10-12 08:24:49,989 [WARN] PackLoader:240 - Cannot read IP mode file for STMicroelectronics.X-CUBE-AZRTOS-F7.1.1.0
2023-10-12 08:24:50,005 [WARN] PackLoader:240 - Cannot read IP mode file for STMicroelectronics.FP-SNS-MOTENV1.4.3.2
2023-10-12 08:24:50,013 [WARN] PackLoader:240 - Cannot read IP mode file for STMicroelectronics.FP-SNS-FLIGHT1.5.0.2
2023-10-12 08:24:50,025 [WARN] PackLoader:240 - Cannot read IP mode file for STMicroelectronics.X-CUBE-DISPLAY.3.0.0
2023-10-12 08:24:50,042 [WARN] PackLoader:240 - Cannot read IP mode file for STMicroelectronics.X-CUBE-BLE1.7.0.0
2023-10-12 08:24:50,050 [WARN] PackLoader:240 - Cannot read IP mode file for emotas.I-CUBE-CANOPEN.1.3.0
2023-10-12 08:24:50,058 [WARN] PackLoader:240 - Cannot read IP mode file for STMicroelectronics.X-CUBE-TOUCHGFX.4.22.0
2023-10-12 08:24:50,063 [WARN] PackLoader:240 - Cannot read IP mode file for STMicroelectronics.X-CUBE-TOUCHGFX.4.22.1
2023-10-12 08:24:50,068 [WARN] PackLoader:240 - Cannot read IP mode file for STMicroelectronics.FP-SNS-SMARTAG2.1.2.0
2023-10-12 08:24:50,086 [INFO] LogOutputStream:77 - [STDOUT_REDIRECT] 1 : Invalid condition id : UX_CORESTACK_Condition cause : null
2023-10-12 08:24:50,088 [INFO] LogOutputStream:77 - [STDOUT_REDIRECT] 1 : Invalid condition id : UX_CORESTACK_Condition cause : null
2023-10-12 08:24:50,091 [INFO] LogOutputStream:77 - [STDOUT_REDIRECT] 1 : Invalid condition id : UX_CORESTACK_Condition cause : null
2023-10-12 08:24:50,092 [INFO] LogOutputStream:77 - [STDOUT_REDIRECT] 1 : Invalid condition id : UX_CORESTACK_Condition cause : null
2023-10-12 08:24:50,094 [INFO] LogOutputStream:77 - [STDOUT_REDIRECT] 1 : Invalid condition id : UX_CORESTACK_Condition cause : null
2023-10-12 08:24:50,098 [WARN] PackLoader:240 - Cannot read IP mode file for STMicroelectronics.X-CUBE-AZRTOS-WL.2.0.0
2023-10-12 08:24:50,113 [WARN] PackLoader:240 - Cannot read IP mode file for WES.I-CUBE-Cesium.1.3.0
2023-10-12 08:24:50,120 [WARN] PackLoader:240 - Cannot read IP mode file for STMicroelectronics.X-CUBE-BLE2.3.3.0
2023-10-12 08:24:50,130 [WARN] PackLoader:240 - Cannot read IP mode file for STMicroelectronics.X-CUBE-ALGOBUILD.1.3.0
2023-10-12 08:24:50,151 [WARN] PackLoader:240 - Cannot read IP mode file for STMicroelectronics.X-CUBE-AZRTOS-G0.1.1.0
2023-10-12 08:24:50,161 [WARN] PackLoader:240 - Cannot read IP mode file for STMicroelectronics.X-CUBE-NFC4.3.0.0
2023-10-12 08:24:50,170 [WARN] PackLoader:240 - Cannot read IP mode file for STMicroelectronics.FP-ATR-SIGFOX1.3.2.0
2023-10-12 08:24:50,211 [WARN] PackLoader:240 - Cannot read IP mode file for SEGGER.I-CUBE-embOS.1.3.1
2023-10-12 08:24:50,261 [WARN] PackLoader:240 - Cannot read IP mode file for STMicroelectronics.X-CUBE-GNSS1.6.0.0
2023-10-12 08:24:50,276 [INFO] WebApp:188 - Starting web application
2023-10-12 08:24:50,276 [INFO] WebApp:520 - Web application path used C:\ST\STM32CubeIDE_1.13.2\STM32CubeIDE\plugins\com.st.stm32cube.common.mx_6.9.2.202309101412\db\plugins\mcufinder\reactClient1\index.html
2023-10-12 08:24:50,285 [WARN] PackLoader:240 - Cannot read IP mode file for STMicroelectronics.X-CUBE-AZRTOS-F4.1.1.0
2023-10-12 08:24:50,296 [WARN] PackLoader:240 - Cannot read IP mode file for wolfSSL.I-CUBE-wolfSSL.5.6.3
2023-10-12 08:24:50,318 [WARN] PackLoader:240 - Cannot read IP mode file for STMicroelectronics.X-CUBE-AZRTOS-L5.2.0.0
2023-10-12 08:24:50,363 [WARN] PackLoader:240 - Cannot read IP mode file for STMicroelectronics.X-CUBE-MEMS1.9.6.0
2023-10-12 08:24:50,601 [WARN] PackLoader:240 - Cannot read IP mode file for ITTIA_DB.I-CUBE-ITTIADB.8.8.0
2023-10-12 08:24:50,612 [WARN] PackLoader:240 - Cannot read IP mode file for STMicroelectronics.X-CUBE-BLEMGR.2.0.0
2023-10-12 08:24:50,637 [WARN] ConditionMgr:438 - getConditionDescription Invalid condition id : UX DEVICE CLASS RTOS Condition cause : null
2023-10-12 08:24:50,637 [WARN] ConditionMgr:438 - getConditionDescription Invalid condition id : UX DEVICE CLASS RTOS Condition cause : null
2023-10-12 08:24:50,642 [WARN] PackLoader:240 - Cannot read IP mode file for STMicroelectronics.X-CUBE-AZRTOS-H7.3.1.0
2023-10-12 08:24:50,644 [WARN] ConditionMgr:1039 - genDependencies : Invalid condition id : UX DEVICE CLASS RTOS Condition cause : null
2023-10-12 08:24:50,645 [WARN] ConditionMgr:1039 - genDependencies : Invalid condition id : UX DEVICE CLASS RTOS Condition cause : null
2023-10-12 08:24:50,645 [WARN] ConditionMgr:1039 - genDependencies : Invalid condition id : UX DEVICE CLASS RTOS Condition cause : null
2023-10-12 08:24:50,646 [WARN] ConditionMgr:1039 - genDependencies : Invalid condition id : UX DEVICE CLASS RTOS Condition cause : null
2023-10-12 08:24:50,646 [WARN] ConditionMgr:1039 - genDependencies : Invalid condition id : UX DEVICE CLASS RTOS Condition cause : null
2023-10-12 08:24:50,655 [WARN] PackLoader:240 - Cannot read IP mode file for STMicroelectronics.X-CUBE-NFC7.1.0.1
2023-10-12 08:24:50,665 [WARN] PackLoader:240 - Cannot read IP mode file for STMicroelectronics.X-CUBE-NFC6.3.0.0
2023-10-12 08:24:50,671 [WARN] PackLoader:240 - Cannot read IP mode file for STMicroelectronics.X-CUBE-EEPRMA1.4.1.0
2023-10-12 08:24:50,678 [WARN] PackLoader:240 - Cannot read IP mode file for STMicroelectronics.X-CUBE-AI.8.1.0
2023-10-12 08:24:50,706 [WARN] ConditionMgr:438 - getConditionDescription Invalid condition id : LAN8742 Phy interface Condition cause : null
2023-10-12 08:24:50,708 [WARN] PackLoader:240 - Cannot read IP mode file for STMicroelectronics.X-CUBE-AZRTOS-L4.2.0.0
2023-10-12 08:24:50,709 [WARN] ConditionMgr:1039 - genDependencies : Invalid condition id : LAN8742 Phy interface Condition cause : null
2023-10-12 08:24:50,710 [WARN] ConditionMgr:1039 - genDependencies : Invalid condition id : LAN8742 Phy interface Condition cause : null
2023-10-12 08:24:50,710 [WARN] ConditionMgr:1039 - genDependencies : Invalid condition id : LAN8742 Phy interface Condition cause : null
2023-10-12 08:24:50,733 [WARN] PackLoader:240 - Cannot read IP mode file for STMicroelectronics.X-CUBE-SFXS2LP1.4.0.0
2023-10-12 08:24:50,741 [WARN] PackLoader:240 - Cannot read IP mode file for STMicroelectronics.X-CUBE-ISPU.1.1.0
2023-10-12 08:24:50,756 [WARN] ConditionMgr:438 - getConditionDescription Invalid condition id : UX DEVICE CLASS RTOS Condition cause : null
2023-10-12 08:24:50,757 [WARN] ConditionMgr:438 - getConditionDescription Invalid condition id : UX DEVICE CLASS RTOS Condition cause : null
2023-10-12 08:24:50,759 [WARN] PackLoader:240 - Cannot read IP mode file for STMicroelectronics.X-CUBE-AZRTOS-WB.2.0.0
2023-10-12 08:24:50,760 [WARN] ConditionMgr:1039 - genDependencies : Invalid condition id : UX DEVICE CLASS RTOS Condition cause : null
2023-10-12 08:24:50,760 [WARN] ConditionMgr:1039 - genDependencies : Invalid condition id : UX DEVICE CLASS RTOS Condition cause : null
2023-10-12 08:24:50,761 [WARN] ConditionMgr:1039 - genDependencies : Invalid condition id : UX DEVICE CLASS RTOS Condition cause : null
2023-10-12 08:24:50,761 [WARN] ConditionMgr:1039 - genDependencies : Invalid condition id : UX DEVICE CLASS RTOS Condition cause : null
2023-10-12 08:24:50,761 [WARN] ConditionMgr:1039 - genDependencies : Invalid condition id : UX DEVICE CLASS RTOS Condition cause : null
2023-10-12 08:24:50,774 [WARN] PackLoader:240 - Cannot read IP mode file for STMicroelectronics.X-CUBE-SUBG2.5.0.0
2023-10-12 08:24:50,787 [WARN] PackLoader:240 - Cannot read IP mode file for STMicroelectronics.X-CUBE-TOF1.3.3.1
2023-10-12 08:24:50,810 [WARN] PackLoader:240 - Cannot read IP mode file for STMicroelectronics.X-CUBE-AZRTOS-G4.2.0.0
2023-10-12 08:24:50,824 [WARN] PackLoader:240 - Cannot read IP mode file for Infineon.AIROC-Wi-Fi-Bluetooth-STM32.1.5.1
2023-10-12 08:24:50,831 [WARN] PackLoader:240 - Cannot read IP mode file for STMicroelectronics.X-CUBE-FREERTOS.1.1.0
2023-10-12 08:24:50,840 [WARN] PackLoader:240 - Cannot read IP mode file for portGmbH.I-Cube-SoM-uGOAL.1.1.0
2023-10-12 08:24:50,846 [WARN] PackLoader:240 - Cannot read IP mode file for STMicroelectronics.X-CUBE-ALS.1.0.1
2023-10-12 08:24:50,851 [WARN] PackLoader:240 - Cannot read IP mode file for STMicroelectronics.FP-ATR-ASTRA1.2.0.0
2023-10-12 08:24:50,853 [INFO] ThirdParty:978 - Integrity check success = true
2023-10-12 08:24:50,853 [INFO] IntegrityCheckThread:100 - exiting critical section [integrity check]
2023-10-12 08:24:50,853 [INFO] IntegrityCheckThread:103 - End integrity checks thread
2023-10-12 08:25:04,836 [ERROR] LogOutputStream:75 - [STDERR_REDIRECT] 
2023-10-12 08:25:11,772 [INFO] Activator:176 - 


2023-10-12 08:25:11,775 [INFO] Activator:177 - !SESSION log4j initialized
2023-10-12 08:25:16,156 [INFO] LogOutputStream:77 - [STDOUT_REDIRECT] 
2023-10-12 08:25:17,031 [INFO] ApplicationProperties:184 - Using Application install path: C:\ST\STM32CubeIDE_1.13.2\STM32CubeIDE\plugins\com.st.stm32cube.common.mx_6.9.2.202309101412
2023-10-12 08:25:17,053 [INFO] DbMcusXml:78 - Set database path to: C:\ST\STM32CubeIDE_1.13.2\STM32CubeIDE\plugins\com.st.stm32cube.common.mx_6.9.2.202309101412\\db\/mcu/
2023-10-12 08:25:17,053 [INFO] ApiDb:274 - Set plugin database path to: C:\ST\STM32CubeIDE_1.13.2\STM32CubeIDE\plugins\com.st.stm32cube.common.mx_6.9.2.202309101412\\db\/plugins/boardmanager/
2023-10-12 08:25:17,053 [WARN] ApiDb:259 - Overriding images path with different value:  => C:\ST\STM32CubeIDE_1.13.2\STM32CubeIDE\plugins\com.st.stm32cube.common.mx_6.9.2.202309101412\\db\/plugins/mcufinder/images/
2023-10-12 08:25:17,063 [INFO] ApiDb:250 - Set database path to: C:\Users\HoFong\.stmcufinder\plugins\mcufinder//mcu/
2023-10-12 08:25:17,064 [INFO] DbMcusAds:125 - Set database path to: C:\Users\HoFong\.stmcufinder\plugins\mcufinder//mcu/
2023-10-12 08:25:17,067 [INFO] CrossReferenceDbSqlite:203 - Set database path to: C:\Users\HoFong\.stmcufinder\plugins\mcufinder//mcu/cs/
2023-10-12 08:25:17,207 [INFO] RulesReader:64 - Compatibility file has been processed (293 Rules)
2023-10-12 08:25:17,298 [INFO] DbMcusXml:78 - Set database path to: C:\ST\STM32CubeIDE_1.13.2\STM32CubeIDE\plugins\com.st.stm32cube.common.mx_6.9.2.202309101412\\db\/mcu/
2023-10-12 08:25:17,299 [INFO] ApiDb:274 - Set plugin database path to: C:\ST\STM32CubeIDE_1.13.2\STM32CubeIDE\plugins\com.st.stm32cube.common.mx_6.9.2.202309101412\\db\/plugins/boardmanager/
2023-10-12 08:25:17,299 [INFO] ApiDb:261 - Set plugin images path to: C:\ST\STM32CubeIDE_1.13.2\STM32CubeIDE\plugins\com.st.stm32cube.common.mx_6.9.2.202309101412\\db\/plugins/mcufinder/images/
2023-10-12 08:25:17,299 [WARN] DbFile:41 - Overriding database path with different value: C:\Users\HoFong\.stmcufinder\plugins\mcufinder/ => C:\Users\HoFong\.stmcufinder\plugins\mcufinder
2023-10-12 08:25:17,299 [INFO] ApiDb:250 - Set database path to: C:\Users\HoFong\.stmcufinder\plugins\mcufinder//mcu/
2023-10-12 08:25:17,300 [WARN] DbFile:41 - Overriding database path with different value: C:\Users\HoFong\.stmcufinder\plugins\mcufinder/ => C:\Users\HoFong\.stmcufinder\plugins\mcufinder
2023-10-12 08:25:17,300 [INFO] DbMcusAds:125 - Set database path to: C:\Users\HoFong\.stmcufinder\plugins\mcufinder//mcu/
2023-10-12 08:25:17,300 [WARN] DbFile:41 - Overriding database path with different value: C:\Users\HoFong\.stmcufinder\plugins\mcufinder/ => C:\Users\HoFong\.stmcufinder\plugins\mcufinder
2023-10-12 08:25:17,300 [WARN] DbFile:41 - Overriding database path with different value: C:\Users\HoFong\.stmcufinder\plugins\mcufinder/ => C:\Users\HoFong\.stmcufinder\plugins\mcufinder
2023-10-12 08:25:17,300 [INFO] CrossReferenceDbSqlite:203 - Set database path to: C:\Users\HoFong\.stmcufinder\plugins\mcufinder//mcu/cs/
2023-10-12 08:25:17,362 [INFO] MainPanel:262 - HeapMemory: 268435456
2023-10-12 08:25:17,435 [INFO] DbMcusXml:78 - Set database path to: C:\ST\STM32CubeIDE_1.13.2\STM32CubeIDE\plugins\com.st.stm32cube.common.mx_6.9.2.202309101412\\db\/mcu/
2023-10-12 08:25:17,436 [INFO] ApiDb:274 - Set plugin database path to: C:\ST\STM32CubeIDE_1.13.2\STM32CubeIDE\plugins\com.st.stm32cube.common.mx_6.9.2.202309101412\\db\/plugins/boardmanager/
2023-10-12 08:25:17,436 [INFO] ApiDb:261 - Set plugin images path to: C:\ST\STM32CubeIDE_1.13.2\STM32CubeIDE\plugins\com.st.stm32cube.common.mx_6.9.2.202309101412\\db\/plugins/mcufinder/images/
2023-10-12 08:25:17,436 [WARN] DbFile:41 - Overriding database path with different value: C:\Users\HoFong\.stmcufinder\plugins\mcufinder/ => C:\Users\HoFong\.stmcufinder\plugins\mcufinder
2023-10-12 08:25:17,436 [INFO] ApiDb:250 - Set database path to: C:\Users\HoFong\.stmcufinder\plugins\mcufinder//mcu/
2023-10-12 08:25:17,436 [WARN] DbFile:41 - Overriding database path with different value: C:\Users\HoFong\.stmcufinder\plugins\mcufinder/ => C:\Users\HoFong\.stmcufinder\plugins\mcufinder
2023-10-12 08:25:17,436 [INFO] DbMcusAds:125 - Set database path to: C:\Users\HoFong\.stmcufinder\plugins\mcufinder//mcu/
2023-10-12 08:25:17,436 [WARN] DbFile:41 - Overriding database path with different value: C:\Users\HoFong\.stmcufinder\plugins\mcufinder/ => C:\Users\HoFong\.stmcufinder\plugins\mcufinder
2023-10-12 08:25:17,436 [WARN] DbFile:41 - Overriding database path with different value: C:\Users\HoFong\.stmcufinder\plugins\mcufinder/ => C:\Users\HoFong\.stmcufinder\plugins\mcufinder
2023-10-12 08:25:17,436 [INFO] CrossReferenceDbSqlite:203 - Set database path to: C:\Users\HoFong\.stmcufinder\plugins\mcufinder//mcu/cs/
2023-10-12 08:25:17,450 [INFO] ApplicationProperties:184 - Using Application install path: C:\ST\STM32CubeIDE_1.13.2\STM32CubeIDE\plugins\com.st.stm32cube.common.mx_6.9.2.202309101412
2023-10-12 08:25:17,452 [INFO] PluginManage:196 - Search for loadable plugins [exclusion list=, ]
2023-10-12 08:25:17,453 [INFO] PluginManage:310 - Check plugin analytics
2023-10-12 08:25:17,631 [INFO] AnalyticsPlugin:253 - Accepted Software Licenses: 
2023-10-12 08:25:17,631 [INFO] AnalyticsPlugin:255 - Accepted CMSIS Pack Licenses: 
2023-10-12 08:25:17,631 [INFO] AnalyticsPlugin:257 - Accepted Firmware Licenses: FW.F7.1.17.0,FW.L4.1.18.0
2023-10-12 08:25:17,636 [INFO] PluginManage:359 - Loaded plugin analytics (category:tool,tabindex:-1)
2023-10-12 08:25:17,636 [INFO] PluginManage:310 - Check plugin cadmodel
2023-10-12 08:25:17,642 [INFO] CADModel:105 - Init CAD model plugin
2023-10-12 08:25:17,643 [INFO] PluginManage:359 - Loaded plugin cadmodel (category:power,tabindex:5)
2023-10-12 08:25:17,643 [INFO] PluginManage:310 - Check plugin clock
2023-10-12 08:25:17,652 [INFO] PluginManage:359 - Loaded plugin clock (category:base,tabindex:2)
2023-10-12 08:25:17,652 [INFO] PluginManage:310 - Check plugin ddr
2023-10-12 08:25:17,654 [INFO] PluginManage:359 - Loaded plugin ddr (category:tool,tabindex:6)
2023-10-12 08:25:17,654 [INFO] PluginManage:310 - Check plugin filemanager
2023-10-12 08:25:17,816 [INFO] PluginManage:359 - Loaded plugin filemanager (category:base,tabindex:10)
2023-10-12 08:25:17,816 [INFO] PluginManage:310 - Check plugin ipmanager
2023-10-12 08:25:17,822 [INFO] PluginManage:359 - Loaded plugin ipmanager (category:base,tabindex:5)
2023-10-12 08:25:17,823 [INFO] PluginManage:310 - Check plugin lpbam
2023-10-12 08:25:17,829 [INFO] PluginManage:359 - Loaded plugin lpbam (category:base,tabindex:0)
2023-10-12 08:25:17,830 [INFO] PluginManage:310 - Check plugin memorymap
2023-10-12 08:25:17,843 [INFO] PluginManage:359 - Loaded plugin memorymap (category:base,tabindex:4)
2023-10-12 08:25:17,843 [INFO] PluginManage:310 - Check plugin pinoutandconfiguration
2023-10-12 08:25:17,848 [INFO] PluginManage:359 - Loaded plugin pinoutandconfiguration (category:base,tabindex:1)
2023-10-12 08:25:17,849 [INFO] PluginManage:310 - Check plugin pinoutconfig
2023-10-12 08:25:17,957 [WARN] SupportedApi:132 - Cannot load RTOS API schema: s4s-elt-must-match.1: The content of 'definitions' must match (annotation?, (simpleType | complexType)?, (unique | key | keyref)*)). A problem was found starting at: attribute.
2023-10-12 08:25:18,086 [INFO] PluginManage:359 - Loaded plugin pinoutconfig (category:base,tabindex:0)
2023-10-12 08:25:18,087 [INFO] PluginManage:310 - Check plugin power
2023-10-12 08:25:18,099 [INFO] PluginManage:359 - Loaded plugin power (category:power,tabindex:4)
2023-10-12 08:25:18,100 [INFO] PluginManage:310 - Check plugin projectmanager
2023-10-12 08:25:18,114 [INFO] PluginManage:359 - Loaded plugin projectmanager (category:projectmanager,tabindex:3)
2023-10-12 08:25:18,115 [INFO] PluginManage:310 - Check plugin thirdparty
2023-10-12 08:25:18,219 [INFO] PluginManage:359 - Loaded plugin thirdparty (category:base,tabindex:-1)
2023-10-12 08:25:18,219 [INFO] PluginManage:310 - Check plugin tools
2023-10-12 08:25:18,219 [WARN] IntegrityCheckThread:84 - waiting for thirdparty lock release [integrity check]
2023-10-12 08:25:18,219 [INFO] IntegrityCheckThread:86 - entering critical section [integrity check]
2023-10-12 08:25:18,220 [INFO] ThirdPartyUpdaterWithRetryManager:70 - Updater plugin not ready yet. [1/15]
2023-10-12 08:25:18,221 [INFO] PluginManage:359 - Loaded plugin tools (category:base,tabindex:7)
2023-10-12 08:25:18,221 [INFO] PluginManage:310 - Check plugin tutovideos
2023-10-12 08:25:18,378 [INFO] PluginManage:359 - Loaded plugin tutovideos (category:base,tabindex:-1)
2023-10-12 08:25:18,379 [INFO] PluginManage:310 - Check plugin updater
2023-10-12 08:25:18,403 [INFO] PluginManage:359 - Loaded plugin updater (category:base,tabindex:12)
2023-10-12 08:25:18,403 [INFO] PluginManage:310 - Check plugin userauth
2023-10-12 08:25:18,407 [INFO] UserAuth:113 - Init User Auth plugin
2023-10-12 08:25:18,407 [INFO] PluginManage:359 - Loaded plugin userauth (category:base,tabindex:14)
2023-10-12 08:25:18,408 [INFO] PluginManage:283 - PluginManage : Loaded plugins [17]
2023-10-12 08:25:18,603 [INFO] PinOutPanel:1499 - setPackage(No Configuration,No Configuration)
2023-10-12 08:25:18,695 [INFO] CADModel:165 - CPN selected for project level
2023-10-12 08:25:18,695 [INFO] CADModel:114 - Register for checkConnection events
2023-10-12 08:25:18,711 [INFO] IPUIPlugin:80 - create IPUIPlugin
2023-10-12 08:25:18,711 [INFO] PluginManager:220 - loadIPPluginJar : add adc
2023-10-12 08:25:18,713 [INFO] IPUIPlugin:80 - create IPUIPlugin
2023-10-12 08:25:18,713 [INFO] PluginManager:220 - loadIPPluginJar : add aes
2023-10-12 08:25:18,715 [INFO] IPUIPlugin:80 - create IPUIPlugin
2023-10-12 08:25:18,716 [INFO] PluginManager:220 - loadIPPluginJar : add can
2023-10-12 08:25:18,717 [INFO] IPUIPlugin:80 - create IPUIPlugin
2023-10-12 08:25:18,717 [INFO] PluginManager:220 - loadIPPluginJar : add comp
2023-10-12 08:25:18,719 [INFO] IPUIPlugin:80 - create IPUIPlugin
2023-10-12 08:25:18,720 [INFO] PluginManager:220 - loadIPPluginJar : add cryp
2023-10-12 08:25:18,721 [INFO] IPUIPlugin:80 - create IPUIPlugin
2023-10-12 08:25:18,722 [INFO] PluginManager:220 - loadIPPluginJar : add dfsdm
2023-10-12 08:25:18,726 [INFO] IPUIPlugin:80 - create IPUIPlugin
2023-10-12 08:25:18,726 [INFO] PluginManager:220 - loadIPPluginJar : add dma
2023-10-12 08:25:18,728 [INFO] IPUIPlugin:80 - create IPUIPlugin
2023-10-12 08:25:18,728 [INFO] PluginManager:220 - loadIPPluginJar : add dma3
2023-10-12 08:25:18,729 [INFO] IPUIPlugin:80 - create IPUIPlugin
2023-10-12 08:25:18,729 [INFO] PluginManager:220 - loadIPPluginJar : add fatfs
2023-10-12 08:25:18,732 [INFO] IPUIPlugin:80 - create IPUIPlugin
2023-10-12 08:25:18,732 [INFO] PluginManager:220 - loadIPPluginJar : add fmc
2023-10-12 08:25:18,736 [INFO] IPUIPlugin:80 - create IPUIPlugin
2023-10-12 08:25:18,736 [INFO] PluginManager:220 - loadIPPluginJar : add freertos
2023-10-12 08:25:18,737 [INFO] IPUIPlugin:80 - create IPUIPlugin
2023-10-12 08:25:18,738 [INFO] PluginManager:220 - loadIPPluginJar : add genericplugin
2023-10-12 08:25:18,739 [INFO] IPUIPlugin:80 - create IPUIPlugin
2023-10-12 08:25:18,739 [INFO] PluginManager:220 - loadIPPluginJar : add gfxmmu
2023-10-12 08:25:18,743 [INFO] IPUIPlugin:80 - create IPUIPlugin
2023-10-12 08:25:18,743 [INFO] PluginManager:220 - loadIPPluginJar : add gic
2023-10-12 08:25:18,746 [INFO] IPUIPlugin:80 - create IPUIPlugin
2023-10-12 08:25:18,746 [INFO] PluginManager:220 - loadIPPluginJar : add gpio
2023-10-12 08:25:18,749 [INFO] IPUIPlugin:80 - create IPUIPlugin
2023-10-12 08:25:18,749 [INFO] PluginManager:220 - loadIPPluginJar : add gtzc
2023-10-12 08:25:18,752 [INFO] IPUIPlugin:80 - create IPUIPlugin
2023-10-12 08:25:18,752 [INFO] PluginManager:220 - loadIPPluginJar : add hash
2023-10-12 08:25:18,756 [INFO] IPUIPlugin:80 - create IPUIPlugin
2023-10-12 08:25:18,756 [INFO] PluginManager:220 - loadIPPluginJar : add i2c
2023-10-12 08:25:18,759 [INFO] IPUIPlugin:80 - create IPUIPlugin
2023-10-12 08:25:18,759 [INFO] PluginManager:220 - loadIPPluginJar : add i2s
2023-10-12 08:25:18,763 [INFO] IPUIPlugin:80 - create IPUIPlugin
2023-10-12 08:25:18,763 [INFO] PluginManager:220 - loadIPPluginJar : add i3c
2023-10-12 08:25:18,766 [INFO] IPUIPlugin:80 - create IPUIPlugin
2023-10-12 08:25:18,766 [INFO] PluginManager:220 - loadIPPluginJar : add ipddr
2023-10-12 08:25:18,773 [INFO] IPUIPlugin:80 - create IPUIPlugin
2023-10-12 08:25:18,773 [INFO] PluginManager:220 - loadIPPluginJar : add linkedlist
2023-10-12 08:25:18,776 [INFO] IPUIPlugin:80 - create IPUIPlugin
2023-10-12 08:25:18,776 [INFO] PluginManager:220 - loadIPPluginJar : add lorawan
2023-10-12 08:25:18,778 [INFO] IPUIPlugin:80 - create IPUIPlugin
2023-10-12 08:25:18,779 [INFO] PluginManager:220 - loadIPPluginJar : add ltdc
2023-10-12 08:25:18,785 [INFO] IPUIPlugin:80 - create IPUIPlugin
2023-10-12 08:25:18,785 [INFO] PluginManager:220 - loadIPPluginJar : add mdma
2023-10-12 08:25:18,789 [INFO] IPUIPlugin:80 - create IPUIPlugin
2023-10-12 08:25:18,789 [INFO] PluginManager:220 - loadIPPluginJar : add nvic
2023-10-12 08:25:18,792 [INFO] IPUIPlugin:80 - create IPUIPlugin
2023-10-12 08:25:18,792 [INFO] PluginManager:220 - loadIPPluginJar : add opamp
2023-10-12 08:25:18,795 [INFO] IPUIPlugin:80 - create IPUIPlugin
2023-10-12 08:25:18,795 [INFO] PluginManager:220 - loadIPPluginJar : add openamp
2023-10-12 08:25:18,801 [INFO] IPUIPlugin:80 - create IPUIPlugin
2023-10-12 08:25:18,802 [INFO] PluginManager:220 - loadIPPluginJar : add pdm2pcm
2023-10-12 08:25:18,808 [INFO] IPUIPlugin:80 - create IPUIPlugin
2023-10-12 08:25:18,810 [INFO] PluginManager:220 - loadIPPluginJar : add plateformsettings
2023-10-12 08:25:18,812 [INFO] IPUIPlugin:80 - create IPUIPlugin
2023-10-12 08:25:18,812 [INFO] PluginManager:220 - loadIPPluginJar : add quadspi
2023-10-12 08:25:18,815 [INFO] IPUIPlugin:80 - create IPUIPlugin
2023-10-12 08:25:18,815 [INFO] PluginManager:220 - loadIPPluginJar : add resmgrutility
2023-10-12 08:25:18,817 [INFO] IPUIPlugin:80 - create IPUIPlugin
2023-10-12 08:25:18,818 [INFO] PluginManager:220 - loadIPPluginJar : add sai
2023-10-12 08:25:18,820 [INFO] IPUIPlugin:80 - create IPUIPlugin
2023-10-12 08:25:18,820 [INFO] PluginManager:220 - loadIPPluginJar : add spi
2023-10-12 08:25:18,824 [INFO] IPUIPlugin:80 - create IPUIPlugin
2023-10-12 08:25:18,824 [INFO] PluginManager:220 - loadIPPluginJar : add stm32_wpan
2023-10-12 08:25:18,826 [INFO] IPUIPlugin:80 - create IPUIPlugin
2023-10-12 08:25:18,826 [INFO] PluginManager:220 - loadIPPluginJar : add tim
2023-10-12 08:25:18,828 [INFO] IPUIPlugin:80 - create IPUIPlugin
2023-10-12 08:25:18,828 [INFO] PluginManager:220 - loadIPPluginJar : add touchsensing
2023-10-12 08:25:18,830 [INFO] IPUIPlugin:80 - create IPUIPlugin
2023-10-12 08:25:18,830 [INFO] PluginManager:220 - loadIPPluginJar : add tracer_emb
2023-10-12 08:25:18,831 [INFO] IPUIPlugin:80 - create IPUIPlugin
2023-10-12 08:25:18,831 [INFO] PluginManager:220 - loadIPPluginJar : add ts
2023-10-12 08:25:18,832 [INFO] IPUIPlugin:80 - create IPUIPlugin
2023-10-12 08:25:18,833 [INFO] PluginManager:220 - loadIPPluginJar : add tsc
2023-10-12 08:25:18,834 [INFO] IPUIPlugin:80 - create IPUIPlugin
2023-10-12 08:25:18,834 [INFO] PluginManager:220 - loadIPPluginJar : add ucpd
2023-10-12 08:25:18,837 [INFO] IPUIPlugin:80 - create IPUIPlugin
2023-10-12 08:25:18,837 [INFO] PluginManager:220 - loadIPPluginJar : add usart
2023-10-12 08:25:18,839 [INFO] IPUIPlugin:80 - create IPUIPlugin
2023-10-12 08:25:18,840 [INFO] PluginManager:220 - loadIPPluginJar : add usbx
2023-10-12 08:25:18,953 [INFO] CADModel:165 - CPN selected for project level
2023-10-12 08:25:18,953 [INFO] CADModel:114 - Register for checkConnection events
2023-10-12 08:25:18,953 [FATAL] Updater:308 - Updater called before beeing initialized
2023-10-12 08:25:18,953 [ERROR] CADModel:125 - Updater not yet initialized, retry later 
2023-10-12 08:25:19,048 [INFO] CADModel:165 - CPN selected for project level
2023-10-12 08:25:19,048 [INFO] CADModel:114 - Register for checkConnection events
2023-10-12 08:25:19,048 [FATAL] Updater:308 - Updater called before beeing initialized
2023-10-12 08:25:19,048 [ERROR] CADModel:125 - Updater not yet initialized, retry later 
2023-10-12 08:25:19,051 [FATAL] Updater:308 - Updater called before beeing initialized
2023-10-12 08:25:19,152 [FATAL] Updater:308 - Updater called before beeing initialized
2023-10-12 08:25:19,157 [INFO] DbMcusAds:53 - JSON generation date=Tue Mar 07 08:50:55 GMT 2023 (1678179055114)
2023-10-12 08:25:19,157 [FATAL] Updater:308 - Updater called before beeing initialized
2023-10-12 08:25:19,188 [WARN] DetailPanel:346 - Failed to get advertising image, set to default
2023-10-12 08:25:19,265 [FATAL] Updater:308 - Updater called before beeing initialized
2023-10-12 08:25:19,267 [FATAL] Updater:308 - Updater called before beeing initialized
2023-10-12 08:25:19,268 [FATAL] Updater:308 - Updater called before beeing initialized
2023-10-12 08:25:19,268 [WARN] DetailPanel:346 - Failed to get advertising image, set to default
2023-10-12 08:25:19,269 [FATAL] Updater:308 - Updater called before beeing initialized
2023-10-12 08:25:19,306 [ERROR] Updater:1120 - MainUpdater not yet initialized. External WinMGr cannot be set.
2023-10-12 08:25:19,308 [INFO] Updater:1056 - Updater Version found : 6.9.2
2023-10-12 08:25:19,322 [INFO] ApplicationProperties:184 - Using Application install path: C:\ST\STM32CubeIDE_1.13.2\STM32CubeIDE\plugins\com.st.stm32cube.common.mx_6.9.2.202309101412
2023-10-12 08:25:19,471 [INFO] MainUpdater:2868 - connection check result : 10
2023-10-12 08:25:19,472 [INFO] MainUpdater:285 - Updater Check For Update Now.
2023-10-12 08:25:19,472 [INFO] MicroXplorer:498 - Change Database Version : DB.6.0.92
2023-10-12 08:25:19,478 [INFO] McuFinderGlobals:63 - Set McuFinder mode to 2 (CubeIDE integrated)
2023-10-12 08:25:19,478 [INFO] UserAuth:179 - activating auth plugin
2023-10-12 08:25:19,482 [INFO] UserAuth:393 - Internet connection configuration mode: 1
2023-10-12 08:25:19,504 [INFO] JxBrowserEngine:151 - Initiate JxBrowser Engine with user profile folder
2023-10-12 08:25:19,656 [INFO] CheckServerUpdateThread:120 - End of CheckServer Thread
2023-10-12 08:25:20,067 [INFO] WebApp:157 - Instantiating new browser for Auth
2023-10-12 08:25:20,520 [INFO] WebApp:753 - Register for checkConnection events
2023-10-12 08:25:20,521 [INFO] WebApp:390 - Apply proxy settings
2023-10-12 08:25:20,521 [INFO] WebApp:475 - Chromium requires no authentication
2023-10-12 08:25:20,529 [INFO] WebApp:418 - Direct internet connection detected
2023-10-12 08:25:20,664 [INFO] WebApp:188 - Starting web application
2023-10-12 08:25:20,664 [INFO] WebApp:520 - Web application path used C:\ST\STM32CubeIDE_1.13.2\STM32CubeIDE\plugins\com.st.stm32cube.common.mx_6.9.2.202309101412\db\plugins\mcufinder\reactClient1\index.html
2023-10-12 08:25:21,335 [WARN] PackLoader:240 - Cannot read IP mode file for STMicroelectronics.X-CUBE-SMBUS.2.1.0
2023-10-12 08:25:21,365 [WARN] PackLoader:240 - Cannot read IP mode file for STMicroelectronics.X-CUBE-AZRTOS-F7.1.1.0
2023-10-12 08:25:21,373 [WARN] PackLoader:240 - Cannot read IP mode file for STMicroelectronics.FP-SNS-MOTENV1.4.3.2
2023-10-12 08:25:21,378 [WARN] PackLoader:240 - Cannot read IP mode file for STMicroelectronics.FP-SNS-FLIGHT1.5.0.2
2023-10-12 08:25:21,387 [WARN] PackLoader:240 - Cannot read IP mode file for STMicroelectronics.X-CUBE-DISPLAY.3.0.0
2023-10-12 08:25:21,402 [WARN] PackLoader:240 - Cannot read IP mode file for STMicroelectronics.X-CUBE-BLE1.7.0.0
2023-10-12 08:25:21,407 [WARN] PackLoader:240 - Cannot read IP mode file for emotas.I-CUBE-CANOPEN.1.3.0
2023-10-12 08:25:21,412 [WARN] PackLoader:240 - Cannot read IP mode file for STMicroelectronics.X-CUBE-TOUCHGFX.4.22.0
2023-10-12 08:25:21,415 [WARN] PackLoader:240 - Cannot read IP mode file for STMicroelectronics.X-CUBE-TOUCHGFX.4.22.1
2023-10-12 08:25:21,421 [WARN] PackLoader:240 - Cannot read IP mode file for STMicroelectronics.FP-SNS-SMARTAG2.1.2.0
2023-10-12 08:25:21,434 [INFO] LogOutputStream:77 - [STDOUT_REDIRECT] 1 : Invalid condition id : UX_CORESTACK_Condition cause : null
2023-10-12 08:25:21,434 [INFO] LogOutputStream:77 - [STDOUT_REDIRECT] 1 : Invalid condition id : UX_CORESTACK_Condition cause : null
2023-10-12 08:25:21,435 [INFO] LogOutputStream:77 - [STDOUT_REDIRECT] 1 : Invalid condition id : UX_CORESTACK_Condition cause : null
2023-10-12 08:25:21,435 [INFO] LogOutputStream:77 - [STDOUT_REDIRECT] 1 : Invalid condition id : UX_CORESTACK_Condition cause : null
2023-10-12 08:25:21,436 [INFO] LogOutputStream:77 - [STDOUT_REDIRECT] 1 : Invalid condition id : UX_CORESTACK_Condition cause : null
2023-10-12 08:25:21,439 [WARN] PackLoader:240 - Cannot read IP mode file for STMicroelectronics.X-CUBE-AZRTOS-WL.2.0.0
2023-10-12 08:25:21,447 [WARN] PackLoader:240 - Cannot read IP mode file for WES.I-CUBE-Cesium.1.3.0
2023-10-12 08:25:21,454 [WARN] PackLoader:240 - Cannot read IP mode file for STMicroelectronics.X-CUBE-BLE2.3.3.0
2023-10-12 08:25:21,462 [WARN] PackLoader:240 - Cannot read IP mode file for STMicroelectronics.X-CUBE-ALGOBUILD.1.3.0
2023-10-12 08:25:21,479 [WARN] PackLoader:240 - Cannot read IP mode file for STMicroelectronics.X-CUBE-AZRTOS-G0.1.1.0
2023-10-12 08:25:21,489 [WARN] PackLoader:240 - Cannot read IP mode file for STMicroelectronics.X-CUBE-NFC4.3.0.0
2023-10-12 08:25:21,493 [WARN] PackLoader:240 - Cannot read IP mode file for STMicroelectronics.FP-ATR-SIGFOX1.3.2.0
2023-10-12 08:25:21,526 [WARN] PackLoader:240 - Cannot read IP mode file for SEGGER.I-CUBE-embOS.1.3.1
2023-10-12 08:25:21,573 [WARN] PackLoader:240 - Cannot read IP mode file for STMicroelectronics.X-CUBE-GNSS1.6.0.0
2023-10-12 08:25:21,593 [WARN] PackLoader:240 - Cannot read IP mode file for STMicroelectronics.X-CUBE-AZRTOS-F4.1.1.0
2023-10-12 08:25:21,603 [WARN] PackLoader:240 - Cannot read IP mode file for wolfSSL.I-CUBE-wolfSSL.5.6.3
2023-10-12 08:25:21,625 [WARN] PackLoader:240 - Cannot read IP mode file for STMicroelectronics.X-CUBE-AZRTOS-L5.2.0.0
2023-10-12 08:25:21,671 [WARN] PackLoader:240 - Cannot read IP mode file for STMicroelectronics.X-CUBE-MEMS1.9.6.0
2023-10-12 08:25:21,880 [WARN] PackLoader:240 - Cannot read IP mode file for ITTIA_DB.I-CUBE-ITTIADB.8.8.0
2023-10-12 08:25:21,893 [WARN] PackLoader:240 - Cannot read IP mode file for STMicroelectronics.X-CUBE-BLEMGR.2.0.0
2023-10-12 08:25:21,914 [WARN] ConditionMgr:438 - getConditionDescription Invalid condition id : UX DEVICE CLASS RTOS Condition cause : null
2023-10-12 08:25:21,914 [WARN] ConditionMgr:438 - getConditionDescription Invalid condition id : UX DEVICE CLASS RTOS Condition cause : null
2023-10-12 08:25:21,918 [WARN] PackLoader:240 - Cannot read IP mode file for STMicroelectronics.X-CUBE-AZRTOS-H7.3.1.0
2023-10-12 08:25:21,920 [WARN] ConditionMgr:1039 - genDependencies : Invalid condition id : UX DEVICE CLASS RTOS Condition cause : null
2023-10-12 08:25:21,920 [WARN] ConditionMgr:1039 - genDependencies : Invalid condition id : UX DEVICE CLASS RTOS Condition cause : null
2023-10-12 08:25:21,921 [WARN] ConditionMgr:1039 - genDependencies : Invalid condition id : UX DEVICE CLASS RTOS Condition cause : null
2023-10-12 08:25:21,922 [WARN] ConditionMgr:1039 - genDependencies : Invalid condition id : UX DEVICE CLASS RTOS Condition cause : null
2023-10-12 08:25:21,922 [WARN] ConditionMgr:1039 - genDependencies : Invalid condition id : UX DEVICE CLASS RTOS Condition cause : null
2023-10-12 08:25:21,929 [WARN] PackLoader:240 - Cannot read IP mode file for STMicroelectronics.X-CUBE-NFC7.1.0.1
2023-10-12 08:25:21,934 [WARN] PackLoader:240 - Cannot read IP mode file for STMicroelectronics.X-CUBE-NFC6.3.0.0
2023-10-12 08:25:21,942 [WARN] PackLoader:240 - Cannot read IP mode file for STMicroelectronics.X-CUBE-EEPRMA1.4.1.0
2023-10-12 08:25:21,948 [WARN] PackLoader:240 - Cannot read IP mode file for STMicroelectronics.X-CUBE-AI.8.1.0
2023-10-12 08:25:21,962 [WARN] ConditionMgr:438 - getConditionDescription Invalid condition id : LAN8742 Phy interface Condition cause : null
2023-10-12 08:25:21,962 [WARN] PackLoader:240 - Cannot read IP mode file for STMicroelectronics.X-CUBE-AZRTOS-L4.2.0.0
2023-10-12 08:25:21,963 [WARN] ConditionMgr:1039 - genDependencies : Invalid condition id : LAN8742 Phy interface Condition cause : null
2023-10-12 08:25:21,963 [WARN] ConditionMgr:1039 - genDependencies : Invalid condition id : LAN8742 Phy interface Condition cause : null
2023-10-12 08:25:21,982 [WARN] ConditionMgr:1039 - genDependencies : Invalid condition id : LAN8742 Phy interface Condition cause : null
2023-10-12 08:25:21,991 [WARN] PackLoader:240 - Cannot read IP mode file for STMicroelectronics.X-CUBE-SFXS2LP1.4.0.0
2023-10-12 08:25:21,998 [WARN] PackLoader:240 - Cannot read IP mode file for STMicroelectronics.X-CUBE-ISPU.1.1.0
2023-10-12 08:25:22,005 [WARN] ConditionMgr:438 - getConditionDescription Invalid condition id : UX DEVICE CLASS RTOS Condition cause : null
2023-10-12 08:25:22,005 [WARN] ConditionMgr:438 - getConditionDescription Invalid condition id : UX DEVICE CLASS RTOS Condition cause : null
2023-10-12 08:25:22,006 [WARN] PackLoader:240 - Cannot read IP mode file for STMicroelectronics.X-CUBE-AZRTOS-WB.2.0.0
2023-10-12 08:25:22,007 [WARN] ConditionMgr:1039 - genDependencies : Invalid condition id : UX DEVICE CLASS RTOS Condition cause : null
2023-10-12 08:25:22,007 [WARN] ConditionMgr:1039 - genDependencies : Invalid condition id : UX DEVICE CLASS RTOS Condition cause : null
2023-10-12 08:25:22,007 [WARN] ConditionMgr:1039 - genDependencies : Invalid condition id : UX DEVICE CLASS RTOS Condition cause : null
2023-10-12 08:25:22,011 [WARN] ConditionMgr:1039 - genDependencies : Invalid condition id : UX DEVICE CLASS RTOS Condition cause : null
2023-10-12 08:25:22,011 [WARN] ConditionMgr:1039 - genDependencies : Invalid condition id : UX DEVICE CLASS RTOS Condition cause : null
2023-10-12 08:25:22,023 [WARN] PackLoader:240 - Cannot read IP mode file for STMicroelectronics.X-CUBE-SUBG2.5.0.0
2023-10-12 08:25:22,035 [WARN] PackLoader:240 - Cannot read IP mode file for STMicroelectronics.X-CUBE-TOF1.3.3.1
2023-10-12 08:25:22,050 [WARN] PackLoader:240 - Cannot read IP mode file for STMicroelectronics.X-CUBE-AZRTOS-G4.2.0.0
2023-10-12 08:25:22,062 [WARN] PackLoader:240 - Cannot read IP mode file for Infineon.AIROC-Wi-Fi-Bluetooth-STM32.1.5.1
2023-10-12 08:25:22,067 [WARN] PackLoader:240 - Cannot read IP mode file for STMicroelectronics.X-CUBE-FREERTOS.1.1.0
2023-10-12 08:25:22,071 [WARN] PackLoader:240 - Cannot read IP mode file for portGmbH.I-Cube-SoM-uGOAL.1.1.0
2023-10-12 08:25:22,075 [WARN] PackLoader:240 - Cannot read IP mode file for STMicroelectronics.X-CUBE-ALS.1.0.1
2023-10-12 08:25:22,078 [WARN] PackLoader:240 - Cannot read IP mode file for STMicroelectronics.FP-ATR-ASTRA1.2.0.0
2023-10-12 08:25:22,079 [INFO] ThirdParty:978 - Integrity check success = true
2023-10-12 08:25:22,079 [INFO] IntegrityCheckThread:100 - exiting critical section [integrity check]
2023-10-12 08:25:22,079 [INFO] IntegrityCheckThread:103 - End integrity checks thread
2023-10-12 08:25:41,224 [ERROR] LogOutputStream:75 - [STDERR_REDIRECT] SLF4J: Failed to load class "org.slf4j.impl.StaticLoggerBinder".
2023-10-12 08:25:41,224 [ERROR] LogOutputStream:75 - [STDERR_REDIRECT] SLF4J: Defaulting to no-operation (NOP) logger implementation
2023-10-12 08:25:41,224 [ERROR] LogOutputStream:75 - [STDERR_REDIRECT] SLF4J: See http://www.slf4j.org/codes.html#StaticLoggerBinder for further details.
2023-10-12 17:30:08,202 [ERROR] LogOutputStream:75 - [STDERR_REDIRECT] 
