2023-09-25 17:05:40,844 [INFO] Activator:176 - 


2023-09-25 17:05:40,844 [INFO] Activator:177 - !SESSION log4j initialized
2023-09-25 17:05:43,237 [INFO] LogOutputStream:77 - [STDOUT_REDIRECT] 
2023-09-25 17:05:44,751 [INFO] ApplicationProperties:184 - Using Application install path: C:\ST\STM32CubeIDE_1.13.2\STM32CubeIDE\plugins\com.st.stm32cube.common.mx_6.9.2.202309101412
2023-09-25 17:05:44,767 [INFO] DbMcusXml:78 - Set database path to: C:\ST\STM32CubeIDE_1.13.2\STM32CubeIDE\plugins\com.st.stm32cube.common.mx_6.9.2.202309101412\\db\/mcu/
2023-09-25 17:05:44,767 [INFO] ApiDb:274 - Set plugin database path to: C:\ST\STM32CubeIDE_1.13.2\STM32CubeIDE\plugins\com.st.stm32cube.common.mx_6.9.2.202309101412\\db\/plugins/boardmanager/
2023-09-25 17:05:44,768 [WARN] ApiDb:259 - Overriding images path with different value:  => C:\ST\STM32CubeIDE_1.13.2\STM32CubeIDE\plugins\com.st.stm32cube.common.mx_6.9.2.202309101412\\db\/plugins/mcufinder/images/
2023-09-25 17:05:44,775 [INFO] ApiDb:250 - Set database path to: C:\Users\HoFong\.stmcufinder\plugins\mcufinder//mcu/
2023-09-25 17:05:44,776 [INFO] DbMcusAds:125 - Set database path to: C:\Users\HoFong\.stmcufinder\plugins\mcufinder//mcu/
2023-09-25 17:05:44,778 [INFO] CrossReferenceDbSqlite:203 - Set database path to: C:\Users\HoFong\.stmcufinder\plugins\mcufinder//mcu/cs/
2023-09-25 17:05:44,869 [INFO] RulesReader:64 - Compatibility file has been processed (293 Rules)
2023-09-25 17:05:44,940 [INFO] DbMcusXml:78 - Set database path to: C:\ST\STM32CubeIDE_1.13.2\STM32CubeIDE\plugins\com.st.stm32cube.common.mx_6.9.2.202309101412\\db\/mcu/
2023-09-25 17:05:44,940 [INFO] ApiDb:274 - Set plugin database path to: C:\ST\STM32CubeIDE_1.13.2\STM32CubeIDE\plugins\com.st.stm32cube.common.mx_6.9.2.202309101412\\db\/plugins/boardmanager/
2023-09-25 17:05:44,941 [INFO] ApiDb:261 - Set plugin images path to: C:\ST\STM32CubeIDE_1.13.2\STM32CubeIDE\plugins\com.st.stm32cube.common.mx_6.9.2.202309101412\\db\/plugins/mcufinder/images/
2023-09-25 17:05:44,941 [WARN] DbFile:41 - Overriding database path with different value: C:\Users\HoFong\.stmcufinder\plugins\mcufinder/ => C:\Users\HoFong\.stmcufinder\plugins\mcufinder
2023-09-25 17:05:44,941 [INFO] ApiDb:250 - Set database path to: C:\Users\HoFong\.stmcufinder\plugins\mcufinder//mcu/
2023-09-25 17:05:44,941 [WARN] DbFile:41 - Overriding database path with different value: C:\Users\HoFong\.stmcufinder\plugins\mcufinder/ => C:\Users\HoFong\.stmcufinder\plugins\mcufinder
2023-09-25 17:05:44,941 [INFO] DbMcusAds:125 - Set database path to: C:\Users\HoFong\.stmcufinder\plugins\mcufinder//mcu/
2023-09-25 17:05:44,941 [WARN] DbFile:41 - Overriding database path with different value: C:\Users\HoFong\.stmcufinder\plugins\mcufinder/ => C:\Users\HoFong\.stmcufinder\plugins\mcufinder
2023-09-25 17:05:44,941 [WARN] DbFile:41 - Overriding database path with different value: C:\Users\HoFong\.stmcufinder\plugins\mcufinder/ => C:\Users\HoFong\.stmcufinder\plugins\mcufinder
2023-09-25 17:05:44,941 [INFO] CrossReferenceDbSqlite:203 - Set database path to: C:\Users\HoFong\.stmcufinder\plugins\mcufinder//mcu/cs/
2023-09-25 17:05:45,008 [INFO] MainPanel:262 - HeapMemory: 268435456
2023-09-25 17:05:45,092 [INFO] DbMcusXml:78 - Set database path to: C:\ST\STM32CubeIDE_1.13.2\STM32CubeIDE\plugins\com.st.stm32cube.common.mx_6.9.2.202309101412\\db\/mcu/
2023-09-25 17:05:45,092 [INFO] ApiDb:274 - Set plugin database path to: C:\ST\STM32CubeIDE_1.13.2\STM32CubeIDE\plugins\com.st.stm32cube.common.mx_6.9.2.202309101412\\db\/plugins/boardmanager/
2023-09-25 17:05:45,092 [INFO] ApiDb:261 - Set plugin images path to: C:\ST\STM32CubeIDE_1.13.2\STM32CubeIDE\plugins\com.st.stm32cube.common.mx_6.9.2.202309101412\\db\/plugins/mcufinder/images/
2023-09-25 17:05:45,093 [WARN] DbFile:41 - Overriding database path with different value: C:\Users\HoFong\.stmcufinder\plugins\mcufinder/ => C:\Users\HoFong\.stmcufinder\plugins\mcufinder
2023-09-25 17:05:45,093 [INFO] ApiDb:250 - Set database path to: C:\Users\HoFong\.stmcufinder\plugins\mcufinder//mcu/
2023-09-25 17:05:45,093 [WARN] DbFile:41 - Overriding database path with different value: C:\Users\HoFong\.stmcufinder\plugins\mcufinder/ => C:\Users\HoFong\.stmcufinder\plugins\mcufinder
2023-09-25 17:05:45,093 [INFO] DbMcusAds:125 - Set database path to: C:\Users\HoFong\.stmcufinder\plugins\mcufinder//mcu/
2023-09-25 17:05:45,093 [WARN] DbFile:41 - Overriding database path with different value: C:\Users\HoFong\.stmcufinder\plugins\mcufinder/ => C:\Users\HoFong\.stmcufinder\plugins\mcufinder
2023-09-25 17:05:45,093 [WARN] DbFile:41 - Overriding database path with different value: C:\Users\HoFong\.stmcufinder\plugins\mcufinder/ => C:\Users\HoFong\.stmcufinder\plugins\mcufinder
2023-09-25 17:05:45,093 [INFO] CrossReferenceDbSqlite:203 - Set database path to: C:\Users\HoFong\.stmcufinder\plugins\mcufinder//mcu/cs/
2023-09-25 17:05:45,106 [INFO] ApplicationProperties:184 - Using Application install path: C:\ST\STM32CubeIDE_1.13.2\STM32CubeIDE\plugins\com.st.stm32cube.common.mx_6.9.2.202309101412
2023-09-25 17:05:45,107 [INFO] PluginManage:196 - Search for loadable plugins [exclusion list=, ]
2023-09-25 17:05:45,108 [INFO] PluginManage:310 - Check plugin analytics
2023-09-25 17:05:45,250 [INFO] AnalyticsPlugin:253 - Accepted Software Licenses: 
2023-09-25 17:05:45,250 [INFO] AnalyticsPlugin:255 - Accepted CMSIS Pack Licenses: 
2023-09-25 17:05:45,250 [INFO] AnalyticsPlugin:257 - Accepted Firmware Licenses: 
2023-09-25 17:05:45,253 [INFO] PluginManage:359 - Loaded plugin analytics (category:tool,tabindex:-1)
2023-09-25 17:05:45,254 [INFO] PluginManage:310 - Check plugin cadmodel
2023-09-25 17:05:45,267 [INFO] CADModel:105 - Init CAD model plugin
2023-09-25 17:05:45,267 [INFO] PluginManage:359 - Loaded plugin cadmodel (category:power,tabindex:5)
2023-09-25 17:05:45,268 [INFO] PluginManage:310 - Check plugin clock
2023-09-25 17:05:45,288 [INFO] PluginManage:359 - Loaded plugin clock (category:base,tabindex:2)
2023-09-25 17:05:45,288 [INFO] PluginManage:310 - Check plugin ddr
2023-09-25 17:05:45,292 [INFO] PluginManage:359 - Loaded plugin ddr (category:tool,tabindex:6)
2023-09-25 17:05:45,292 [INFO] PluginManage:310 - Check plugin filemanager
2023-09-25 17:05:45,419 [INFO] PluginManage:359 - Loaded plugin filemanager (category:base,tabindex:10)
2023-09-25 17:05:45,419 [INFO] PluginManage:310 - Check plugin ipmanager
2023-09-25 17:05:45,425 [INFO] PluginManage:359 - Loaded plugin ipmanager (category:base,tabindex:5)
2023-09-25 17:05:45,426 [INFO] PluginManage:310 - Check plugin lpbam
2023-09-25 17:05:45,438 [INFO] PluginManage:359 - Loaded plugin lpbam (category:base,tabindex:0)
2023-09-25 17:05:45,438 [INFO] PluginManage:310 - Check plugin memorymap
2023-09-25 17:05:45,455 [INFO] PluginManage:359 - Loaded plugin memorymap (category:base,tabindex:4)
2023-09-25 17:05:45,456 [INFO] PluginManage:310 - Check plugin pinoutandconfiguration
2023-09-25 17:05:45,466 [INFO] PluginManage:359 - Loaded plugin pinoutandconfiguration (category:base,tabindex:1)
2023-09-25 17:05:45,466 [INFO] PluginManage:310 - Check plugin pinoutconfig
2023-09-25 17:05:45,583 [WARN] SupportedApi:132 - Cannot load RTOS API schema: s4s-elt-must-match.1: The content of 'definitions' must match (annotation?, (simpleType | complexType)?, (unique | key | keyref)*)). A problem was found starting at: attribute.
2023-09-25 17:05:45,686 [INFO] PluginManage:359 - Loaded plugin pinoutconfig (category:base,tabindex:0)
2023-09-25 17:05:45,686 [INFO] PluginManage:310 - Check plugin power
2023-09-25 17:05:45,696 [INFO] PluginManage:359 - Loaded plugin power (category:power,tabindex:4)
2023-09-25 17:05:45,697 [INFO] PluginManage:310 - Check plugin projectmanager
2023-09-25 17:05:45,706 [INFO] PluginManage:359 - Loaded plugin projectmanager (category:projectmanager,tabindex:3)
2023-09-25 17:05:45,706 [INFO] PluginManage:310 - Check plugin thirdparty
2023-09-25 17:05:45,895 [INFO] PluginManage:359 - Loaded plugin thirdparty (category:base,tabindex:-1)
2023-09-25 17:05:45,895 [INFO] PluginManage:310 - Check plugin tools
2023-09-25 17:05:45,895 [WARN] IntegrityCheckThread:84 - waiting for thirdparty lock release [integrity check]
2023-09-25 17:05:45,896 [INFO] IntegrityCheckThread:86 - entering critical section [integrity check]
2023-09-25 17:05:45,896 [INFO] ThirdPartyUpdaterWithRetryManager:70 - Updater plugin not ready yet. [1/15]
2023-09-25 17:05:45,917 [INFO] PluginManage:359 - Loaded plugin tools (category:base,tabindex:7)
2023-09-25 17:05:45,917 [INFO] PluginManage:310 - Check plugin tutovideos
2023-09-25 17:05:46,057 [INFO] PluginManage:359 - Loaded plugin tutovideos (category:base,tabindex:-1)
2023-09-25 17:05:46,058 [INFO] PluginManage:310 - Check plugin updater
2023-09-25 17:05:46,067 [INFO] PluginManage:359 - Loaded plugin updater (category:base,tabindex:12)
2023-09-25 17:05:46,067 [INFO] PluginManage:310 - Check plugin userauth
2023-09-25 17:05:46,071 [INFO] UserAuth:113 - Init User Auth plugin
2023-09-25 17:05:46,072 [INFO] PluginManage:359 - Loaded plugin userauth (category:base,tabindex:14)
2023-09-25 17:05:46,072 [INFO] PluginManage:283 - PluginManage : Loaded plugins [17]
2023-09-25 17:05:46,228 [INFO] PinOutPanel:1499 - setPackage(No Configuration,No Configuration)
2023-09-25 17:05:46,308 [INFO] CADModel:165 - CPN selected for project level
2023-09-25 17:05:46,309 [INFO] CADModel:114 - Register for checkConnection events
2023-09-25 17:05:46,330 [INFO] IPUIPlugin:80 - create IPUIPlugin
2023-09-25 17:05:46,331 [INFO] PluginManager:220 - loadIPPluginJar : add adc
2023-09-25 17:05:46,352 [INFO] IPUIPlugin:80 - create IPUIPlugin
2023-09-25 17:05:46,352 [INFO] PluginManager:220 - loadIPPluginJar : add aes
2023-09-25 17:05:46,376 [INFO] IPUIPlugin:80 - create IPUIPlugin
2023-09-25 17:05:46,376 [INFO] PluginManager:220 - loadIPPluginJar : add can
2023-09-25 17:05:46,390 [INFO] IPUIPlugin:80 - create IPUIPlugin
2023-09-25 17:05:46,391 [INFO] PluginManager:220 - loadIPPluginJar : add comp
2023-09-25 17:05:46,441 [INFO] IPUIPlugin:80 - create IPUIPlugin
2023-09-25 17:05:46,441 [INFO] PluginManager:220 - loadIPPluginJar : add cryp
2023-09-25 17:05:46,462 [INFO] IPUIPlugin:80 - create IPUIPlugin
2023-09-25 17:05:46,462 [INFO] PluginManager:220 - loadIPPluginJar : add dfsdm
2023-09-25 17:05:46,471 [INFO] IPUIPlugin:80 - create IPUIPlugin
2023-09-25 17:05:46,472 [INFO] PluginManager:220 - loadIPPluginJar : add dma
2023-09-25 17:05:46,499 [INFO] IPUIPlugin:80 - create IPUIPlugin
2023-09-25 17:05:46,499 [INFO] PluginManager:220 - loadIPPluginJar : add dma3
2023-09-25 17:05:46,512 [INFO] IPUIPlugin:80 - create IPUIPlugin
2023-09-25 17:05:46,512 [INFO] PluginManager:220 - loadIPPluginJar : add fatfs
2023-09-25 17:05:46,543 [INFO] IPUIPlugin:80 - create IPUIPlugin
2023-09-25 17:05:46,543 [INFO] PluginManager:220 - loadIPPluginJar : add fmc
2023-09-25 17:05:46,565 [INFO] IPUIPlugin:80 - create IPUIPlugin
2023-09-25 17:05:46,565 [INFO] PluginManager:220 - loadIPPluginJar : add freertos
2023-09-25 17:05:46,581 [INFO] IPUIPlugin:80 - create IPUIPlugin
2023-09-25 17:05:46,581 [INFO] PluginManager:220 - loadIPPluginJar : add genericplugin
2023-09-25 17:05:46,636 [INFO] IPUIPlugin:80 - create IPUIPlugin
2023-09-25 17:05:46,636 [INFO] PluginManager:220 - loadIPPluginJar : add gfxmmu
2023-09-25 17:05:46,718 [INFO] IPUIPlugin:80 - create IPUIPlugin
2023-09-25 17:05:46,719 [INFO] PluginManager:220 - loadIPPluginJar : add gic
2023-09-25 17:05:46,728 [INFO] IPUIPlugin:80 - create IPUIPlugin
2023-09-25 17:05:46,728 [INFO] PluginManager:220 - loadIPPluginJar : add gpio
2023-09-25 17:05:46,791 [INFO] IPUIPlugin:80 - create IPUIPlugin
2023-09-25 17:05:46,791 [INFO] PluginManager:220 - loadIPPluginJar : add gtzc
2023-09-25 17:05:46,813 [INFO] IPUIPlugin:80 - create IPUIPlugin
2023-09-25 17:05:46,813 [INFO] PluginManager:220 - loadIPPluginJar : add hash
2023-09-25 17:05:46,862 [INFO] IPUIPlugin:80 - create IPUIPlugin
2023-09-25 17:05:46,863 [INFO] PluginManager:220 - loadIPPluginJar : add i2c
2023-09-25 17:05:46,893 [INFO] IPUIPlugin:80 - create IPUIPlugin
2023-09-25 17:05:46,893 [INFO] PluginManager:220 - loadIPPluginJar : add i2s
2023-09-25 17:05:46,924 [INFO] IPUIPlugin:80 - create IPUIPlugin
2023-09-25 17:05:46,925 [INFO] PluginManager:220 - loadIPPluginJar : add i3c
2023-09-25 17:05:47,014 [INFO] IPUIPlugin:80 - create IPUIPlugin
2023-09-25 17:05:47,015 [INFO] PluginManager:220 - loadIPPluginJar : add ipddr
2023-09-25 17:05:47,142 [INFO] IPUIPlugin:80 - create IPUIPlugin
2023-09-25 17:05:47,142 [INFO] PluginManager:220 - loadIPPluginJar : add linkedlist
2023-09-25 17:05:47,187 [INFO] IPUIPlugin:80 - create IPUIPlugin
2023-09-25 17:05:47,188 [INFO] PluginManager:220 - loadIPPluginJar : add lorawan
2023-09-25 17:05:47,216 [INFO] IPUIPlugin:80 - create IPUIPlugin
2023-09-25 17:05:47,216 [INFO] PluginManager:220 - loadIPPluginJar : add ltdc
2023-09-25 17:05:47,226 [INFO] IPUIPlugin:80 - create IPUIPlugin
2023-09-25 17:05:47,226 [INFO] PluginManager:220 - loadIPPluginJar : add mdma
2023-09-25 17:05:47,235 [INFO] IPUIPlugin:80 - create IPUIPlugin
2023-09-25 17:05:47,236 [INFO] PluginManager:220 - loadIPPluginJar : add nvic
2023-09-25 17:05:47,260 [INFO] IPUIPlugin:80 - create IPUIPlugin
2023-09-25 17:05:47,260 [INFO] PluginManager:220 - loadIPPluginJar : add opamp
2023-09-25 17:05:47,304 [INFO] IPUIPlugin:80 - create IPUIPlugin
2023-09-25 17:05:47,304 [INFO] PluginManager:220 - loadIPPluginJar : add openamp
2023-09-25 17:05:47,334 [INFO] IPUIPlugin:80 - create IPUIPlugin
2023-09-25 17:05:47,335 [INFO] PluginManager:220 - loadIPPluginJar : add pdm2pcm
2023-09-25 17:05:47,346 [INFO] IPUIPlugin:80 - create IPUIPlugin
2023-09-25 17:05:47,348 [INFO] PluginManager:220 - loadIPPluginJar : add plateformsettings
2023-09-25 17:05:47,364 [INFO] IPUIPlugin:80 - create IPUIPlugin
2023-09-25 17:05:47,364 [INFO] PluginManager:220 - loadIPPluginJar : add quadspi
2023-09-25 17:05:47,371 [INFO] IPUIPlugin:80 - create IPUIPlugin
2023-09-25 17:05:47,371 [INFO] PluginManager:220 - loadIPPluginJar : add resmgrutility
2023-09-25 17:05:47,404 [INFO] IPUIPlugin:80 - create IPUIPlugin
2023-09-25 17:05:47,404 [INFO] PluginManager:220 - loadIPPluginJar : add sai
2023-09-25 17:05:47,432 [INFO] IPUIPlugin:80 - create IPUIPlugin
2023-09-25 17:05:47,432 [INFO] PluginManager:220 - loadIPPluginJar : add spi
2023-09-25 17:05:47,471 [INFO] IPUIPlugin:80 - create IPUIPlugin
2023-09-25 17:05:47,471 [INFO] PluginManager:220 - loadIPPluginJar : add stm32_wpan
2023-09-25 17:05:47,488 [INFO] IPUIPlugin:80 - create IPUIPlugin
2023-09-25 17:05:47,488 [INFO] PluginManager:220 - loadIPPluginJar : add tim
2023-09-25 17:05:47,525 [INFO] IPUIPlugin:80 - create IPUIPlugin
2023-09-25 17:05:47,525 [INFO] PluginManager:220 - loadIPPluginJar : add touchsensing
2023-09-25 17:05:47,542 [INFO] IPUIPlugin:80 - create IPUIPlugin
2023-09-25 17:05:47,542 [INFO] PluginManager:220 - loadIPPluginJar : add tracer_emb
2023-09-25 17:05:47,557 [INFO] IPUIPlugin:80 - create IPUIPlugin
2023-09-25 17:05:47,557 [INFO] PluginManager:220 - loadIPPluginJar : add ts
2023-09-25 17:05:47,573 [INFO] IPUIPlugin:80 - create IPUIPlugin
2023-09-25 17:05:47,574 [INFO] PluginManager:220 - loadIPPluginJar : add tsc
2023-09-25 17:05:47,591 [INFO] IPUIPlugin:80 - create IPUIPlugin
2023-09-25 17:05:47,591 [INFO] PluginManager:220 - loadIPPluginJar : add ucpd
2023-09-25 17:05:47,621 [INFO] IPUIPlugin:80 - create IPUIPlugin
2023-09-25 17:05:47,621 [INFO] PluginManager:220 - loadIPPluginJar : add usart
2023-09-25 17:05:47,650 [INFO] IPUIPlugin:80 - create IPUIPlugin
2023-09-25 17:05:47,650 [INFO] PluginManager:220 - loadIPPluginJar : add usbx
2023-09-25 17:05:47,775 [INFO] CADModel:165 - CPN selected for project level
2023-09-25 17:05:47,775 [INFO] CADModel:114 - Register for checkConnection events
2023-09-25 17:05:47,775 [FATAL] Updater:308 - Updater called before beeing initialized
2023-09-25 17:05:47,775 [ERROR] CADModel:125 - Updater not yet initialized, retry later 
2023-09-25 17:05:47,884 [INFO] CADModel:165 - CPN selected for project level
2023-09-25 17:05:47,884 [INFO] CADModel:114 - Register for checkConnection events
2023-09-25 17:05:47,884 [FATAL] Updater:308 - Updater called before beeing initialized
2023-09-25 17:05:47,884 [ERROR] CADModel:125 - Updater not yet initialized, retry later 
2023-09-25 17:05:47,887 [FATAL] Updater:308 - Updater called before beeing initialized
2023-09-25 17:05:47,963 [FATAL] Updater:308 - Updater called before beeing initialized
2023-09-25 17:05:47,974 [INFO] DbMcusAds:53 - JSON generation date=Thu Sep 30 07:55:09 BST 2021 (1632984909247)
2023-09-25 17:05:47,974 [FATAL] Updater:308 - Updater called before beeing initialized
2023-09-25 17:05:48,028 [WARN] DetailPanel:346 - Failed to get advertising image, set to default
2023-09-25 17:05:48,091 [FATAL] Updater:308 - Updater called before beeing initialized
2023-09-25 17:05:48,094 [FATAL] Updater:308 - Updater called before beeing initialized
2023-09-25 17:05:48,094 [FATAL] Updater:308 - Updater called before beeing initialized
2023-09-25 17:05:48,095 [WARN] DetailPanel:346 - Failed to get advertising image, set to default
2023-09-25 17:05:48,095 [FATAL] Updater:308 - Updater called before beeing initialized
2023-09-25 17:05:48,151 [ERROR] Updater:1120 - MainUpdater not yet initialized. External WinMGr cannot be set.
2023-09-25 17:05:48,161 [INFO] Updater:1056 - Updater Version found : 6.9.2
2023-09-25 17:05:48,175 [INFO] ApplicationProperties:184 - Using Application install path: C:\ST\STM32CubeIDE_1.13.2\STM32CubeIDE\plugins\com.st.stm32cube.common.mx_6.9.2.202309101412
2023-09-25 17:05:48,287 [INFO] MainUpdater:2868 - connection check result : 10
2023-09-25 17:05:48,287 [INFO] MainUpdater:285 - Updater Check For Update Now.
2023-09-25 17:05:48,287 [INFO] MicroXplorer:498 - Change Database Version : DB.6.0.92
2023-09-25 17:05:48,302 [INFO] McuFinderGlobals:63 - Set McuFinder mode to 2 (CubeIDE integrated)
2023-09-25 17:05:48,302 [INFO] UserAuth:179 - activating auth plugin
2023-09-25 17:05:48,305 [INFO] UserAuth:393 - Internet connection configuration mode: 1
2023-09-25 17:05:48,334 [INFO] JxBrowserEngine:151 - Initiate JxBrowser Engine with user profile folder
2023-09-25 17:05:48,467 [INFO] CheckServerUpdateThread:120 - End of CheckServer Thread
2023-09-25 17:05:49,056 [WARN] PackLoader:240 - Cannot read IP mode file for STMicroelectronics.X-CUBE-SMBUS.2.1.0
2023-09-25 17:05:49,096 [WARN] PackLoader:240 - Cannot read IP mode file for STMicroelectronics.X-CUBE-AZRTOS-F7.1.1.0
2023-09-25 17:05:49,133 [WARN] PackLoader:240 - Cannot read IP mode file for STMicroelectronics.FP-SNS-MOTENV1.4.3.2
2023-09-25 17:05:49,148 [WARN] PackLoader:240 - Cannot read IP mode file for STMicroelectronics.FP-SNS-FLIGHT1.5.0.2
2023-09-25 17:05:49,162 [WARN] PackLoader:240 - Cannot read IP mode file for STMicroelectronics.X-CUBE-DISPLAY.3.0.0
2023-09-25 17:05:49,179 [WARN] PackLoader:240 - Cannot read IP mode file for STMicroelectronics.X-CUBE-BLE1.7.0.0
2023-09-25 17:05:49,190 [WARN] PackLoader:240 - Cannot read IP mode file for emotas.I-CUBE-CANOPEN.1.3.0
2023-09-25 17:05:49,203 [WARN] PackLoader:240 - Cannot read IP mode file for STMicroelectronics.X-CUBE-TOUCHGFX.4.22.0
2023-09-25 17:05:49,216 [WARN] PackLoader:240 - Cannot read IP mode file for STMicroelectronics.FP-SNS-SMARTAG2.1.2.0
2023-09-25 17:05:49,239 [INFO] LogOutputStream:77 - [STDOUT_REDIRECT] 1 : Invalid condition id : UX_CORESTACK_Condition cause : null
2023-09-25 17:05:49,240 [INFO] LogOutputStream:77 - [STDOUT_REDIRECT] 1 : Invalid condition id : UX_CORESTACK_Condition cause : null
2023-09-25 17:05:49,241 [INFO] LogOutputStream:77 - [STDOUT_REDIRECT] 1 : Invalid condition id : UX_CORESTACK_Condition cause : null
2023-09-25 17:05:49,242 [INFO] LogOutputStream:77 - [STDOUT_REDIRECT] 1 : Invalid condition id : UX_CORESTACK_Condition cause : null
2023-09-25 17:05:49,242 [INFO] LogOutputStream:77 - [STDOUT_REDIRECT] 1 : Invalid condition id : UX_CORESTACK_Condition cause : null
2023-09-25 17:05:49,248 [WARN] PackLoader:240 - Cannot read IP mode file for STMicroelectronics.X-CUBE-AZRTOS-WL.2.0.0
2023-09-25 17:05:49,262 [WARN] PackLoader:240 - Cannot read IP mode file for WES.I-CUBE-Cesium.1.3.0
2023-09-25 17:05:49,271 [WARN] PackLoader:240 - Cannot read IP mode file for STMicroelectronics.X-CUBE-BLE2.3.3.0
2023-09-25 17:05:49,281 [WARN] PackLoader:240 - Cannot read IP mode file for STMicroelectronics.X-CUBE-ALGOBUILD.1.3.0
2023-09-25 17:05:49,301 [WARN] PackLoader:240 - Cannot read IP mode file for STMicroelectronics.X-CUBE-AZRTOS-G0.1.1.0
2023-09-25 17:05:49,315 [WARN] PackLoader:240 - Cannot read IP mode file for STMicroelectronics.X-CUBE-NFC4.3.0.0
2023-09-25 17:05:49,325 [WARN] PackLoader:240 - Cannot read IP mode file for STMicroelectronics.FP-ATR-SIGFOX1.3.2.0
2023-09-25 17:05:49,353 [WARN] PackLoader:240 - Cannot read IP mode file for SEGGER.I-CUBE-embOS.1.3.1
2023-09-25 17:05:49,392 [WARN] PackLoader:240 - Cannot read IP mode file for STMicroelectronics.X-CUBE-GNSS1.6.0.0
2023-09-25 17:05:49,416 [WARN] PackLoader:240 - Cannot read IP mode file for STMicroelectronics.X-CUBE-AZRTOS-F4.1.1.0
2023-09-25 17:05:49,432 [WARN] PackLoader:240 - Cannot read IP mode file for wolfSSL.I-CUBE-wolfSSL.5.6.3
2023-09-25 17:05:49,452 [WARN] PackLoader:240 - Cannot read IP mode file for STMicroelectronics.X-CUBE-AZRTOS-L5.2.0.0
2023-09-25 17:05:49,491 [WARN] PackLoader:240 - Cannot read IP mode file for STMicroelectronics.X-CUBE-MEMS1.9.6.0
2023-09-25 17:05:49,586 [WARN] PackLoader:240 - Cannot read IP mode file for STMicroelectronics.X-CUBE-BLEMGR.2.0.0
2023-09-25 17:05:49,614 [WARN] ConditionMgr:438 - getConditionDescription Invalid condition id : UX DEVICE CLASS RTOS Condition cause : null
2023-09-25 17:05:49,615 [WARN] ConditionMgr:438 - getConditionDescription Invalid condition id : UX DEVICE CLASS RTOS Condition cause : null
2023-09-25 17:05:49,618 [WARN] PackLoader:240 - Cannot read IP mode file for STMicroelectronics.X-CUBE-AZRTOS-H7.3.1.0
2023-09-25 17:05:49,618 [WARN] ConditionMgr:1039 - genDependencies : Invalid condition id : UX DEVICE CLASS RTOS Condition cause : null
2023-09-25 17:05:49,619 [WARN] ConditionMgr:1039 - genDependencies : Invalid condition id : UX DEVICE CLASS RTOS Condition cause : null
2023-09-25 17:05:49,619 [WARN] ConditionMgr:1039 - genDependencies : Invalid condition id : UX DEVICE CLASS RTOS Condition cause : null
2023-09-25 17:05:49,619 [WARN] ConditionMgr:1039 - genDependencies : Invalid condition id : UX DEVICE CLASS RTOS Condition cause : null
2023-09-25 17:05:49,619 [WARN] ConditionMgr:1039 - genDependencies : Invalid condition id : UX DEVICE CLASS RTOS Condition cause : null
2023-09-25 17:05:49,635 [WARN] PackLoader:240 - Cannot read IP mode file for STMicroelectronics.X-CUBE-NFC7.1.0.1
2023-09-25 17:05:49,652 [WARN] PackLoader:240 - Cannot read IP mode file for STMicroelectronics.X-CUBE-NFC6.3.0.0
2023-09-25 17:05:49,666 [WARN] PackLoader:240 - Cannot read IP mode file for STMicroelectronics.X-CUBE-EEPRMA1.4.1.0
2023-09-25 17:05:49,676 [WARN] PackLoader:240 - Cannot read IP mode file for STMicroelectronics.X-CUBE-AI.8.1.0
2023-09-25 17:05:49,697 [WARN] ConditionMgr:438 - getConditionDescription Invalid condition id : LAN8742 Phy interface Condition cause : null
2023-09-25 17:05:49,697 [WARN] PackLoader:240 - Cannot read IP mode file for STMicroelectronics.X-CUBE-AZRTOS-L4.2.0.0
2023-09-25 17:05:49,698 [WARN] ConditionMgr:1039 - genDependencies : Invalid condition id : LAN8742 Phy interface Condition cause : null
2023-09-25 17:05:49,698 [WARN] ConditionMgr:1039 - genDependencies : Invalid condition id : LAN8742 Phy interface Condition cause : null
2023-09-25 17:05:49,698 [WARN] ConditionMgr:1039 - genDependencies : Invalid condition id : LAN8742 Phy interface Condition cause : null
2023-09-25 17:05:49,712 [WARN] PackLoader:240 - Cannot read IP mode file for STMicroelectronics.X-CUBE-SFXS2LP1.4.0.0
2023-09-25 17:05:49,724 [WARN] PackLoader:240 - Cannot read IP mode file for STMicroelectronics.X-CUBE-ISPU.1.1.0
2023-09-25 17:05:49,743 [WARN] ConditionMgr:438 - getConditionDescription Invalid condition id : UX DEVICE CLASS RTOS Condition cause : null
2023-09-25 17:05:49,743 [WARN] ConditionMgr:438 - getConditionDescription Invalid condition id : UX DEVICE CLASS RTOS Condition cause : null
2023-09-25 17:05:49,747 [WARN] PackLoader:240 - Cannot read IP mode file for STMicroelectronics.X-CUBE-AZRTOS-WB.2.0.0
2023-09-25 17:05:49,748 [WARN] ConditionMgr:1039 - genDependencies : Invalid condition id : UX DEVICE CLASS RTOS Condition cause : null
2023-09-25 17:05:49,748 [WARN] ConditionMgr:1039 - genDependencies : Invalid condition id : UX DEVICE CLASS RTOS Condition cause : null
2023-09-25 17:05:49,749 [WARN] ConditionMgr:1039 - genDependencies : Invalid condition id : UX DEVICE CLASS RTOS Condition cause : null
2023-09-25 17:05:49,749 [WARN] ConditionMgr:1039 - genDependencies : Invalid condition id : UX DEVICE CLASS RTOS Condition cause : null
2023-09-25 17:05:49,749 [WARN] ConditionMgr:1039 - genDependencies : Invalid condition id : UX DEVICE CLASS RTOS Condition cause : null
2023-09-25 17:05:49,765 [WARN] PackLoader:240 - Cannot read IP mode file for STMicroelectronics.X-CUBE-SUBG2.5.0.0
2023-09-25 17:05:49,782 [WARN] PackLoader:240 - Cannot read IP mode file for STMicroelectronics.X-CUBE-TOF1.3.3.1
2023-09-25 17:05:49,805 [WARN] PackLoader:240 - Cannot read IP mode file for STMicroelectronics.X-CUBE-AZRTOS-G4.2.0.0
2023-09-25 17:05:49,819 [WARN] PackLoader:240 - Cannot read IP mode file for STMicroelectronics.X-CUBE-FREERTOS.1.1.0
2023-09-25 17:05:49,835 [WARN] PackLoader:240 - Cannot read IP mode file for portGmbH.I-Cube-SoM-uGOAL.1.1.0
2023-09-25 17:05:49,845 [WARN] PackLoader:240 - Cannot read IP mode file for STMicroelectronics.X-CUBE-ALS.1.0.1
2023-09-25 17:05:49,856 [WARN] PackLoader:240 - Cannot read IP mode file for STMicroelectronics.FP-ATR-ASTRA1.2.0.0
2023-09-25 17:05:49,857 [INFO] ThirdParty:978 - Integrity check success = true
2023-09-25 17:05:49,858 [INFO] IntegrityCheckThread:100 - exiting critical section [integrity check]
2023-09-25 17:05:49,858 [INFO] IntegrityCheckThread:103 - End integrity checks thread
2023-09-25 17:05:50,457 [INFO] WebApp:157 - Instantiating new browser for Auth
2023-09-25 17:05:50,879 [INFO] WebApp:753 - Register for checkConnection events
2023-09-25 17:05:50,879 [INFO] WebApp:390 - Apply proxy settings
2023-09-25 17:05:50,879 [INFO] WebApp:475 - Chromium requires no authentication
2023-09-25 17:05:50,885 [INFO] WebApp:418 - Direct internet connection detected
2023-09-25 17:05:51,002 [INFO] WebApp:188 - Starting web application
2023-09-25 17:05:51,002 [INFO] WebApp:520 - Web application path used C:\ST\STM32CubeIDE_1.13.2\STM32CubeIDE\plugins\com.st.stm32cube.common.mx_6.9.2.202309101412\db\plugins\mcufinder\reactClient1\index.html
2023-09-25 17:06:11,885 [ERROR] LogOutputStream:75 - [STDERR_REDIRECT] SLF4J: Failed to load class "org.slf4j.impl.StaticLoggerBinder".
2023-09-25 17:06:11,885 [ERROR] LogOutputStream:75 - [STDERR_REDIRECT] SLF4J: Defaulting to no-operation (NOP) logger implementation
2023-09-25 17:06:11,886 [ERROR] LogOutputStream:75 - [STDERR_REDIRECT] SLF4J: See http://www.slf4j.org/codes.html#StaticLoggerBinder for further details.
2023-09-25 17:31:03,791 [ERROR] LogOutputStream:75 - [STDERR_REDIRECT] 
