2023-10-05 12:15:58,365 [INFO] Activator:176 - 


2023-10-05 12:15:58,365 [INFO] Activator:177 - !SESSION log4j initialized
2023-10-05 12:16:02,833 [INFO] LogOutputStream:77 - [STDOUT_REDIRECT] 
2023-10-05 12:16:04,009 [INFO] ApplicationProperties:184 - Using Application install path: C:\ST\STM32CubeIDE_1.13.2\STM32CubeIDE\plugins\com.st.stm32cube.common.mx_6.9.2.202309101412
2023-10-05 12:16:04,036 [INFO] DbMcusXml:78 - Set database path to: C:\ST\STM32CubeIDE_1.13.2\STM32CubeIDE\plugins\com.st.stm32cube.common.mx_6.9.2.202309101412\\db\/mcu/
2023-10-05 12:16:04,037 [INFO] ApiDb:274 - Set plugin database path to: C:\ST\STM32CubeIDE_1.13.2\STM32CubeIDE\plugins\com.st.stm32cube.common.mx_6.9.2.202309101412\\db\/plugins/boardmanager/
2023-10-05 12:16:04,037 [WARN] ApiDb:259 - Overriding images path with different value:  => C:\ST\STM32CubeIDE_1.13.2\STM32CubeIDE\plugins\com.st.stm32cube.common.mx_6.9.2.202309101412\\db\/plugins/mcufinder/images/
2023-10-05 12:16:04,052 [INFO] ApiDb:250 - Set database path to: C:\Users\HoFong\.stmcufinder\plugins\mcufinder//mcu/
2023-10-05 12:16:04,054 [INFO] DbMcusAds:125 - Set database path to: C:\Users\HoFong\.stmcufinder\plugins\mcufinder//mcu/
2023-10-05 12:16:04,057 [INFO] CrossReferenceDbSqlite:203 - Set database path to: C:\Users\HoFong\.stmcufinder\plugins\mcufinder//mcu/cs/
2023-10-05 12:16:04,175 [INFO] RulesReader:64 - Compatibility file has been processed (293 Rules)
2023-10-05 12:16:04,243 [INFO] DbMcusXml:78 - Set database path to: C:\ST\STM32CubeIDE_1.13.2\STM32CubeIDE\plugins\com.st.stm32cube.common.mx_6.9.2.202309101412\\db\/mcu/
2023-10-05 12:16:04,244 [INFO] ApiDb:274 - Set plugin database path to: C:\ST\STM32CubeIDE_1.13.2\STM32CubeIDE\plugins\com.st.stm32cube.common.mx_6.9.2.202309101412\\db\/plugins/boardmanager/
2023-10-05 12:16:04,244 [INFO] ApiDb:261 - Set plugin images path to: C:\ST\STM32CubeIDE_1.13.2\STM32CubeIDE\plugins\com.st.stm32cube.common.mx_6.9.2.202309101412\\db\/plugins/mcufinder/images/
2023-10-05 12:16:04,244 [WARN] DbFile:41 - Overriding database path with different value: C:\Users\HoFong\.stmcufinder\plugins\mcufinder/ => C:\Users\HoFong\.stmcufinder\plugins\mcufinder
2023-10-05 12:16:04,244 [INFO] ApiDb:250 - Set database path to: C:\Users\HoFong\.stmcufinder\plugins\mcufinder//mcu/
2023-10-05 12:16:04,244 [WARN] DbFile:41 - Overriding database path with different value: C:\Users\HoFong\.stmcufinder\plugins\mcufinder/ => C:\Users\HoFong\.stmcufinder\plugins\mcufinder
2023-10-05 12:16:04,244 [INFO] DbMcusAds:125 - Set database path to: C:\Users\HoFong\.stmcufinder\plugins\mcufinder//mcu/
2023-10-05 12:16:04,244 [WARN] DbFile:41 - Overriding database path with different value: C:\Users\HoFong\.stmcufinder\plugins\mcufinder/ => C:\Users\HoFong\.stmcufinder\plugins\mcufinder
2023-10-05 12:16:04,244 [WARN] DbFile:41 - Overriding database path with different value: C:\Users\HoFong\.stmcufinder\plugins\mcufinder/ => C:\Users\HoFong\.stmcufinder\plugins\mcufinder
2023-10-05 12:16:04,244 [INFO] CrossReferenceDbSqlite:203 - Set database path to: C:\Users\HoFong\.stmcufinder\plugins\mcufinder//mcu/cs/
2023-10-05 12:16:04,320 [INFO] MainPanel:262 - HeapMemory: 268435456
2023-10-05 12:16:04,415 [INFO] DbMcusXml:78 - Set database path to: C:\ST\STM32CubeIDE_1.13.2\STM32CubeIDE\plugins\com.st.stm32cube.common.mx_6.9.2.202309101412\\db\/mcu/
2023-10-05 12:16:04,415 [INFO] ApiDb:274 - Set plugin database path to: C:\ST\STM32CubeIDE_1.13.2\STM32CubeIDE\plugins\com.st.stm32cube.common.mx_6.9.2.202309101412\\db\/plugins/boardmanager/
2023-10-05 12:16:04,415 [INFO] ApiDb:261 - Set plugin images path to: C:\ST\STM32CubeIDE_1.13.2\STM32CubeIDE\plugins\com.st.stm32cube.common.mx_6.9.2.202309101412\\db\/plugins/mcufinder/images/
2023-10-05 12:16:04,415 [WARN] DbFile:41 - Overriding database path with different value: C:\Users\HoFong\.stmcufinder\plugins\mcufinder/ => C:\Users\HoFong\.stmcufinder\plugins\mcufinder
2023-10-05 12:16:04,415 [INFO] ApiDb:250 - Set database path to: C:\Users\HoFong\.stmcufinder\plugins\mcufinder//mcu/
2023-10-05 12:16:04,416 [WARN] DbFile:41 - Overriding database path with different value: C:\Users\HoFong\.stmcufinder\plugins\mcufinder/ => C:\Users\HoFong\.stmcufinder\plugins\mcufinder
2023-10-05 12:16:04,416 [INFO] DbMcusAds:125 - Set database path to: C:\Users\HoFong\.stmcufinder\plugins\mcufinder//mcu/
2023-10-05 12:16:04,416 [WARN] DbFile:41 - Overriding database path with different value: C:\Users\HoFong\.stmcufinder\plugins\mcufinder/ => C:\Users\HoFong\.stmcufinder\plugins\mcufinder
2023-10-05 12:16:04,416 [WARN] DbFile:41 - Overriding database path with different value: C:\Users\HoFong\.stmcufinder\plugins\mcufinder/ => C:\Users\HoFong\.stmcufinder\plugins\mcufinder
2023-10-05 12:16:04,416 [INFO] CrossReferenceDbSqlite:203 - Set database path to: C:\Users\HoFong\.stmcufinder\plugins\mcufinder//mcu/cs/
2023-10-05 12:16:04,435 [INFO] ApplicationProperties:184 - Using Application install path: C:\ST\STM32CubeIDE_1.13.2\STM32CubeIDE\plugins\com.st.stm32cube.common.mx_6.9.2.202309101412
2023-10-05 12:16:04,437 [INFO] PluginManage:196 - Search for loadable plugins [exclusion list=, ]
2023-10-05 12:16:04,438 [INFO] PluginManage:310 - Check plugin analytics
2023-10-05 12:16:04,575 [INFO] AnalyticsPlugin:253 - Accepted Software Licenses: 
2023-10-05 12:16:04,575 [INFO] AnalyticsPlugin:255 - Accepted CMSIS Pack Licenses: 
2023-10-05 12:16:04,575 [INFO] AnalyticsPlugin:257 - Accepted Firmware Licenses: FW.F7.1.17.0
2023-10-05 12:16:04,579 [INFO] PluginManage:359 - Loaded plugin analytics (category:tool,tabindex:-1)
2023-10-05 12:16:04,580 [INFO] PluginManage:310 - Check plugin cadmodel
2023-10-05 12:16:04,585 [INFO] CADModel:105 - Init CAD model plugin
2023-10-05 12:16:04,586 [INFO] PluginManage:359 - Loaded plugin cadmodel (category:power,tabindex:5)
2023-10-05 12:16:04,586 [INFO] PluginManage:310 - Check plugin clock
2023-10-05 12:16:04,596 [INFO] PluginManage:359 - Loaded plugin clock (category:base,tabindex:2)
2023-10-05 12:16:04,596 [INFO] PluginManage:310 - Check plugin ddr
2023-10-05 12:16:04,599 [INFO] PluginManage:359 - Loaded plugin ddr (category:tool,tabindex:6)
2023-10-05 12:16:04,600 [INFO] PluginManage:310 - Check plugin filemanager
2023-10-05 12:16:04,727 [INFO] PluginManage:359 - Loaded plugin filemanager (category:base,tabindex:10)
2023-10-05 12:16:04,727 [INFO] PluginManage:310 - Check plugin ipmanager
2023-10-05 12:16:04,733 [INFO] PluginManage:359 - Loaded plugin ipmanager (category:base,tabindex:5)
2023-10-05 12:16:04,733 [INFO] PluginManage:310 - Check plugin lpbam
2023-10-05 12:16:04,741 [INFO] PluginManage:359 - Loaded plugin lpbam (category:base,tabindex:0)
2023-10-05 12:16:04,742 [INFO] PluginManage:310 - Check plugin memorymap
2023-10-05 12:16:04,751 [INFO] PluginManage:359 - Loaded plugin memorymap (category:base,tabindex:4)
2023-10-05 12:16:04,751 [INFO] PluginManage:310 - Check plugin pinoutandconfiguration
2023-10-05 12:16:04,756 [INFO] PluginManage:359 - Loaded plugin pinoutandconfiguration (category:base,tabindex:1)
2023-10-05 12:16:04,756 [INFO] PluginManage:310 - Check plugin pinoutconfig
2023-10-05 12:16:04,832 [WARN] SupportedApi:132 - Cannot load RTOS API schema: s4s-elt-must-match.1: The content of 'definitions' must match (annotation?, (simpleType | complexType)?, (unique | key | keyref)*)). A problem was found starting at: attribute.
2023-10-05 12:16:04,985 [INFO] PluginManage:359 - Loaded plugin pinoutconfig (category:base,tabindex:0)
2023-10-05 12:16:04,986 [INFO] PluginManage:310 - Check plugin power
2023-10-05 12:16:04,995 [INFO] PluginManage:359 - Loaded plugin power (category:power,tabindex:4)
2023-10-05 12:16:04,995 [INFO] PluginManage:310 - Check plugin projectmanager
2023-10-05 12:16:05,007 [INFO] PluginManage:359 - Loaded plugin projectmanager (category:projectmanager,tabindex:3)
2023-10-05 12:16:05,007 [INFO] PluginManage:310 - Check plugin thirdparty
2023-10-05 12:16:05,123 [INFO] PluginManage:359 - Loaded plugin thirdparty (category:base,tabindex:-1)
2023-10-05 12:16:05,123 [INFO] PluginManage:310 - Check plugin tools
2023-10-05 12:16:05,124 [WARN] IntegrityCheckThread:84 - waiting for thirdparty lock release [integrity check]
2023-10-05 12:16:05,124 [INFO] IntegrityCheckThread:86 - entering critical section [integrity check]
2023-10-05 12:16:05,125 [INFO] ThirdPartyUpdaterWithRetryManager:70 - Updater plugin not ready yet. [1/15]
2023-10-05 12:16:05,126 [INFO] PluginManage:359 - Loaded plugin tools (category:base,tabindex:7)
2023-10-05 12:16:05,126 [INFO] PluginManage:310 - Check plugin tutovideos
2023-10-05 12:16:05,275 [INFO] PluginManage:359 - Loaded plugin tutovideos (category:base,tabindex:-1)
2023-10-05 12:16:05,275 [INFO] PluginManage:310 - Check plugin updater
2023-10-05 12:16:05,286 [INFO] PluginManage:359 - Loaded plugin updater (category:base,tabindex:12)
2023-10-05 12:16:05,286 [INFO] PluginManage:310 - Check plugin userauth
2023-10-05 12:16:05,290 [INFO] UserAuth:113 - Init User Auth plugin
2023-10-05 12:16:05,290 [INFO] PluginManage:359 - Loaded plugin userauth (category:base,tabindex:14)
2023-10-05 12:16:05,291 [INFO] PluginManage:283 - PluginManage : Loaded plugins [17]
2023-10-05 12:16:05,489 [INFO] PinOutPanel:1499 - setPackage(No Configuration,No Configuration)
2023-10-05 12:16:05,575 [INFO] CADModel:165 - CPN selected for project level
2023-10-05 12:16:05,576 [INFO] CADModel:114 - Register for checkConnection events
2023-10-05 12:16:05,594 [INFO] IPUIPlugin:80 - create IPUIPlugin
2023-10-05 12:16:05,594 [INFO] PluginManager:220 - loadIPPluginJar : add adc
2023-10-05 12:16:05,596 [INFO] IPUIPlugin:80 - create IPUIPlugin
2023-10-05 12:16:05,596 [INFO] PluginManager:220 - loadIPPluginJar : add aes
2023-10-05 12:16:05,598 [INFO] IPUIPlugin:80 - create IPUIPlugin
2023-10-05 12:16:05,598 [INFO] PluginManager:220 - loadIPPluginJar : add can
2023-10-05 12:16:05,600 [INFO] IPUIPlugin:80 - create IPUIPlugin
2023-10-05 12:16:05,600 [INFO] PluginManager:220 - loadIPPluginJar : add comp
2023-10-05 12:16:05,602 [INFO] IPUIPlugin:80 - create IPUIPlugin
2023-10-05 12:16:05,602 [INFO] PluginManager:220 - loadIPPluginJar : add cryp
2023-10-05 12:16:05,603 [INFO] IPUIPlugin:80 - create IPUIPlugin
2023-10-05 12:16:05,604 [INFO] PluginManager:220 - loadIPPluginJar : add dfsdm
2023-10-05 12:16:05,608 [INFO] IPUIPlugin:80 - create IPUIPlugin
2023-10-05 12:16:05,608 [INFO] PluginManager:220 - loadIPPluginJar : add dma
2023-10-05 12:16:05,610 [INFO] IPUIPlugin:80 - create IPUIPlugin
2023-10-05 12:16:05,610 [INFO] PluginManager:220 - loadIPPluginJar : add dma3
2023-10-05 12:16:05,611 [INFO] IPUIPlugin:80 - create IPUIPlugin
2023-10-05 12:16:05,611 [INFO] PluginManager:220 - loadIPPluginJar : add fatfs
2023-10-05 12:16:05,614 [INFO] IPUIPlugin:80 - create IPUIPlugin
2023-10-05 12:16:05,614 [INFO] PluginManager:220 - loadIPPluginJar : add fmc
2023-10-05 12:16:05,617 [INFO] IPUIPlugin:80 - create IPUIPlugin
2023-10-05 12:16:05,618 [INFO] PluginManager:220 - loadIPPluginJar : add freertos
2023-10-05 12:16:05,619 [INFO] IPUIPlugin:80 - create IPUIPlugin
2023-10-05 12:16:05,619 [INFO] PluginManager:220 - loadIPPluginJar : add genericplugin
2023-10-05 12:16:05,620 [INFO] IPUIPlugin:80 - create IPUIPlugin
2023-10-05 12:16:05,620 [INFO] PluginManager:220 - loadIPPluginJar : add gfxmmu
2023-10-05 12:16:05,625 [INFO] IPUIPlugin:80 - create IPUIPlugin
2023-10-05 12:16:05,625 [INFO] PluginManager:220 - loadIPPluginJar : add gic
2023-10-05 12:16:05,628 [INFO] IPUIPlugin:80 - create IPUIPlugin
2023-10-05 12:16:05,628 [INFO] PluginManager:220 - loadIPPluginJar : add gpio
2023-10-05 12:16:05,630 [INFO] IPUIPlugin:80 - create IPUIPlugin
2023-10-05 12:16:05,630 [INFO] PluginManager:220 - loadIPPluginJar : add gtzc
2023-10-05 12:16:05,632 [INFO] IPUIPlugin:80 - create IPUIPlugin
2023-10-05 12:16:05,632 [INFO] PluginManager:220 - loadIPPluginJar : add hash
2023-10-05 12:16:05,634 [INFO] IPUIPlugin:80 - create IPUIPlugin
2023-10-05 12:16:05,634 [INFO] PluginManager:220 - loadIPPluginJar : add i2c
2023-10-05 12:16:05,636 [INFO] IPUIPlugin:80 - create IPUIPlugin
2023-10-05 12:16:05,636 [INFO] PluginManager:220 - loadIPPluginJar : add i2s
2023-10-05 12:16:05,638 [INFO] IPUIPlugin:80 - create IPUIPlugin
2023-10-05 12:16:05,638 [INFO] PluginManager:220 - loadIPPluginJar : add i3c
2023-10-05 12:16:05,643 [INFO] IPUIPlugin:80 - create IPUIPlugin
2023-10-05 12:16:05,643 [INFO] PluginManager:220 - loadIPPluginJar : add ipddr
2023-10-05 12:16:05,648 [INFO] IPUIPlugin:80 - create IPUIPlugin
2023-10-05 12:16:05,648 [INFO] PluginManager:220 - loadIPPluginJar : add linkedlist
2023-10-05 12:16:05,650 [INFO] IPUIPlugin:80 - create IPUIPlugin
2023-10-05 12:16:05,650 [INFO] PluginManager:220 - loadIPPluginJar : add lorawan
2023-10-05 12:16:05,651 [INFO] IPUIPlugin:80 - create IPUIPlugin
2023-10-05 12:16:05,651 [INFO] PluginManager:220 - loadIPPluginJar : add ltdc
2023-10-05 12:16:05,657 [INFO] IPUIPlugin:80 - create IPUIPlugin
2023-10-05 12:16:05,657 [INFO] PluginManager:220 - loadIPPluginJar : add mdma
2023-10-05 12:16:05,660 [INFO] IPUIPlugin:80 - create IPUIPlugin
2023-10-05 12:16:05,660 [INFO] PluginManager:220 - loadIPPluginJar : add nvic
2023-10-05 12:16:05,661 [INFO] IPUIPlugin:80 - create IPUIPlugin
2023-10-05 12:16:05,662 [INFO] PluginManager:220 - loadIPPluginJar : add opamp
2023-10-05 12:16:05,663 [INFO] IPUIPlugin:80 - create IPUIPlugin
2023-10-05 12:16:05,663 [INFO] PluginManager:220 - loadIPPluginJar : add openamp
2023-10-05 12:16:05,665 [INFO] IPUIPlugin:80 - create IPUIPlugin
2023-10-05 12:16:05,665 [INFO] PluginManager:220 - loadIPPluginJar : add pdm2pcm
2023-10-05 12:16:05,670 [INFO] IPUIPlugin:80 - create IPUIPlugin
2023-10-05 12:16:05,672 [INFO] PluginManager:220 - loadIPPluginJar : add plateformsettings
2023-10-05 12:16:05,673 [INFO] IPUIPlugin:80 - create IPUIPlugin
2023-10-05 12:16:05,673 [INFO] PluginManager:220 - loadIPPluginJar : add quadspi
2023-10-05 12:16:05,675 [INFO] IPUIPlugin:80 - create IPUIPlugin
2023-10-05 12:16:05,675 [INFO] PluginManager:220 - loadIPPluginJar : add resmgrutility
2023-10-05 12:16:05,677 [INFO] IPUIPlugin:80 - create IPUIPlugin
2023-10-05 12:16:05,677 [INFO] PluginManager:220 - loadIPPluginJar : add sai
2023-10-05 12:16:05,678 [INFO] IPUIPlugin:80 - create IPUIPlugin
2023-10-05 12:16:05,678 [INFO] PluginManager:220 - loadIPPluginJar : add spi
2023-10-05 12:16:05,681 [INFO] IPUIPlugin:80 - create IPUIPlugin
2023-10-05 12:16:05,681 [INFO] PluginManager:220 - loadIPPluginJar : add stm32_wpan
2023-10-05 12:16:05,682 [INFO] IPUIPlugin:80 - create IPUIPlugin
2023-10-05 12:16:05,682 [INFO] PluginManager:220 - loadIPPluginJar : add tim
2023-10-05 12:16:05,685 [INFO] IPUIPlugin:80 - create IPUIPlugin
2023-10-05 12:16:05,685 [INFO] PluginManager:220 - loadIPPluginJar : add touchsensing
2023-10-05 12:16:05,686 [INFO] IPUIPlugin:80 - create IPUIPlugin
2023-10-05 12:16:05,686 [INFO] PluginManager:220 - loadIPPluginJar : add tracer_emb
2023-10-05 12:16:05,687 [INFO] IPUIPlugin:80 - create IPUIPlugin
2023-10-05 12:16:05,687 [INFO] PluginManager:220 - loadIPPluginJar : add ts
2023-10-05 12:16:05,688 [INFO] IPUIPlugin:80 - create IPUIPlugin
2023-10-05 12:16:05,688 [INFO] PluginManager:220 - loadIPPluginJar : add tsc
2023-10-05 12:16:05,690 [INFO] IPUIPlugin:80 - create IPUIPlugin
2023-10-05 12:16:05,690 [INFO] PluginManager:220 - loadIPPluginJar : add ucpd
2023-10-05 12:16:05,692 [INFO] IPUIPlugin:80 - create IPUIPlugin
2023-10-05 12:16:05,692 [INFO] PluginManager:220 - loadIPPluginJar : add usart
2023-10-05 12:16:05,694 [INFO] IPUIPlugin:80 - create IPUIPlugin
2023-10-05 12:16:05,694 [INFO] PluginManager:220 - loadIPPluginJar : add usbx
2023-10-05 12:16:05,802 [INFO] CADModel:165 - CPN selected for project level
2023-10-05 12:16:05,802 [INFO] CADModel:114 - Register for checkConnection events
2023-10-05 12:16:05,802 [FATAL] Updater:308 - Updater called before beeing initialized
2023-10-05 12:16:05,802 [ERROR] CADModel:125 - Updater not yet initialized, retry later 
2023-10-05 12:16:05,942 [INFO] CADModel:165 - CPN selected for project level
2023-10-05 12:16:05,943 [INFO] CADModel:114 - Register for checkConnection events
2023-10-05 12:16:05,943 [FATAL] Updater:308 - Updater called before beeing initialized
2023-10-05 12:16:05,943 [ERROR] CADModel:125 - Updater not yet initialized, retry later 
2023-10-05 12:16:05,947 [FATAL] Updater:308 - Updater called before beeing initialized
2023-10-05 12:16:06,020 [FATAL] Updater:308 - Updater called before beeing initialized
2023-10-05 12:16:06,025 [INFO] DbMcusAds:53 - JSON generation date=Tue Mar 07 08:50:55 GMT 2023 (1678179055114)
2023-10-05 12:16:06,025 [FATAL] Updater:308 - Updater called before beeing initialized
2023-10-05 12:16:06,057 [WARN] DetailPanel:346 - Failed to get advertising image, set to default
2023-10-05 12:16:06,120 [FATAL] Updater:308 - Updater called before beeing initialized
2023-10-05 12:16:06,121 [FATAL] Updater:308 - Updater called before beeing initialized
2023-10-05 12:16:06,121 [FATAL] Updater:308 - Updater called before beeing initialized
2023-10-05 12:16:06,121 [WARN] DetailPanel:346 - Failed to get advertising image, set to default
2023-10-05 12:16:06,122 [FATAL] Updater:308 - Updater called before beeing initialized
2023-10-05 12:16:06,157 [ERROR] Updater:1120 - MainUpdater not yet initialized. External WinMGr cannot be set.
2023-10-05 12:16:06,158 [INFO] Updater:1056 - Updater Version found : 6.9.2
2023-10-05 12:16:06,173 [INFO] ApplicationProperties:184 - Using Application install path: C:\ST\STM32CubeIDE_1.13.2\STM32CubeIDE\plugins\com.st.stm32cube.common.mx_6.9.2.202309101412
2023-10-05 12:16:06,296 [INFO] MainUpdater:2868 - connection check result : 10
2023-10-05 12:16:06,297 [INFO] MainUpdater:285 - Updater Check For Update Now.
2023-10-05 12:16:06,297 [INFO] MicroXplorer:498 - Change Database Version : DB.6.0.92
2023-10-05 12:16:06,306 [INFO] McuFinderGlobals:63 - Set McuFinder mode to 2 (CubeIDE integrated)
2023-10-05 12:16:06,306 [INFO] UserAuth:179 - activating auth plugin
2023-10-05 12:16:06,310 [INFO] UserAuth:393 - Internet connection configuration mode: 1
2023-10-05 12:16:06,333 [INFO] JxBrowserEngine:151 - Initiate JxBrowser Engine with user profile folder
2023-10-05 12:16:06,440 [INFO] CheckServerUpdateThread:120 - End of CheckServer Thread
2023-10-05 12:16:08,093 [INFO] WebApp:157 - Instantiating new browser for Auth
2023-10-05 12:16:08,329 [WARN] PackLoader:240 - Cannot read IP mode file for STMicroelectronics.X-CUBE-SMBUS.2.1.0
2023-10-05 12:16:08,363 [WARN] PackLoader:240 - Cannot read IP mode file for STMicroelectronics.X-CUBE-AZRTOS-F7.1.1.0
2023-10-05 12:16:08,375 [WARN] PackLoader:240 - Cannot read IP mode file for STMicroelectronics.FP-SNS-MOTENV1.4.3.2
2023-10-05 12:16:08,382 [WARN] PackLoader:240 - Cannot read IP mode file for STMicroelectronics.FP-SNS-FLIGHT1.5.0.2
2023-10-05 12:16:08,391 [WARN] PackLoader:240 - Cannot read IP mode file for STMicroelectronics.X-CUBE-DISPLAY.3.0.0
2023-10-05 12:16:08,404 [WARN] PackLoader:240 - Cannot read IP mode file for STMicroelectronics.X-CUBE-BLE1.7.0.0
2023-10-05 12:16:08,409 [WARN] PackLoader:240 - Cannot read IP mode file for emotas.I-CUBE-CANOPEN.1.3.0
2023-10-05 12:16:08,413 [WARN] PackLoader:240 - Cannot read IP mode file for STMicroelectronics.X-CUBE-TOUCHGFX.4.22.0
2023-10-05 12:16:08,417 [WARN] PackLoader:240 - Cannot read IP mode file for STMicroelectronics.FP-SNS-SMARTAG2.1.2.0
2023-10-05 12:16:08,427 [INFO] LogOutputStream:77 - [STDOUT_REDIRECT] 1 : Invalid condition id : UX_CORESTACK_Condition cause : null
2023-10-05 12:16:08,427 [INFO] LogOutputStream:77 - [STDOUT_REDIRECT] 1 : Invalid condition id : UX_CORESTACK_Condition cause : null
2023-10-05 12:16:08,428 [INFO] LogOutputStream:77 - [STDOUT_REDIRECT] 1 : Invalid condition id : UX_CORESTACK_Condition cause : null
2023-10-05 12:16:08,429 [INFO] LogOutputStream:77 - [STDOUT_REDIRECT] 1 : Invalid condition id : UX_CORESTACK_Condition cause : null
2023-10-05 12:16:08,430 [INFO] LogOutputStream:77 - [STDOUT_REDIRECT] 1 : Invalid condition id : UX_CORESTACK_Condition cause : null
2023-10-05 12:16:08,432 [WARN] PackLoader:240 - Cannot read IP mode file for STMicroelectronics.X-CUBE-AZRTOS-WL.2.0.0
2023-10-05 12:16:08,440 [WARN] PackLoader:240 - Cannot read IP mode file for WES.I-CUBE-Cesium.1.3.0
2023-10-05 12:16:08,446 [WARN] PackLoader:240 - Cannot read IP mode file for STMicroelectronics.X-CUBE-BLE2.3.3.0
2023-10-05 12:16:08,452 [WARN] PackLoader:240 - Cannot read IP mode file for STMicroelectronics.X-CUBE-ALGOBUILD.1.3.0
2023-10-05 12:16:08,464 [WARN] PackLoader:240 - Cannot read IP mode file for STMicroelectronics.X-CUBE-AZRTOS-G0.1.1.0
2023-10-05 12:16:08,469 [WARN] PackLoader:240 - Cannot read IP mode file for STMicroelectronics.X-CUBE-NFC4.3.0.0
2023-10-05 12:16:08,473 [WARN] PackLoader:240 - Cannot read IP mode file for STMicroelectronics.FP-ATR-SIGFOX1.3.2.0
2023-10-05 12:16:08,504 [WARN] PackLoader:240 - Cannot read IP mode file for SEGGER.I-CUBE-embOS.1.3.1
2023-10-05 12:16:08,527 [WARN] PackLoader:240 - Cannot read IP mode file for STMicroelectronics.X-CUBE-GNSS1.6.0.0
2023-10-05 12:16:08,538 [WARN] PackLoader:240 - Cannot read IP mode file for STMicroelectronics.X-CUBE-AZRTOS-F4.1.1.0
2023-10-05 12:16:08,545 [WARN] PackLoader:240 - Cannot read IP mode file for wolfSSL.I-CUBE-wolfSSL.5.6.3
2023-10-05 12:16:08,561 [WARN] PackLoader:240 - Cannot read IP mode file for STMicroelectronics.X-CUBE-AZRTOS-L5.2.0.0
2023-10-05 12:16:08,586 [WARN] PackLoader:240 - Cannot read IP mode file for STMicroelectronics.X-CUBE-MEMS1.9.6.0
2023-10-05 12:16:08,750 [WARN] PackLoader:240 - Cannot read IP mode file for STMicroelectronics.X-CUBE-BLEMGR.2.0.0
2023-10-05 12:16:08,770 [WARN] ConditionMgr:438 - getConditionDescription Invalid condition id : UX DEVICE CLASS RTOS Condition cause : null
2023-10-05 12:16:08,770 [WARN] ConditionMgr:438 - getConditionDescription Invalid condition id : UX DEVICE CLASS RTOS Condition cause : null
2023-10-05 12:16:08,773 [WARN] PackLoader:240 - Cannot read IP mode file for STMicroelectronics.X-CUBE-AZRTOS-H7.3.1.0
2023-10-05 12:16:08,773 [WARN] ConditionMgr:1039 - genDependencies : Invalid condition id : UX DEVICE CLASS RTOS Condition cause : null
2023-10-05 12:16:08,774 [WARN] ConditionMgr:1039 - genDependencies : Invalid condition id : UX DEVICE CLASS RTOS Condition cause : null
2023-10-05 12:16:08,774 [WARN] ConditionMgr:1039 - genDependencies : Invalid condition id : UX DEVICE CLASS RTOS Condition cause : null
2023-10-05 12:16:08,774 [WARN] ConditionMgr:1039 - genDependencies : Invalid condition id : UX DEVICE CLASS RTOS Condition cause : null
2023-10-05 12:16:08,774 [WARN] ConditionMgr:1039 - genDependencies : Invalid condition id : UX DEVICE CLASS RTOS Condition cause : null
2023-10-05 12:16:08,781 [WARN] PackLoader:240 - Cannot read IP mode file for STMicroelectronics.X-CUBE-NFC7.1.0.1
2023-10-05 12:16:08,789 [WARN] PackLoader:240 - Cannot read IP mode file for STMicroelectronics.X-CUBE-NFC6.3.0.0
2023-10-05 12:16:08,798 [WARN] PackLoader:240 - Cannot read IP mode file for STMicroelectronics.X-CUBE-EEPRMA1.4.1.0
2023-10-05 12:16:08,807 [WARN] PackLoader:240 - Cannot read IP mode file for STMicroelectronics.X-CUBE-AI.8.1.0
2023-10-05 12:16:08,827 [WARN] ConditionMgr:438 - getConditionDescription Invalid condition id : LAN8742 Phy interface Condition cause : null
2023-10-05 12:16:08,827 [WARN] PackLoader:240 - Cannot read IP mode file for STMicroelectronics.X-CUBE-AZRTOS-L4.2.0.0
2023-10-05 12:16:08,829 [WARN] ConditionMgr:1039 - genDependencies : Invalid condition id : LAN8742 Phy interface Condition cause : null
2023-10-05 12:16:08,829 [WARN] ConditionMgr:1039 - genDependencies : Invalid condition id : LAN8742 Phy interface Condition cause : null
2023-10-05 12:16:08,830 [WARN] ConditionMgr:1039 - genDependencies : Invalid condition id : LAN8742 Phy interface Condition cause : null
2023-10-05 12:16:08,841 [WARN] PackLoader:240 - Cannot read IP mode file for STMicroelectronics.X-CUBE-SFXS2LP1.4.0.0
2023-10-05 12:16:08,847 [WARN] PackLoader:240 - Cannot read IP mode file for STMicroelectronics.X-CUBE-ISPU.1.1.0
2023-10-05 12:16:08,858 [WARN] ConditionMgr:438 - getConditionDescription Invalid condition id : UX DEVICE CLASS RTOS Condition cause : null
2023-10-05 12:16:08,858 [WARN] ConditionMgr:438 - getConditionDescription Invalid condition id : UX DEVICE CLASS RTOS Condition cause : null
2023-10-05 12:16:08,860 [WARN] PackLoader:240 - Cannot read IP mode file for STMicroelectronics.X-CUBE-AZRTOS-WB.2.0.0
2023-10-05 12:16:08,861 [WARN] ConditionMgr:1039 - genDependencies : Invalid condition id : UX DEVICE CLASS RTOS Condition cause : null
2023-10-05 12:16:08,861 [WARN] ConditionMgr:1039 - genDependencies : Invalid condition id : UX DEVICE CLASS RTOS Condition cause : null
2023-10-05 12:16:08,862 [WARN] ConditionMgr:1039 - genDependencies : Invalid condition id : UX DEVICE CLASS RTOS Condition cause : null
2023-10-05 12:16:08,862 [WARN] ConditionMgr:1039 - genDependencies : Invalid condition id : UX DEVICE CLASS RTOS Condition cause : null
2023-10-05 12:16:08,862 [WARN] ConditionMgr:1039 - genDependencies : Invalid condition id : UX DEVICE CLASS RTOS Condition cause : null
2023-10-05 12:16:08,871 [WARN] PackLoader:240 - Cannot read IP mode file for STMicroelectronics.X-CUBE-SUBG2.5.0.0
2023-10-05 12:16:08,882 [WARN] PackLoader:240 - Cannot read IP mode file for STMicroelectronics.X-CUBE-TOF1.3.3.1
2023-10-05 12:16:08,898 [WARN] PackLoader:240 - Cannot read IP mode file for STMicroelectronics.X-CUBE-AZRTOS-G4.2.0.0
2023-10-05 12:16:08,904 [WARN] PackLoader:240 - Cannot read IP mode file for STMicroelectronics.X-CUBE-FREERTOS.1.1.0
2023-10-05 12:16:08,908 [WARN] PackLoader:240 - Cannot read IP mode file for portGmbH.I-Cube-SoM-uGOAL.1.1.0
2023-10-05 12:16:08,912 [WARN] PackLoader:240 - Cannot read IP mode file for STMicroelectronics.X-CUBE-ALS.1.0.1
2023-10-05 12:16:08,915 [WARN] PackLoader:240 - Cannot read IP mode file for STMicroelectronics.FP-ATR-ASTRA1.2.0.0
2023-10-05 12:16:08,916 [INFO] ThirdParty:978 - Integrity check success = true
2023-10-05 12:16:08,916 [INFO] IntegrityCheckThread:100 - exiting critical section [integrity check]
2023-10-05 12:16:08,916 [INFO] IntegrityCheckThread:103 - End integrity checks thread
2023-10-05 12:16:09,036 [INFO] WebApp:753 - Register for checkConnection events
2023-10-05 12:16:09,036 [INFO] WebApp:390 - Apply proxy settings
2023-10-05 12:16:09,036 [INFO] WebApp:475 - Chromium requires no authentication
2023-10-05 12:16:09,046 [INFO] WebApp:418 - Direct internet connection detected
2023-10-05 12:16:09,281 [INFO] WebApp:188 - Starting web application
2023-10-05 12:16:09,281 [INFO] WebApp:520 - Web application path used C:\ST\STM32CubeIDE_1.13.2\STM32CubeIDE\plugins\com.st.stm32cube.common.mx_6.9.2.202309101412\db\plugins\mcufinder\reactClient1\index.html
2023-10-05 12:16:29,923 [ERROR] LogOutputStream:75 - [STDERR_REDIRECT] SLF4J: Failed to load class "org.slf4j.impl.StaticLoggerBinder".
2023-10-05 12:16:29,923 [ERROR] LogOutputStream:75 - [STDERR_REDIRECT] SLF4J: Defaulting to no-operation (NOP) logger implementation
2023-10-05 12:16:29,924 [ERROR] LogOutputStream:75 - [STDERR_REDIRECT] SLF4J: See http://www.slf4j.org/codes.html#StaticLoggerBinder for further details.
2023-10-05 15:43:36,111 [INFO] McuFinderGlobals:63 - Set McuFinder mode to 2 (CubeIDE integrated)
2023-10-05 15:43:36,131 [INFO] MainUpdater:2868 - connection check result : 10
2023-10-05 15:43:36,135 [INFO] MainUpdater:2868 - connection check result : 10
2023-10-05 15:43:36,377 [INFO] MicroXplorer:468 - Change Database Path : 
2023-10-05 15:43:36,377 [INFO] MicroXplorer:498 - Change Database Version : DB.6.0.92
2023-10-05 15:43:36,386 [WARN] ThirdParty:871 - waiting for thirdparty lock release [close project]
2023-10-05 15:43:36,386 [INFO] ThirdParty:873 - entering critical section [close project]
2023-10-05 15:43:36,405 [INFO] ThirdParty:883 - exiting critical section [close project]
2023-10-05 15:43:36,405 [INFO] PinOutPanel:1499 - setPackage(No Configuration,No Configuration)
2023-10-05 15:43:36,416 [INFO] UtilMem:75 - Begin LoadConfig() Used Memory: 345864088 Bytes (615514112)
2023-10-05 15:43:36,432 [INFO] MicroXplorer:468 - Change Database Path : C:/Users/HoFong/.stm32cubemx/databases/DB.6.0.21/db/
2023-10-05 15:43:36,432 [INFO] MicroXplorer:498 - Change Database Version : DB.6.0.21
2023-10-05 15:43:38,394 [INFO] OpenFileManager:308 - Change cursor
2023-10-05 15:43:38,445 [INFO] Mcu:1946 - Initializing MCU STM32L412RBTx STM32L412RBTx STM32L412RBT6
2023-10-05 15:43:39,469 [INFO] Context:659 - Trying to add GPIOservice into a context  which must be forbidden
2023-10-05 15:43:39,885 [INFO] RtosManager:555 - Registered RTOS mode: class=CMSIS, group=RTOS, mode=CMSIS_V1, owner=FREERTOS
2023-10-05 15:43:39,885 [INFO] RtosManager:555 - Registered RTOS mode: class=CMSIS, group=RTOS2, mode=CMSIS_V2, owner=FREERTOS
2023-10-05 15:43:39,885 [INFO] RtosManager:555 - Registered RTOS mode: class=RTOS, group=Core, mode=CMSIS_V1, owner=FREERTOS
2023-10-05 15:43:39,885 [INFO] RtosManager:555 - Registered RTOS mode: class=RTOS, group=Core, mode=CMSIS_V2, owner=FREERTOS
2023-10-05 15:43:39,886 [WARN] ModelIntegratedComponent:184 - Missing modes for component STMicroelectronics:FreeRTOS:0.0.1:STMicroelectronics:RTOS:FreeRTOS:Core:::10.2.0:
2023-10-05 15:43:39,893 [WARN] ModelIntegratedComponent:63 - No mode defined for component null
2023-10-05 15:43:39,894 [WARN] ModelIntegratedComponent:63 - No mode defined for component null
2023-10-05 15:43:39,894 [WARN] ModelIntegratedComponent:63 - No mode defined for component null
2023-10-05 15:43:39,894 [WARN] ModelIntegratedComponent:63 - No mode defined for component null
2023-10-05 15:43:39,894 [WARN] ModelIntegratedComponent:63 - No mode defined for component null
2023-10-05 15:43:39,894 [WARN] ModelIntegratedComponent:63 - No mode defined for component null
2023-10-05 15:43:39,894 [WARN] ModelIntegratedComponent:63 - No mode defined for component null
2023-10-05 15:43:39,894 [WARN] ModelIntegratedComponent:63 - No mode defined for component null
2023-10-05 15:43:39,894 [WARN] ModelIntegratedComponent:63 - No mode defined for component null
2023-10-05 15:43:39,894 [WARN] ModelIntegratedComponent:63 - No mode defined for component null
2023-10-05 15:43:39,894 [WARN] ModelIntegratedComponent:63 - No mode defined for component null
2023-10-05 15:43:39,894 [WARN] ModelIntegratedComponent:63 - No mode defined for component null
2023-10-05 15:43:39,894 [WARN] ModelIntegratedComponent:63 - No mode defined for component null
2023-10-05 15:43:39,894 [WARN] ModelIntegratedComponent:63 - No mode defined for component null
2023-10-05 15:43:39,894 [WARN] ModelIntegratedComponent:63 - No mode defined for component null
2023-10-05 15:43:39,894 [WARN] ModelIntegratedComponent:63 - No mode defined for component null
2023-10-05 15:43:39,894 [WARN] ModelIntegratedComponent:63 - No mode defined for component null
2023-10-05 15:43:39,894 [WARN] ModelIntegratedComponent:63 - No mode defined for component null
2023-10-05 15:43:39,894 [WARN] ModelIntegratedComponent:63 - No mode defined for component null
2023-10-05 15:43:39,894 [WARN] ModelIntegratedComponent:63 - No mode defined for component null
2023-10-05 15:43:39,894 [WARN] ModelIntegratedComponent:63 - No mode defined for component null
2023-10-05 15:43:39,895 [WARN] ModelIntegratedComponent:63 - No mode defined for component null
2023-10-05 15:43:39,895 [WARN] ModelIntegratedComponent:63 - No mode defined for component null
2023-10-05 15:43:39,895 [WARN] ModelIntegratedComponent:63 - No mode defined for component null
2023-10-05 15:43:39,895 [WARN] ModelIntegratedComponent:63 - No mode defined for component null
2023-10-05 15:43:39,895 [WARN] ModelIntegratedComponent:63 - No mode defined for component null
2023-10-05 15:43:39,895 [WARN] ModelIntegratedComponent:63 - No mode defined for component null
2023-10-05 15:43:39,895 [WARN] ModelIntegratedComponent:63 - No mode defined for component null
2023-10-05 15:43:39,895 [WARN] ModelIntegratedComponent:63 - No mode defined for component null
2023-10-05 15:43:39,895 [WARN] ModelIntegratedComponent:63 - No mode defined for component null
2023-10-05 15:43:39,895 [WARN] ModelIntegratedComponent:63 - No mode defined for component null
2023-10-05 15:43:39,895 [WARN] ModelIntegratedComponent:63 - No mode defined for component null
2023-10-05 15:43:39,895 [WARN] ModelIntegratedComponent:63 - No mode defined for component null
2023-10-05 15:43:39,912 [INFO] ThirdPartyModel:298 - Start build external matchings
2023-10-05 15:43:40,096 [INFO] ThirdPartyModel:316 - End build external matchings
2023-10-05 15:43:40,103 [INFO] ImportTextPane:194 - (OptionalMessage_ERROR) IP (RCC) : Invalid parameter (FamilyName)
2023-10-05 15:43:40,104 [INFO] ImportTextPane:194 - (OptionalMessage_ERROR) IP (RCC) : Parameter (USBFreq_Value) has invalid value (4000000)
2023-10-05 15:43:40,302 [INFO] UtilMem:75 - End LoadConfig() Used Memory: 470301928 Bytes (615514112)
2023-10-05 15:43:40,496 [INFO] ApiDb:581 - Connected to CubeFinder SQLite database (C:\Users\HoFong\.stmcufinder\plugins\mcufinder\mcu\cube-finder-db.db)
2023-10-05 15:43:40,589 [INFO] ApiDb:668 - CubeFinder database Data Model version=2.1
2023-10-05 15:43:40,589 [INFO] ApiDb:669 - CubeFinder database Configuration version=3.0.37
2023-10-05 15:43:40,590 [INFO] ApiDb:670 - CubeFinder database generation date=2023-08-09 (1691586011)
2023-10-05 15:43:40,590 [INFO] ApiDb:671 - CubeFinder database FW Pack versions=[FP-ATR-ASTRA1_V2.0.0, FP-SNS-FLIGHT1_V5.0.1, FP-SNS-FLIGHT1_V5.0.2, FP-SNS-MOTENV1_V4.3.1, FP-SNS-MOTENV1_V4.3.2, STM32Cube_FW_C0_V1.1.0, STM32Cube_FW_F4_V1.27.1, STM32Cube_FW_F7_V1.17.0, STM32Cube_FW_G0_V1.6.1, STM32Cube_FW_G4_V1.5.1, STM32Cube_FW_H5_V0.5.1, STM32Cube_FW_H5_V1.1.0, STM32Cube_FW_H7_V1.11.0, STM32Cube_FW_L0_V1.12.2, STM32Cube_FW_L5_V1.5.0, STM32Cube_FW_U5_V1.3.0, STM32Cube_FW_U5_V1.3.0RC4, STM32Cube_FW_WBA_V1.0.0RC1, STM32Cube_FW_WBA_V1.1.0, STM32Cube_FW_WBA_V1.1.0RC1, STM32Cube_FW_WB_V1.15.0RC1, STM32Cube_FW_WB_V1.16.0, STM32Cube_FW_WB_V1.16.0RC2, STM32Cube_FW_WB_V1.17.0, STM32Cube_FW_WL_V1.3.0, X-CUBE-ALGOBUILD_V1.3.0, X-CUBE-ALS_V1.0.1, X-CUBE-AZRTOS-F4_V1.1.0, X-CUBE-AZRTOS-F7_V1.1.0, X-CUBE-AZRTOS-G0_V1.1.0, X-CUBE-AZRTOS-G4_V2.0.0, X-CUBE-AZRTOS-H7_V3.1.0, X-CUBE-AZRTOS-L4_V1.0.0, X-CUBE-AZRTOS-L4_V2.0.0, X-CUBE-AZRTOS-L5_V1.1.0, X-CUBE-AZRTOS-WB_V1.1.0, X-CUBE-AZRTOS-WL_V2.0.0, X-CUBE-BLE1_V7.0.0, X-CUBE-BLE2_V3.3.0, X-CUBE-BLEMGR_V2.0.0, X-CUBE-EEPRMA1_V4.1.0, X-CUBE-FREERTOS_V1.1.0, X-CUBE-GNSS1_V6.0.0, X-CUBE-MEMS1_V9.1.0, X-CUBE-MEMS1_V9.4.0, X-CUBE-MEMS1_V9.6.0, X-CUBE-NFC4_V3.0.0, X-CUBE-NFC7_V1.0.0, X-CUBE-SFXS2LP1_V4.0.0, X-CUBE-SUBG2_V5.0.0, X-CUBE-TOF1_V3.3.1]
2023-10-05 15:43:42,203 [INFO] ApiDb:240 - Found 323 in-development CPN: [B-G473E-ZEST1S, B-WB1M-WPAN1, B-WL5M-SUBG1, NUCLEO-C031C6, NUCLEO-H503RB, NUCLEO-H563ZI, NUCLEO-U545RE-Q, NUCLEO-U5A5ZJ-Q, NUCLEO-WBA52CG, STEVAL-PROTEUS1, STEVAL-SMARTAG2, STEVAL-STWINBX1, STM320518-EVAL, STM32C0116-DK, STM32C011D6Y3TR, STM32C011D6Y6TR, STM32C011F4P3, STM32C011F4P6, STM32C011F4U3, STM32C011F4U6TR, STM32C011F6P3, STM32C011F6P6, STM32C011F6U3, STM32C011F6U6TR, STM32C011J4M3, STM32C011J4M6, STM32C011J6M3, STM32C011J6M6, STM32C0316-DK, STM32C031C4T3, STM32C031C4T6, STM32C031C4U3, STM32C031C4U6, STM32C031C6T3, STM32C031C6T6, STM32C031C6U3, STM32C031C6U6, STM32C031F4P3, STM32C031F4P6, STM32C031F6P3, STM32C031F6P6, STM32C031G4U3, STM32C031G4U6, STM32C031G6U3, STM32C031G6U6, STM32C031K4T3, STM32C031K4T6, STM32C031K4U3, STM32C031K4U6, STM32C031K6T3, STM32C031K6T6, STM32C031K6U3, STM32C031K6U6, STM32G071K8TXN, STM32G071K8UXN, STM32G081GBU6N, STM32G081KBT6N, STM32G081KBUXN, STM32G0B1CCT6N, STM32G0B1KCT6, STM32G0B1NEY6TR, STM32G0B1RCT6N, STM32G0C1CCT6, STM32G0C1CCT6N, STM32G0C1CCU6N, STM32G0C1CET6N, STM32G0C1CEU6N, STM32G0C1KCT6, STM32G0C1NEY6TR, STM32G0C1RCI6N, STM32G0C1RCT6N, STM32G0C1REI6N, STM32G0C1RET6N, STM32G0C1VCI6, STM32G0C1VEI6, STM32G471CCT6, STM32G471CCU6, STM32G471CET3, STM32G471CET6, STM32G471CEU3, STM32G471CEU6, STM32G471MCT6, STM32G471MET3, STM32G471MET6, STM32G471MEY6TR, STM32G471QCT6, STM32G471QET3, STM32G471RCT6, STM32G471RET3, STM32G471RET6, STM32G471VCH6, STM32G471VCI6, STM32G471VCT6, STM32G471VEH3, STM32G471VEH6, STM32G471VEI3, STM32G471VEI6, STM32G471VET3, STM32G471VET6, STM32G474CCT6, STM32H503CBT6, STM32H503CBU6, STM32H503EBY6TR, STM32H503KBU6, STM32H503RBT6, STM32H562AGI6, STM32H562AII6, STM32H562IGK6, STM32H562IGT6, STM32H562IIK6, STM32H562IIT6, STM32H562RGT6, STM32H562RGV6, STM32H562RIT6, STM32H562RIV6, STM32H562VGT6, STM32H562VIT6, STM32H562ZGT6, STM32H562ZIT6, STM32H563AGI6, STM32H563AII3Q, STM32H563AII6, STM32H563IGK6, STM32H563IGT6, STM32H563IIK3Q, STM32H563IIK6, STM32H563IIT3Q, STM32H563IIT6, STM32H563MIY3QTR, STM32H563RGT6, STM32H563RGV6, STM32H563RIT6, STM32H563RIV6, STM32H563VGT6, STM32H563VIT3Q, STM32H563VIT6, STM32H563ZGT6, STM32H563ZIT3Q, STM32H563ZIT6, STM32H573AII3Q, STM32H573AII6, STM32H573I-DK, STM32H573IIK3Q, STM32H573IIK6, STM32H573IIT3Q, STM32H573IIT6, STM32H573MIY3QTR, STM32H573RIT6, STM32H573RIV6, STM32H573VIT3Q, STM32H573VIT6, STM32H573ZIT3Q, STM32H573ZIT6, STM32L4R5QGI6STR, STM32MP131AAE3, STM32MP131AAF3, STM32MP131AAG3, STM32MP131CAE3, STM32MP131CAF3, STM32MP131CAG3, STM32MP131DAE7, STM32MP131DAF7, STM32MP131DAG7, STM32MP131FAE7, STM32MP131FAF7, STM32MP131FAG7, STM32MP133AAE3, STM32MP133AAF3, STM32MP133AAG3, STM32MP133CAE3, STM32MP133CAF3, STM32MP133CAG3, STM32MP133DAE7, STM32MP133DAF7, STM32MP133DAG7, STM32MP133FAE7, STM32MP133FAF7, STM32MP133FAG7, STM32MP135AAE3, STM32MP135AAF3, STM32MP135AAG3, STM32MP135CAE3, STM32MP135CAF3, STM32MP135CAG3, STM32MP135DAE7, STM32MP135DAF7, STM32MP135DAG7, STM32MP135F-DK, STM32MP135FAE7, STM32MP135FAF7, STM32MP135FAF7T, STM32MP135FAF7U, STM32MP135FAG7, STM32U535CBT6, STM32U535CBT6Q, STM32U535CBU6, STM32U535CBU6Q, STM32U535CCT6, STM32U535CCT6Q, STM32U535CCU6, STM32U535CCU6Q, STM32U535CET6, STM32U535CET6Q, STM32U535CEU6, STM32U535CEU6Q, STM32U535JEY6QTR, STM32U535NCY6QTR, STM32U535NEY6QTR, STM32U535RBI6, STM32U535RBI6Q, STM32U535RBT6, STM32U535RBT6Q, STM32U535RCI6, STM32U535RCI6Q, STM32U535RCT6, STM32U535RCT6Q, STM32U535REI6, STM32U535REI6Q, STM32U535RET6, STM32U535RET6Q, STM32U535VCI6, STM32U535VCI6Q, STM32U535VCT6, STM32U535VCT6Q, STM32U535VEI6, STM32U535VEI6Q, STM32U535VET6, STM32U535VET6Q, STM32U545CET6, STM32U545CET6Q, STM32U545CEU6, STM32U545CEU6Q, STM32U545JEY6QTR, STM32U545NEY6QTR, STM32U545REI6, STM32U545REI6Q, STM32U545RET6, STM32U545RET6Q, STM32U545VEI6, STM32U545VEI6Q, STM32U545VET6, STM32U545VET6Q, STM32U595AIH6, STM32U595AIH6Q, STM32U595AJH6, STM32U595AJH6Q, STM32U595QII6, STM32U595QII6Q, STM32U595QJI6, STM32U595QJI6Q, STM32U595RIT6, STM32U595RIT6Q, STM32U595RJT6, STM32U595RJT6Q, STM32U595VIT6, STM32U595VIT6Q, STM32U595VJT6, STM32U595VJT6Q, STM32U595ZIT6, STM32U595ZIT6Q, STM32U595ZIY6QTR, STM32U595ZJT6, STM32U595ZJT6Q, STM32U595ZJY6QTR, STM32U599BJY6QTR, STM32U599NIH6Q, STM32U599NJH6Q, STM32U599VIT6Q, STM32U599VJT6, STM32U599VJT6Q, STM32U599ZIT6Q, STM32U599ZIY6QTR, STM32U599ZJT6Q, STM32U599ZJY6QTR, STM32U5A5AJH6, STM32U5A5AJH6Q, STM32U5A5QJI6, STM32U5A5QJI6Q, STM32U5A5RJT6, STM32U5A5RJT6Q, STM32U5A5VJT6, STM32U5A5VJT6Q, STM32U5A5ZJT6, STM32U5A5ZJT6Q, STM32U5A5ZJY6QTR, STM32U5A9BJY6QTR, STM32U5A9J-DK, STM32U5A9NJH6Q, STM32U5A9VJT6Q, STM32U5A9ZJT6Q, STM32U5A9ZJY6QTR, STM32U5F7VIT6, STM32U5F7VIT6Q, STM32U5F7VJT6, STM32U5F7VJT6Q, STM32U5F9BJY6QTR, STM32U5F9NJH6Q, STM32U5F9VIT6Q, STM32U5F9VJT6Q, STM32U5F9ZIJ6QTR, STM32U5F9ZIT6Q, STM32U5F9ZJJ6QTR, STM32U5F9ZJT6Q, STM32U5G7VJT6, STM32U5G7VJT6Q, STM32U5G9BJY6QTR, STM32U5G9J-DK1, STM32U5G9J-DK2, STM32U5G9NJH6Q, STM32U5G9VJT6Q, STM32U5G9ZJJ6QTR, STM32U5G9ZJT6Q, STM32WB1MMCH6, STM32WBA52CEU6, STM32WBA52CEU6T, STM32WBA52CGU6, STM32WBA52CGU6T, STM32WBA52KEU6, STM32WBA52KEU6T, STM32WBA52KGU6, STM32WBA52KGU6T, STM32WL5MOCH6, STM32WL5MOCH6TR]
2023-10-05 15:43:42,203 [INFO] DbMcus:217 - Found 3848 MCUs, 3848 are supported
2023-10-05 15:43:42,203 [INFO] ApiDb:423 - Load user favorites file C:\Users\HoFong/.stm32cubeide/favorites.mcus.txt: 0 item(s)
2023-10-05 15:43:42,203 [INFO] ApiDb:427 - User favorites MCUs=[]
2023-10-05 15:43:42,203 [INFO] DbMcus:223 - Set 0 / 0 favorites MCUs
2023-10-05 15:43:42,392 [WARN] ThirdParty:833 - waiting for thirdparty lock release [change project]
2023-10-05 15:43:42,408 [INFO] ThirdParty:835 - entering critical section [change project]
2023-10-05 15:43:42,408 [INFO] ThirdParty:1030 - CMSIS Pack Vendor :STMicroelectronics X-CUBE-ISPU 1.1.0
2023-10-05 15:43:42,408 [INFO] ThirdParty:1030 - CMSIS Pack Vendor :STMicroelectronics USBPD 4.1
2023-10-05 15:43:42,408 [INFO] ThirdParty:1030 - CMSIS Pack Vendor :STMicroelectronics X-CUBE-GNSS1 6.0.0
2023-10-05 15:43:42,408 [INFO] ThirdParty:1030 - CMSIS Pack Vendor :STMicroelectronics USB_HOST 2.0.0
2023-10-05 15:43:42,408 [INFO] ThirdParty:1030 - CMSIS Pack Vendor :STMicroelectronics X-CUBE-AZRTOS-F4 1.1.0
2023-10-05 15:43:42,408 [INFO] ThirdParty:1030 - CMSIS Pack Vendor :STMicroelectronics LIBJPEG 8.0.0
2023-10-05 15:43:42,408 [INFO] ThirdParty:1030 - CMSIS Pack Vendor :wolfSSL I-CUBE-wolfSSL 5.6.3
2023-10-05 15:43:42,408 [INFO] ThirdParty:1030 - CMSIS Pack Vendor :STMicroelectronics X-CUBE-SMBUS 2.1.0
2023-10-05 15:43:42,408 [INFO] ThirdParty:1030 - CMSIS Pack Vendor :STMicroelectronics USB_DEVICE 3.0.0
2023-10-05 15:43:42,408 [INFO] ThirdParty:1030 - CMSIS Pack Vendor :STMicroelectronics X-CUBE-AZRTOS-WB 2.0.0
2023-10-05 15:43:42,408 [INFO] ThirdParty:1030 - CMSIS Pack Vendor :STMicroelectronics X-CUBE-AZRTOS-F7 1.1.0
2023-10-05 15:43:42,408 [INFO] ThirdParty:1030 - CMSIS Pack Vendor :STMicroelectronics X-CUBE-AZRTOS-L5 2.0.0
2023-10-05 15:43:42,408 [INFO] ThirdParty:1030 - CMSIS Pack Vendor :STMicroelectronics USB_DEVICE 2.0.0
2023-10-05 15:43:42,408 [INFO] ThirdParty:1030 - CMSIS Pack Vendor :STMicroelectronics X-CUBE-MEMS1 9.6.0
2023-10-05 15:43:42,408 [INFO] ThirdParty:1030 - CMSIS Pack Vendor :STMicroelectronics FP-SNS-MOTENV1 4.3.2
2023-10-05 15:43:42,408 [INFO] ThirdParty:1030 - CMSIS Pack Vendor :STMicroelectronics X-CUBE-ALGOBUILD 1.3.0
2023-10-05 15:43:42,408 [INFO] ThirdParty:1030 - CMSIS Pack Vendor :STMicroelectronics FreeRTOS 0.0.1
2023-10-05 15:43:42,408 [INFO] ThirdParty:1030 - CMSIS Pack Vendor :STMicroelectronics X-CUBE-AZRTOS-G0 1.1.0
2023-10-05 15:43:42,408 [INFO] ThirdParty:1030 - CMSIS Pack Vendor :STMicroelectronics X-CUBE-BLEMGR 2.0.0
2023-10-05 15:43:42,408 [INFO] ThirdParty:1030 - CMSIS Pack Vendor :STMicroelectronics X-CUBE-NFC4 3.0.0
2023-10-05 15:43:42,408 [INFO] ThirdParty:1030 - CMSIS Pack Vendor :STMicroelectronics X-CUBE-SUBG2 5.0.0
2023-10-05 15:43:42,408 [INFO] ThirdParty:1030 - CMSIS Pack Vendor :STMicroelectronics STM32_WPAN 1.0.0
2023-10-05 15:43:42,408 [INFO] ThirdParty:1030 - CMSIS Pack Vendor :STMicroelectronics lwIP 2.0.3
2023-10-05 15:43:42,408 [INFO] ThirdParty:1030 - CMSIS Pack Vendor :STMicroelectronics FP-SNS-FLIGHT1 5.0.2
2023-10-05 15:43:42,408 [INFO] ThirdParty:1030 - CMSIS Pack Vendor :STMicroelectronics USB_HOST 1.0.0
2023-10-05 15:43:42,408 [INFO] ThirdParty:1030 - CMSIS Pack Vendor :STMicroelectronics X-CUBE-TOF1 3.3.1
2023-10-05 15:43:42,408 [INFO] ThirdParty:1030 - CMSIS Pack Vendor :STMicroelectronics X-CUBE-AZRTOS-G4 2.0.0
2023-10-05 15:43:42,408 [INFO] ThirdParty:1030 - CMSIS Pack Vendor :STMicroelectronics PDM2PCM 3.1.0
2023-10-05 15:43:42,408 [INFO] ThirdParty:1030 - CMSIS Pack Vendor :STMicroelectronics X-CUBE-AZRTOS-H7 3.1.0
2023-10-05 15:43:42,408 [INFO] ThirdParty:1030 - CMSIS Pack Vendor :STMicroelectronics PDM2PCM 3.3.0
2023-10-05 15:43:42,408 [INFO] ThirdParty:1030 - CMSIS Pack Vendor :STMicroelectronics X-CUBE-DISPLAY 3.0.0
2023-10-05 15:43:42,408 [INFO] ThirdParty:1030 - CMSIS Pack Vendor :STMicroelectronics X-CUBE-BLE1 7.0.0
2023-10-05 15:43:42,408 [INFO] ThirdParty:1030 - CMSIS Pack Vendor :STMicroelectronics FP-ATR-SIGFOX1 3.2.0
2023-10-05 15:43:42,408 [INFO] ThirdParty:1030 - CMSIS Pack Vendor :STMicroelectronics HAL Drivers 0.0.0
2023-10-05 15:43:42,408 [INFO] ThirdParty:1030 - CMSIS Pack Vendor :STMicroelectronics MBEDTLS 2.16.2
2023-10-05 15:43:42,408 [INFO] ThirdParty:1030 - CMSIS Pack Vendor :emotas I-CUBE-CANOPEN 1.3.0
2023-10-05 15:43:42,408 [INFO] ThirdParty:1030 - CMSIS Pack Vendor :STMicroelectronics X-CUBE-FREERTOS 1.1.0
2023-10-05 15:43:42,408 [INFO] ThirdParty:1030 - CMSIS Pack Vendor :STMicroelectronics X-CUBE-TOUCHGFX 4.22.0
2023-10-05 15:43:42,408 [INFO] ThirdParty:1030 - CMSIS Pack Vendor :STMicroelectronics X-CUBE-NFC7 1.0.1
2023-10-05 15:43:42,408 [INFO] ThirdParty:1030 - CMSIS Pack Vendor :STMicroelectronics MBEDTLS 2.14.1
2023-10-05 15:43:42,408 [INFO] ThirdParty:1030 - CMSIS Pack Vendor :STMicroelectronics X-CUBE-NFC6 3.0.0
2023-10-05 15:43:42,408 [INFO] ThirdParty:1030 - CMSIS Pack Vendor :STMicroelectronics X-CUBE-EEPRMA1 4.1.0
2023-10-05 15:43:42,408 [INFO] ThirdParty:1030 - CMSIS Pack Vendor :portGmbH I-Cube-SoM-uGOAL 1.1.0
2023-10-05 15:43:42,408 [INFO] ThirdParty:1030 - CMSIS Pack Vendor :STMicroelectronics X-CUBE-ALS 1.0.1
2023-10-05 15:43:42,408 [INFO] ThirdParty:1030 - CMSIS Pack Vendor :STMicroelectronics ThreadX 1.0.0
2023-10-05 15:43:42,408 [INFO] ThirdParty:1030 - CMSIS Pack Vendor :STMicroelectronics FP-SNS-SMARTAG2 1.2.0
2023-10-05 15:43:42,408 [INFO] ThirdParty:1030 - CMSIS Pack Vendor :STMicroelectronics X-CUBE-AZRTOS-WL 2.0.0
2023-10-05 15:43:42,408 [INFO] ThirdParty:1030 - CMSIS Pack Vendor :SEGGER I-CUBE-embOS 1.3.1
2023-10-05 15:43:42,408 [INFO] ThirdParty:1030 - CMSIS Pack Vendor :STMicroelectronics USB_DEVICE 1.0.0
2023-10-05 15:43:42,408 [INFO] ThirdParty:1030 - CMSIS Pack Vendor :STMicroelectronics X-CUBE-AI 8.1.0
2023-10-05 15:43:42,408 [INFO] ThirdParty:1030 - CMSIS Pack Vendor :STMicroelectronics X-CUBE-AZRTOS-L4 2.0.0
2023-10-05 15:43:42,408 [INFO] ThirdParty:1030 - CMSIS Pack Vendor :STMicroelectronics ThreadX 0.0.2
2023-10-05 15:43:42,408 [INFO] ThirdParty:1030 - CMSIS Pack Vendor :WES I-CUBE-Cesium 1.3.0
2023-10-05 15:43:42,409 [INFO] ThirdParty:1030 - CMSIS Pack Vendor :STMicroelectronics FP-ATR-ASTRA1 2.0.0
2023-10-05 15:43:42,409 [INFO] ThirdParty:1030 - CMSIS Pack Vendor :STMicroelectronics lwIP 2.1.2
2023-10-05 15:43:42,409 [INFO] ThirdParty:1030 - CMSIS Pack Vendor :STMicroelectronics X-CUBE-SFXS2LP1 4.0.0
2023-10-05 15:43:42,409 [INFO] ThirdParty:1030 - CMSIS Pack Vendor :STMicroelectronics X-CUBE-BLE2 3.3.0
2023-10-05 15:43:42,409 [INFO] ThirdParty:1030 - CMSIS Pack Vendor :STMicroelectronics PDM2PCM 3.2.0
2023-10-05 15:43:42,409 [INFO] ThirdParty:841 - exiting critical section [change project]
2023-10-05 15:43:42,646 [INFO] PinOutPanel:1499 - setPackage(No Configuration,No Configuration)
2023-10-05 15:43:42,650 [INFO] PinOutPanel:1499 - setPackage(STM32L412RBTx,LQFP64)
2023-10-05 15:43:42,982 [INFO] UtilMem:75 - Before build in PCC Used Memory: 326604000 Bytes (615514112)
2023-10-05 15:43:43,849 [INFO] UtilMem:75 - After build in PCC Used Memory: 454030800 Bytes (615514112)
2023-10-05 15:43:43,865 [INFO] IPUIPlugin:80 - create IPUIPlugin
2023-10-05 15:43:43,866 [INFO] IPUIPlugin:80 - create IPUIPlugin
2023-10-05 15:43:43,866 [INFO] IPUIPlugin:80 - create IPUIPlugin
2023-10-05 15:43:43,866 [INFO] IPUIPlugin:80 - create IPUIPlugin
2023-10-05 15:43:43,866 [INFO] IPUIPlugin:80 - create IPUIPlugin
2023-10-05 15:43:43,866 [INFO] IPUIPlugin:80 - create IPUIPlugin
2023-10-05 15:43:43,866 [INFO] IPUIPlugin:80 - create IPUIPlugin
2023-10-05 15:43:43,866 [INFO] IPUIPlugin:80 - create IPUIPlugin
2023-10-05 15:43:43,866 [INFO] IPUIPlugin:80 - create IPUIPlugin
2023-10-05 15:43:43,866 [INFO] IPUIPlugin:80 - create IPUIPlugin
2023-10-05 15:43:43,867 [INFO] IPUIPlugin:80 - create IPUIPlugin
2023-10-05 15:43:43,867 [INFO] IPUIPlugin:80 - create IPUIPlugin
2023-10-05 15:43:43,867 [INFO] IPUIPlugin:80 - create IPUIPlugin
2023-10-05 15:43:43,867 [INFO] IPUIPlugin:80 - create IPUIPlugin
2023-10-05 15:43:43,867 [INFO] IPUIPlugin:80 - create IPUIPlugin
2023-10-05 15:43:43,867 [INFO] IPUIPlugin:80 - create IPUIPlugin
2023-10-05 15:43:43,867 [INFO] IPUIPlugin:80 - create IPUIPlugin
2023-10-05 15:43:43,867 [INFO] IPUIPlugin:80 - create IPUIPlugin
2023-10-05 15:43:43,867 [INFO] IPUIPlugin:80 - create IPUIPlugin
2023-10-05 15:43:43,867 [INFO] IPUIPlugin:80 - create IPUIPlugin
2023-10-05 15:43:43,867 [INFO] IPUIPlugin:80 - create IPUIPlugin
2023-10-05 15:43:43,868 [INFO] IPUIPlugin:80 - create IPUIPlugin
2023-10-05 15:43:43,868 [INFO] IPUIPlugin:80 - create IPUIPlugin
2023-10-05 15:43:43,868 [INFO] IPUIPlugin:80 - create IPUIPlugin
2023-10-05 15:43:43,868 [INFO] IPUIPlugin:80 - create IPUIPlugin
2023-10-05 15:43:43,868 [INFO] IPUIPlugin:80 - create IPUIPlugin
2023-10-05 15:43:43,868 [INFO] IPUIPlugin:80 - create IPUIPlugin
2023-10-05 15:43:43,868 [INFO] IPUIPlugin:80 - create IPUIPlugin
2023-10-05 15:43:43,868 [INFO] IPUIPlugin:80 - create IPUIPlugin
2023-10-05 15:43:43,868 [INFO] IPUIPlugin:80 - create IPUIPlugin
2023-10-05 15:43:43,869 [INFO] IPUIPlugin:80 - create IPUIPlugin
2023-10-05 15:43:43,869 [INFO] IPUIPlugin:80 - create IPUIPlugin
2023-10-05 15:43:43,869 [INFO] IPUIPlugin:80 - create IPUIPlugin
2023-10-05 15:43:43,869 [INFO] IPUIPlugin:80 - create IPUIPlugin
2023-10-05 15:43:43,869 [INFO] IPUIPlugin:80 - create IPUIPlugin
2023-10-05 15:43:43,869 [INFO] IPUIPlugin:80 - create IPUIPlugin
2023-10-05 15:43:43,870 [INFO] IPUIPlugin:80 - create IPUIPlugin
2023-10-05 15:43:43,870 [INFO] IPUIPlugin:80 - create IPUIPlugin
2023-10-05 15:43:44,137 [INFO] CADModel:165 - CPN selected for project levelSTM32L412RBT6
2023-10-05 15:43:44,137 [INFO] CADModel:114 - Register for checkConnection events
2023-10-05 15:43:44,176 [INFO] OpenFileManager:328 - Restore cursor
2023-10-05 15:45:30,387 [INFO] NvicIntPanel:101 - NVIC parent = com.st.microxplorer.plugins.ip.nvic.MultiNvicIntPanel[,0,0,517x296,layout=javax.swing.BoxLayout,alignmentX=0.0,alignmentY=0.0,border=,flags=9,maximumSize=,minimumSize=,preferredSize=]
2023-10-05 15:45:37,195 [INFO] UtilMem:75 - End SaveConfig() Used Memory: 529833952 Bytes (615514112)
2023-10-05 15:45:50,730 [INFO] NvicIntPanel:101 - NVIC parent = com.st.microxplorer.plugins.ip.nvic.MultiNvicIntPanel[,0,0,0x0,invalid,layout=javax.swing.BoxLayout,alignmentX=0.0,alignmentY=0.0,border=,flags=9,maximumSize=,minimumSize=,preferredSize=]
2023-10-05 15:45:54,087 [INFO] NvicIntPanel:101 - NVIC parent = com.st.microxplorer.plugins.ip.nvic.MultiNvicIntPanel[,0,0,0x0,invalid,layout=javax.swing.BoxLayout,alignmentX=0.0,alignmentY=0.0,border=,flags=9,maximumSize=,minimumSize=,preferredSize=]
2023-10-05 15:45:55,893 [INFO] UtilMem:75 - End SaveConfig() Used Memory: 448333104 Bytes (615514112)
2023-10-05 15:45:57,247 [INFO] UtilMem:75 - End SaveConfig() Used Memory: 462490928 Bytes (615514112)
2023-10-05 15:46:06,147 [INFO] McuFinderGlobals:63 - Set McuFinder mode to 2 (CubeIDE integrated)
2023-10-05 15:46:06,147 [INFO] UserAuth:179 - activating auth plugin
2023-10-05 15:46:06,151 [INFO] UserAuth:393 - Internet connection configuration mode: 1
2023-10-05 15:46:30,691 [INFO] WebApp:588 - userauth.ini deleted or not created
2023-10-05 15:46:39,311 [INFO] NvicIntPanel:101 - NVIC parent = com.st.microxplorer.plugins.ip.nvic.MultiNvicIntPanel[,0,0,0x0,invalid,layout=javax.swing.BoxLayout,alignmentX=0.0,alignmentY=0.0,border=,flags=9,maximumSize=,minimumSize=,preferredSize=]
2023-10-05 15:46:41,862 [INFO] NvicIntPanel:101 - NVIC parent = com.st.microxplorer.plugins.ip.nvic.MultiNvicIntPanel[,0,0,0x0,invalid,layout=javax.swing.BoxLayout,alignmentX=0.0,alignmentY=0.0,border=,flags=9,maximumSize=,minimumSize=,preferredSize=]
2023-10-05 15:46:42,719 [INFO] UtilMem:75 - End SaveConfig() Used Memory: 334370368 Bytes (615514112)
2023-10-05 15:46:43,802 [INFO] UtilMem:75 - End SaveConfig() Used Memory: 348001856 Bytes (615514112)
2023-10-05 15:46:46,483 [INFO] ServerAccessManage:473 - Download File stm32cube_db_v6081.zip
2023-10-05 15:47:23,222 [INFO] FileExtend:240 - Unzip File : stm32cube_db_v6081.zip
2023-10-05 15:47:23,223 [INFO] FileExtend:255 - Standard Zip Deflate
2023-10-05 15:47:34,932 [INFO] ServerAccessManage:473 - Download File stm32cube_fw_l4_v1170.zip
2023-10-05 15:53:32,035 [ERROR] FileExtend:455 - File entry not found
2023-10-05 15:53:32,036 [INFO] FileExtend:240 - Unzip File : stm32cube_fw_l4_v1170.zip
2023-10-05 15:53:32,036 [INFO] FileExtend:255 - Standard Zip Deflate
2023-10-05 15:54:26,454 [INFO] ServerAccessManage:473 - Download File stm32cube_fw_l4_v1171.zip
2023-10-05 15:56:21,538 [INFO] FileExtend:240 - Unzip File : stm32cube_fw_l4_v1171.zip
2023-10-05 15:56:21,538 [INFO] FileExtend:255 - Standard Zip Deflate
2023-10-05 15:57:08,861 [INFO] LoadServerPackagesThread:196 - End of LoadServerPackages Thread
2023-10-05 15:57:09,043 [INFO] ThirdPartyModel:298 - Start build external matchings
2023-10-05 15:57:09,059 [INFO] UtilMem:75 - End SaveConfig() Used Memory: 257928848 Bytes (761266176)
2023-10-05 15:57:09,580 [INFO] ThirdPartyModel:316 - End build external matchings
2023-10-05 15:57:09,591 [INFO] CheckServerUpdateThread:120 - End of CheckServer Thread
2023-10-05 15:57:09,763 [INFO] BlockDiagram:2759 - set Specific Code input for plugin: RTC
2023-10-05 15:57:09,763 [INFO] BlockDiagram:2759 - set Specific Code input for plugin: SPI
2023-10-05 15:57:09,763 [INFO] BlockDiagram:2759 - set Specific Code input for plugin: IRTIM
2023-10-05 15:57:09,763 [INFO] BlockDiagram:2759 - set Specific Code input for plugin: NVIC
2023-10-05 15:57:09,763 [INFO] BlockDiagram:2759 - set Specific Code input for plugin: USART
2023-10-05 15:57:09,763 [INFO] BlockDiagram:2759 - set Specific Code input for plugin: IWDG
2023-10-05 15:57:09,764 [INFO] BlockDiagram:2759 - set Specific Code input for plugin: COMP
2023-10-05 15:57:09,764 [INFO] BlockDiagram:2759 - set Specific Code input for plugin: TIM1_8L4
2023-10-05 15:57:09,764 [INFO] BlockDiagram:2759 - set Specific Code input for plugin: TIM1_8L4
2023-10-05 15:57:09,764 [INFO] BlockDiagram:2759 - set Specific Code input for plugin: TIM1_8L4
2023-10-05 15:57:09,764 [INFO] BlockDiagram:2759 - set Specific Code input for plugin: SYS
2023-10-05 15:57:09,765 [INFO] BlockDiagram:2759 - set Specific Code input for plugin: GPIO
2023-10-05 15:57:09,765 [INFO] BlockDiagram:2759 - set Specific Code input for plugin: RCC
2023-10-05 15:57:09,765 [INFO] BlockDiagram:2759 - set Specific Code input for plugin: I2C
2023-10-05 15:57:09,767 [INFO] CodeGenerator:799 - code generatio: config db path: C:/Users/HoFong/.stm32cubemx/databases/DB.6.0.21/db/
2023-10-05 15:57:10,150 [INFO] CodeEngine:255 - oldGeneratedFile, C:\Users\HoFong\STM32_Files\T150_BMS_MainMCU\MXTmpFiles\license.tmp_save
2023-10-05 15:57:10,706 [INFO] CodeEngine:279 - Generated code: C:\Users\HoFong\STM32_Files\T150_BMS_MainMCU\MXTmpFiles\license.tmp
2023-10-05 15:57:10,892 [INFO] CodeEngine:255 - oldGeneratedFile, C:\Users\HoFong\STM32_Files\T150_BMS_MainMCU\MXTmpFiles\gpio.tmp_save
2023-10-05 15:57:11,017 [INFO] CodeEngine:279 - Generated code: C:\Users\HoFong\STM32_Files\T150_BMS_MainMCU\MXTmpFiles\gpio.tmp
2023-10-05 15:57:11,862 [INFO] CodeEngine:255 - oldGeneratedFile, C:\Users\HoFong\STM32_Files\T150_BMS_MainMCU\Core\Src\stm32l4xx_it.c_save
2023-10-05 15:57:12,066 [INFO] CodeEngine:279 - Generated code: C:\Users\HoFong\STM32_Files\T150_BMS_MainMCU\Core\Src\stm32l4xx_it.c
2023-10-05 15:57:12,084 [INFO] CodeEngine:255 - oldGeneratedFile, C:\Users\HoFong\STM32_Files\T150_BMS_MainMCU\Core\Inc\stm32l4xx_it.h_save
2023-10-05 15:57:12,198 [INFO] CodeEngine:279 - Generated code: C:\Users\HoFong\STM32_Files\T150_BMS_MainMCU\Core\Inc\stm32l4xx_it.h
2023-10-05 15:57:12,239 [INFO] CodeEngine:255 - oldGeneratedFile, C:\Users\HoFong\STM32_Files\T150_BMS_MainMCU\Core\Src\stm32l4xx_hal_msp.c_save
2023-10-05 15:57:12,436 [INFO] CodeEngine:279 - Generated code: C:\Users\HoFong\STM32_Files\T150_BMS_MainMCU\Core\Src\stm32l4xx_hal_msp.c
2023-10-05 15:57:12,458 [INFO] CodeEngine:255 - oldGeneratedFile, C:\Users\HoFong\STM32_Files\T150_BMS_MainMCU\MXTmpFiles\system.tmp_save
2023-10-05 15:57:12,509 [INFO] CodeEngine:279 - Generated code: C:\Users\HoFong\STM32_Files\T150_BMS_MainMCU\MXTmpFiles\system.tmp
2023-10-05 15:57:12,544 [INFO] CodeEngine:311 - oldGeneratedFile, C:\Users\HoFong\STM32_Files\T150_BMS_MainMCU\Core\Inc\stm32l4xx_hal_conf.h_save
2023-10-05 15:57:12,659 [INFO] CodeEngine:335 - Generated code: C:\Users\HoFong\STM32_Files\T150_BMS_MainMCU\Core\Inc\stm32l4xx_hal_conf.h
2023-10-05 15:57:12,710 [WARN] IPConfigManager:3431 - IP not found : TIM
2023-10-05 15:57:12,712 [WARN] CodeGenerator:3764 - IP not found : null
2023-10-05 15:57:12,735 [INFO] CodeEngine:255 - oldGeneratedFile, C:\Users\HoFong\STM32_Files\T150_BMS_MainMCU\Core\Inc\main.h_save
2023-10-05 15:57:12,826 [INFO] CodeEngine:279 - Generated code: C:\Users\HoFong\STM32_Files\T150_BMS_MainMCU\Core\Inc\main.h
2023-10-05 15:57:12,837 [INFO] CodeEngine:255 - oldGeneratedFile, C:\Users\HoFong\STM32_Files\T150_BMS_MainMCU\Core\Src\main.c_save
2023-10-05 15:57:13,001 [INFO] CodeEngine:279 - Generated code: C:\Users\HoFong\STM32_Files\T150_BMS_MainMCU\Core\Src\main.c
2023-10-05 15:57:13,501 [INFO] ProjectBuilder:3064 - Time for Copy HAL[1] : 138mS.
2023-10-05 15:57:13,507 [INFO] ProjectBuilder:4404 - Project Generator version: 4.1.0
2023-10-05 15:57:13,637 [INFO] ConfigFileManager:1457 - The Die is : DIE464
2023-10-05 15:57:13,652 [INFO] ApiDbMcu:507 - Load IP Config File for FATFS
2023-10-05 15:57:13,662 [INFO] ApiDbMcu:507 - Load IP Config File for FREERTOS
2023-10-05 15:57:13,683 [INFO] ApiDbMcu:507 - Load IP Config File for TOUCHSENSING
2023-10-05 15:57:13,698 [INFO] ApiDbMcu:507 - Load IP Config File for USB_DEVICE
2023-10-05 15:57:14,714 [INFO] LogOutputStream:77 - [STDOUT_REDIRECT] 
2023-10-05 15:57:18,177 [INFO] ProjectBuilder:4626 - Time for Generating toolchain IDE Files: 4668mS.
2023-10-05 15:57:18,178 [INFO] ProjectBuilder:2935 - Time for Copy CMSIS : 1mS.
2023-10-05 15:57:18,189 [INFO] ProjectBuilder:2935 - Time for Copy CMSIS : 0mS.
2023-10-05 15:58:42,514 [INFO] NvicIntPanel:101 - NVIC parent = com.st.microxplorer.plugins.ip.nvic.MultiNvicIntPanel[,0,0,0x0,invalid,layout=javax.swing.BoxLayout,alignmentX=0.0,alignmentY=0.0,border=,flags=9,maximumSize=,minimumSize=,preferredSize=]
2023-10-05 15:58:45,247 [INFO] NvicIntPanel:101 - NVIC parent = com.st.microxplorer.plugins.ip.nvic.MultiNvicIntPanel[,0,0,0x0,invalid,layout=javax.swing.BoxLayout,alignmentX=0.0,alignmentY=0.0,border=,flags=9,maximumSize=,minimumSize=,preferredSize=]
2023-10-05 15:58:47,443 [INFO] UtilMem:75 - End SaveConfig() Used Memory: 404133408 Bytes (891289600)
2023-10-05 15:58:49,014 [INFO] UtilMem:75 - End SaveConfig() Used Memory: 417764896 Bytes (891289600)
2023-10-05 15:58:52,943 [INFO] UtilMem:75 - End SaveConfig() Used Memory: 469145120 Bytes (891289600)
2023-10-05 15:58:53,122 [INFO] BlockDiagram:2759 - set Specific Code input for plugin: RTC
2023-10-05 15:58:53,122 [INFO] BlockDiagram:2759 - set Specific Code input for plugin: SPI
2023-10-05 15:58:53,122 [INFO] BlockDiagram:2759 - set Specific Code input for plugin: IRTIM
2023-10-05 15:58:53,123 [INFO] BlockDiagram:2759 - set Specific Code input for plugin: NVIC
2023-10-05 15:58:53,123 [INFO] BlockDiagram:2759 - set Specific Code input for plugin: USART
2023-10-05 15:58:53,123 [INFO] BlockDiagram:2759 - set Specific Code input for plugin: IWDG
2023-10-05 15:58:53,123 [INFO] BlockDiagram:2759 - set Specific Code input for plugin: COMP
2023-10-05 15:58:53,123 [INFO] BlockDiagram:2759 - set Specific Code input for plugin: TIM1_8L4
2023-10-05 15:58:53,123 [INFO] BlockDiagram:2759 - set Specific Code input for plugin: TIM1_8L4
2023-10-05 15:58:53,123 [INFO] BlockDiagram:2759 - set Specific Code input for plugin: TIM1_8L4
2023-10-05 15:58:53,123 [INFO] BlockDiagram:2759 - set Specific Code input for plugin: SYS
2023-10-05 15:58:53,123 [INFO] BlockDiagram:2759 - set Specific Code input for plugin: GPIO
2023-10-05 15:58:53,123 [INFO] BlockDiagram:2759 - set Specific Code input for plugin: RCC
2023-10-05 15:58:53,123 [INFO] BlockDiagram:2759 - set Specific Code input for plugin: I2C
2023-10-05 15:58:53,124 [INFO] CodeGenerator:799 - code generatio: config db path: C:/Users/HoFong/.stm32cubemx/databases/DB.6.0.21/db/
2023-10-05 15:58:53,192 [INFO] CodeEngine:255 - oldGeneratedFile, C:\Users\HoFong\STM32_Files\T150_BMS_MainMCU\MXTmpFiles\license.tmp_save
2023-10-05 15:58:53,229 [INFO] CodeEngine:279 - Generated code: C:\Users\HoFong\STM32_Files\T150_BMS_MainMCU\MXTmpFiles\license.tmp
2023-10-05 15:58:53,313 [INFO] CodeEngine:255 - oldGeneratedFile, C:\Users\HoFong\STM32_Files\T150_BMS_MainMCU\MXTmpFiles\gpio.tmp_save
2023-10-05 15:58:53,349 [INFO] CodeEngine:279 - Generated code: C:\Users\HoFong\STM32_Files\T150_BMS_MainMCU\MXTmpFiles\gpio.tmp
2023-10-05 15:58:53,705 [INFO] CodeEngine:255 - oldGeneratedFile, C:\Users\HoFong\STM32_Files\T150_BMS_MainMCU\Core\Src\stm32l4xx_it.c_save
2023-10-05 15:58:53,759 [INFO] CodeEngine:279 - Generated code: C:\Users\HoFong\STM32_Files\T150_BMS_MainMCU\Core\Src\stm32l4xx_it.c
2023-10-05 15:58:53,763 [INFO] CodeEngine:255 - oldGeneratedFile, C:\Users\HoFong\STM32_Files\T150_BMS_MainMCU\Core\Inc\stm32l4xx_it.h_save
2023-10-05 15:58:53,818 [INFO] CodeEngine:279 - Generated code: C:\Users\HoFong\STM32_Files\T150_BMS_MainMCU\Core\Inc\stm32l4xx_it.h
2023-10-05 15:58:53,841 [INFO] CodeEngine:255 - oldGeneratedFile, C:\Users\HoFong\STM32_Files\T150_BMS_MainMCU\Core\Src\stm32l4xx_hal_msp.c_save
2023-10-05 15:58:53,955 [INFO] CodeEngine:279 - Generated code: C:\Users\HoFong\STM32_Files\T150_BMS_MainMCU\Core\Src\stm32l4xx_hal_msp.c
2023-10-05 15:58:53,968 [INFO] CodeEngine:255 - oldGeneratedFile, C:\Users\HoFong\STM32_Files\T150_BMS_MainMCU\MXTmpFiles\system.tmp_save
2023-10-05 15:58:54,002 [INFO] CodeEngine:279 - Generated code: C:\Users\HoFong\STM32_Files\T150_BMS_MainMCU\MXTmpFiles\system.tmp
2023-10-05 15:58:54,022 [INFO] CodeEngine:311 - oldGeneratedFile, C:\Users\HoFong\STM32_Files\T150_BMS_MainMCU\Core\Inc\stm32l4xx_hal_conf.h_save
2023-10-05 15:58:54,097 [INFO] CodeEngine:335 - Generated code: C:\Users\HoFong\STM32_Files\T150_BMS_MainMCU\Core\Inc\stm32l4xx_hal_conf.h
2023-10-05 15:58:54,118 [WARN] IPConfigManager:3431 - IP not found : TIM
2023-10-05 15:58:54,118 [WARN] CodeGenerator:3764 - IP not found : null
2023-10-05 15:58:54,138 [INFO] CodeEngine:255 - oldGeneratedFile, C:\Users\HoFong\STM32_Files\T150_BMS_MainMCU\Core\Inc\main.h_save
2023-10-05 15:58:54,182 [INFO] CodeEngine:279 - Generated code: C:\Users\HoFong\STM32_Files\T150_BMS_MainMCU\Core\Inc\main.h
2023-10-05 15:58:54,197 [INFO] CodeEngine:255 - oldGeneratedFile, C:\Users\HoFong\STM32_Files\T150_BMS_MainMCU\Core\Src\main.c_save
2023-10-05 15:58:54,287 [INFO] CodeEngine:279 - Generated code: C:\Users\HoFong\STM32_Files\T150_BMS_MainMCU\Core\Src\main.c
2023-10-05 15:58:54,541 [INFO] ProjectBuilder:3064 - Time for Copy HAL[1] : 102mS.
2023-10-05 15:58:54,544 [INFO] ProjectBuilder:4404 - Project Generator version: 4.1.0
2023-10-05 15:58:54,762 [INFO] ConfigFileManager:1457 - The Die is : DIE464
2023-10-05 15:58:55,948 [INFO] ProjectBuilder:4626 - Time for Generating toolchain IDE Files: 1404mS.
2023-10-05 15:58:55,949 [INFO] ProjectBuilder:2935 - Time for Copy CMSIS : 1mS.
2023-10-05 15:58:55,958 [INFO] ProjectBuilder:2935 - Time for Copy CMSIS : 0mS.
2023-10-05 16:00:12,971 [INFO] I2cTimingTraitement:330 - 0x00202538
2023-10-05 16:00:20,405 [INFO] NvicIntPanel:101 - NVIC parent = com.st.microxplorer.plugins.ip.nvic.MultiNvicIntPanel[,0,0,491x296,layout=javax.swing.BoxLayout,alignmentX=0.0,alignmentY=0.0,border=,flags=9,maximumSize=,minimumSize=,preferredSize=]
2023-10-05 16:00:53,660 [INFO] I2cTimingTraitement:330 - 0x00202538
2023-10-05 16:02:00,950 [INFO] I2cTimingTraitement:330 - 0x00202538
2023-10-05 16:11:18,057 [INFO] NvicIntPanel:101 - NVIC parent = com.st.microxplorer.plugins.ip.nvic.MultiNvicIntPanel[,0,0,0x0,invalid,layout=javax.swing.BoxLayout,alignmentX=0.0,alignmentY=0.0,border=,flags=9,maximumSize=,minimumSize=,preferredSize=]
2023-10-05 16:11:20,620 [INFO] NvicIntPanel:101 - NVIC parent = com.st.microxplorer.plugins.ip.nvic.MultiNvicIntPanel[,0,0,0x0,invalid,layout=javax.swing.BoxLayout,alignmentX=0.0,alignmentY=0.0,border=,flags=9,maximumSize=,minimumSize=,preferredSize=]
2023-10-05 16:11:22,965 [INFO] UtilMem:75 - End SaveConfig() Used Memory: 616664976 Bytes (793772032)
2023-10-05 16:11:52,177 [INFO] NvicIntPanel:101 - NVIC parent = com.st.microxplorer.plugins.ip.nvic.MultiNvicIntPanel[,0,0,0x0,invalid,layout=javax.swing.BoxLayout,alignmentX=0.0,alignmentY=0.0,border=,flags=9,maximumSize=,minimumSize=,preferredSize=]
2023-10-05 16:11:55,467 [INFO] NvicIntPanel:101 - NVIC parent = com.st.microxplorer.plugins.ip.nvic.MultiNvicIntPanel[,0,0,0x0,invalid,layout=javax.swing.BoxLayout,alignmentX=0.0,alignmentY=0.0,border=,flags=9,maximumSize=,minimumSize=,preferredSize=]
2023-10-05 16:11:56,747 [INFO] UtilMem:75 - End SaveConfig() Used Memory: 300972072 Bytes (793772032)
2023-10-05 16:11:58,453 [INFO] UtilMem:75 - End SaveConfig() Used Memory: 314601512 Bytes (793772032)
2023-10-05 16:12:06,137 [INFO] UtilMem:75 - End SaveConfig() Used Memory: 359690280 Bytes (793772032)
2023-10-05 16:12:06,318 [INFO] BlockDiagram:2759 - set Specific Code input for plugin: RTC
2023-10-05 16:12:06,319 [INFO] BlockDiagram:2759 - set Specific Code input for plugin: SPI
2023-10-05 16:12:06,319 [INFO] BlockDiagram:2759 - set Specific Code input for plugin: IRTIM
2023-10-05 16:12:06,319 [INFO] BlockDiagram:2759 - set Specific Code input for plugin: NVIC
2023-10-05 16:12:06,319 [INFO] BlockDiagram:2759 - set Specific Code input for plugin: USART
2023-10-05 16:12:06,319 [INFO] BlockDiagram:2759 - set Specific Code input for plugin: IWDG
2023-10-05 16:12:06,319 [INFO] BlockDiagram:2759 - set Specific Code input for plugin: COMP
2023-10-05 16:12:06,319 [INFO] BlockDiagram:2759 - set Specific Code input for plugin: TIM1_8L4
2023-10-05 16:12:06,319 [INFO] BlockDiagram:2759 - set Specific Code input for plugin: TIM1_8L4
2023-10-05 16:12:06,319 [INFO] BlockDiagram:2759 - set Specific Code input for plugin: TIM1_8L4
2023-10-05 16:12:06,319 [INFO] BlockDiagram:2759 - set Specific Code input for plugin: SYS
2023-10-05 16:12:06,319 [INFO] BlockDiagram:2759 - set Specific Code input for plugin: GPIO
2023-10-05 16:12:06,319 [INFO] BlockDiagram:2759 - set Specific Code input for plugin: RCC
2023-10-05 16:12:06,320 [INFO] BlockDiagram:2759 - set Specific Code input for plugin: I2C
2023-10-05 16:12:06,321 [INFO] CodeGenerator:799 - code generatio: config db path: C:/Users/HoFong/.stm32cubemx/databases/DB.6.0.21/db/
2023-10-05 16:12:06,392 [INFO] CodeEngine:255 - oldGeneratedFile, C:\Users\HoFong\STM32_Files\T150_BMS_MainMCU\MXTmpFiles\license.tmp_save
2023-10-05 16:12:06,483 [INFO] CodeEngine:279 - Generated code: C:\Users\HoFong\STM32_Files\T150_BMS_MainMCU\MXTmpFiles\license.tmp
2023-10-05 16:12:06,520 [INFO] CodeEngine:255 - oldGeneratedFile, C:\Users\HoFong\STM32_Files\T150_BMS_MainMCU\MXTmpFiles\gpio.tmp_save
2023-10-05 16:12:06,592 [INFO] CodeEngine:279 - Generated code: C:\Users\HoFong\STM32_Files\T150_BMS_MainMCU\MXTmpFiles\gpio.tmp
2023-10-05 16:12:06,883 [INFO] CodeEngine:255 - oldGeneratedFile, C:\Users\HoFong\STM32_Files\T150_BMS_MainMCU\Core\Src\stm32l4xx_it.c_save
2023-10-05 16:12:07,021 [INFO] CodeEngine:279 - Generated code: C:\Users\HoFong\STM32_Files\T150_BMS_MainMCU\Core\Src\stm32l4xx_it.c
2023-10-05 16:12:07,040 [INFO] CodeEngine:255 - oldGeneratedFile, C:\Users\HoFong\STM32_Files\T150_BMS_MainMCU\Core\Inc\stm32l4xx_it.h_save
2023-10-05 16:12:07,114 [INFO] CodeEngine:279 - Generated code: C:\Users\HoFong\STM32_Files\T150_BMS_MainMCU\Core\Inc\stm32l4xx_it.h
2023-10-05 16:12:07,145 [INFO] CodeEngine:255 - oldGeneratedFile, C:\Users\HoFong\STM32_Files\T150_BMS_MainMCU\Core\Src\stm32l4xx_hal_msp.c_save
2023-10-05 16:12:07,261 [INFO] CodeEngine:279 - Generated code: C:\Users\HoFong\STM32_Files\T150_BMS_MainMCU\Core\Src\stm32l4xx_hal_msp.c
2023-10-05 16:12:07,278 [INFO] CodeEngine:255 - oldGeneratedFile, C:\Users\HoFong\STM32_Files\T150_BMS_MainMCU\MXTmpFiles\system.tmp_save
2023-10-05 16:12:07,326 [INFO] CodeEngine:279 - Generated code: C:\Users\HoFong\STM32_Files\T150_BMS_MainMCU\MXTmpFiles\system.tmp
2023-10-05 16:12:07,350 [INFO] CodeEngine:311 - oldGeneratedFile, C:\Users\HoFong\STM32_Files\T150_BMS_MainMCU\Core\Inc\stm32l4xx_hal_conf.h_save
2023-10-05 16:12:07,435 [INFO] CodeEngine:335 - Generated code: C:\Users\HoFong\STM32_Files\T150_BMS_MainMCU\Core\Inc\stm32l4xx_hal_conf.h
2023-10-05 16:12:07,476 [WARN] IPConfigManager:3431 - IP not found : TIM
2023-10-05 16:12:07,478 [WARN] CodeGenerator:3764 - IP not found : null
2023-10-05 16:12:07,500 [INFO] CodeEngine:255 - oldGeneratedFile, C:\Users\HoFong\STM32_Files\T150_BMS_MainMCU\Core\Inc\main.h_save
2023-10-05 16:12:07,578 [INFO] CodeEngine:279 - Generated code: C:\Users\HoFong\STM32_Files\T150_BMS_MainMCU\Core\Inc\main.h
2023-10-05 16:12:07,582 [INFO] CodeEngine:255 - oldGeneratedFile, C:\Users\HoFong\STM32_Files\T150_BMS_MainMCU\Core\Src\main.c_save
2023-10-05 16:12:07,668 [INFO] CodeEngine:279 - Generated code: C:\Users\HoFong\STM32_Files\T150_BMS_MainMCU\Core\Src\main.c
2023-10-05 16:12:07,935 [INFO] ProjectBuilder:3064 - Time for Copy HAL[1] : 116mS.
2023-10-05 16:12:07,938 [INFO] ProjectBuilder:4404 - Project Generator version: 4.1.0
2023-10-05 16:12:08,025 [INFO] ConfigFileManager:1457 - The Die is : DIE464
2023-10-05 16:12:09,124 [INFO] ProjectBuilder:4626 - Time for Generating toolchain IDE Files: 1186mS.
2023-10-05 16:12:09,125 [INFO] ProjectBuilder:2935 - Time for Copy CMSIS : 1mS.
2023-10-05 16:12:09,130 [INFO] ProjectBuilder:2935 - Time for Copy CMSIS : 0mS.
2023-10-05 16:26:12,934 [ERROR] LogOutputStream:75 - [STDERR_REDIRECT] 
2023-10-05 16:27:08,944 [INFO] Activator:176 - 


2023-10-05 16:27:08,946 [INFO] Activator:177 - !SESSION log4j initialized
2023-10-05 16:27:13,347 [INFO] LogOutputStream:77 - [STDOUT_REDIRECT] 
2023-10-05 16:27:15,196 [INFO] ApplicationProperties:184 - Using Application install path: C:\ST\STM32CubeIDE_1.13.2\STM32CubeIDE\plugins\com.st.stm32cube.common.mx_6.9.2.202309101412
2023-10-05 16:27:15,224 [INFO] DbMcusXml:78 - Set database path to: C:\ST\STM32CubeIDE_1.13.2\STM32CubeIDE\plugins\com.st.stm32cube.common.mx_6.9.2.202309101412\\db\/mcu/
2023-10-05 16:27:15,225 [INFO] ApiDb:274 - Set plugin database path to: C:\ST\STM32CubeIDE_1.13.2\STM32CubeIDE\plugins\com.st.stm32cube.common.mx_6.9.2.202309101412\\db\/plugins/boardmanager/
2023-10-05 16:27:15,225 [WARN] ApiDb:259 - Overriding images path with different value:  => C:\ST\STM32CubeIDE_1.13.2\STM32CubeIDE\plugins\com.st.stm32cube.common.mx_6.9.2.202309101412\\db\/plugins/mcufinder/images/
2023-10-05 16:27:15,235 [INFO] ApiDb:250 - Set database path to: C:\Users\HoFong\.stmcufinder\plugins\mcufinder//mcu/
2023-10-05 16:27:15,236 [INFO] DbMcusAds:125 - Set database path to: C:\Users\HoFong\.stmcufinder\plugins\mcufinder//mcu/
2023-10-05 16:27:15,238 [INFO] CrossReferenceDbSqlite:203 - Set database path to: C:\Users\HoFong\.stmcufinder\plugins\mcufinder//mcu/cs/
2023-10-05 16:27:15,360 [INFO] RulesReader:64 - Compatibility file has been processed (293 Rules)
2023-10-05 16:27:15,438 [INFO] DbMcusXml:78 - Set database path to: C:\ST\STM32CubeIDE_1.13.2\STM32CubeIDE\plugins\com.st.stm32cube.common.mx_6.9.2.202309101412\\db\/mcu/
2023-10-05 16:27:15,438 [INFO] ApiDb:274 - Set plugin database path to: C:\ST\STM32CubeIDE_1.13.2\STM32CubeIDE\plugins\com.st.stm32cube.common.mx_6.9.2.202309101412\\db\/plugins/boardmanager/
2023-10-05 16:27:15,438 [INFO] ApiDb:261 - Set plugin images path to: C:\ST\STM32CubeIDE_1.13.2\STM32CubeIDE\plugins\com.st.stm32cube.common.mx_6.9.2.202309101412\\db\/plugins/mcufinder/images/
2023-10-05 16:27:15,438 [WARN] DbFile:41 - Overriding database path with different value: C:\Users\HoFong\.stmcufinder\plugins\mcufinder/ => C:\Users\HoFong\.stmcufinder\plugins\mcufinder
2023-10-05 16:27:15,438 [INFO] ApiDb:250 - Set database path to: C:\Users\HoFong\.stmcufinder\plugins\mcufinder//mcu/
2023-10-05 16:27:15,438 [WARN] DbFile:41 - Overriding database path with different value: C:\Users\HoFong\.stmcufinder\plugins\mcufinder/ => C:\Users\HoFong\.stmcufinder\plugins\mcufinder
2023-10-05 16:27:15,438 [INFO] DbMcusAds:125 - Set database path to: C:\Users\HoFong\.stmcufinder\plugins\mcufinder//mcu/
2023-10-05 16:27:15,439 [WARN] DbFile:41 - Overriding database path with different value: C:\Users\HoFong\.stmcufinder\plugins\mcufinder/ => C:\Users\HoFong\.stmcufinder\plugins\mcufinder
2023-10-05 16:27:15,439 [WARN] DbFile:41 - Overriding database path with different value: C:\Users\HoFong\.stmcufinder\plugins\mcufinder/ => C:\Users\HoFong\.stmcufinder\plugins\mcufinder
2023-10-05 16:27:15,439 [INFO] CrossReferenceDbSqlite:203 - Set database path to: C:\Users\HoFong\.stmcufinder\plugins\mcufinder//mcu/cs/
2023-10-05 16:27:15,518 [INFO] MainPanel:262 - HeapMemory: 268435456
2023-10-05 16:27:15,607 [INFO] DbMcusXml:78 - Set database path to: C:\ST\STM32CubeIDE_1.13.2\STM32CubeIDE\plugins\com.st.stm32cube.common.mx_6.9.2.202309101412\\db\/mcu/
2023-10-05 16:27:15,608 [INFO] ApiDb:274 - Set plugin database path to: C:\ST\STM32CubeIDE_1.13.2\STM32CubeIDE\plugins\com.st.stm32cube.common.mx_6.9.2.202309101412\\db\/plugins/boardmanager/
2023-10-05 16:27:15,608 [INFO] ApiDb:261 - Set plugin images path to: C:\ST\STM32CubeIDE_1.13.2\STM32CubeIDE\plugins\com.st.stm32cube.common.mx_6.9.2.202309101412\\db\/plugins/mcufinder/images/
2023-10-05 16:27:15,608 [WARN] DbFile:41 - Overriding database path with different value: C:\Users\HoFong\.stmcufinder\plugins\mcufinder/ => C:\Users\HoFong\.stmcufinder\plugins\mcufinder
2023-10-05 16:27:15,608 [INFO] ApiDb:250 - Set database path to: C:\Users\HoFong\.stmcufinder\plugins\mcufinder//mcu/
2023-10-05 16:27:15,608 [WARN] DbFile:41 - Overriding database path with different value: C:\Users\HoFong\.stmcufinder\plugins\mcufinder/ => C:\Users\HoFong\.stmcufinder\plugins\mcufinder
2023-10-05 16:27:15,608 [INFO] DbMcusAds:125 - Set database path to: C:\Users\HoFong\.stmcufinder\plugins\mcufinder//mcu/
2023-10-05 16:27:15,608 [WARN] DbFile:41 - Overriding database path with different value: C:\Users\HoFong\.stmcufinder\plugins\mcufinder/ => C:\Users\HoFong\.stmcufinder\plugins\mcufinder
2023-10-05 16:27:15,608 [WARN] DbFile:41 - Overriding database path with different value: C:\Users\HoFong\.stmcufinder\plugins\mcufinder/ => C:\Users\HoFong\.stmcufinder\plugins\mcufinder
2023-10-05 16:27:15,608 [INFO] CrossReferenceDbSqlite:203 - Set database path to: C:\Users\HoFong\.stmcufinder\plugins\mcufinder//mcu/cs/
2023-10-05 16:27:15,621 [INFO] ApplicationProperties:184 - Using Application install path: C:\ST\STM32CubeIDE_1.13.2\STM32CubeIDE\plugins\com.st.stm32cube.common.mx_6.9.2.202309101412
2023-10-05 16:27:15,622 [INFO] PluginManage:196 - Search for loadable plugins [exclusion list=, ]
2023-10-05 16:27:15,623 [INFO] PluginManage:310 - Check plugin analytics
2023-10-05 16:27:15,772 [INFO] AnalyticsPlugin:253 - Accepted Software Licenses: 
2023-10-05 16:27:15,773 [INFO] AnalyticsPlugin:255 - Accepted CMSIS Pack Licenses: 
2023-10-05 16:27:15,773 [INFO] AnalyticsPlugin:257 - Accepted Firmware Licenses: FW.F7.1.17.0
2023-10-05 16:27:15,776 [INFO] PluginManage:359 - Loaded plugin analytics (category:tool,tabindex:-1)
2023-10-05 16:27:15,777 [INFO] PluginManage:310 - Check plugin cadmodel
2023-10-05 16:27:15,780 [INFO] CADModel:105 - Init CAD model plugin
2023-10-05 16:27:15,781 [INFO] PluginManage:359 - Loaded plugin cadmodel (category:power,tabindex:5)
2023-10-05 16:27:15,781 [INFO] PluginManage:310 - Check plugin clock
2023-10-05 16:27:15,792 [INFO] PluginManage:359 - Loaded plugin clock (category:base,tabindex:2)
2023-10-05 16:27:15,793 [INFO] PluginManage:310 - Check plugin ddr
2023-10-05 16:27:15,798 [INFO] PluginManage:359 - Loaded plugin ddr (category:tool,tabindex:6)
2023-10-05 16:27:15,799 [INFO] PluginManage:310 - Check plugin filemanager
2023-10-05 16:27:15,976 [INFO] PluginManage:359 - Loaded plugin filemanager (category:base,tabindex:10)
2023-10-05 16:27:15,977 [INFO] PluginManage:310 - Check plugin ipmanager
2023-10-05 16:27:15,985 [INFO] PluginManage:359 - Loaded plugin ipmanager (category:base,tabindex:5)
2023-10-05 16:27:15,986 [INFO] PluginManage:310 - Check plugin lpbam
2023-10-05 16:27:15,995 [INFO] PluginManage:359 - Loaded plugin lpbam (category:base,tabindex:0)
2023-10-05 16:27:15,995 [INFO] PluginManage:310 - Check plugin memorymap
2023-10-05 16:27:16,017 [INFO] PluginManage:359 - Loaded plugin memorymap (category:base,tabindex:4)
2023-10-05 16:27:16,018 [INFO] PluginManage:310 - Check plugin pinoutandconfiguration
2023-10-05 16:27:16,028 [INFO] PluginManage:359 - Loaded plugin pinoutandconfiguration (category:base,tabindex:1)
2023-10-05 16:27:16,028 [INFO] PluginManage:310 - Check plugin pinoutconfig
2023-10-05 16:27:16,118 [WARN] SupportedApi:132 - Cannot load RTOS API schema: s4s-elt-must-match.1: The content of 'definitions' must match (annotation?, (simpleType | complexType)?, (unique | key | keyref)*)). A problem was found starting at: attribute.
2023-10-05 16:27:16,238 [INFO] PluginManage:359 - Loaded plugin pinoutconfig (category:base,tabindex:0)
2023-10-05 16:27:16,238 [INFO] PluginManage:310 - Check plugin power
2023-10-05 16:27:16,249 [INFO] PluginManage:359 - Loaded plugin power (category:power,tabindex:4)
2023-10-05 16:27:16,249 [INFO] PluginManage:310 - Check plugin projectmanager
2023-10-05 16:27:16,260 [INFO] PluginManage:359 - Loaded plugin projectmanager (category:projectmanager,tabindex:3)
2023-10-05 16:27:16,260 [INFO] PluginManage:310 - Check plugin thirdparty
2023-10-05 16:27:16,395 [INFO] PluginManage:359 - Loaded plugin thirdparty (category:base,tabindex:-1)
2023-10-05 16:27:16,395 [WARN] IntegrityCheckThread:84 - waiting for thirdparty lock release [integrity check]
2023-10-05 16:27:16,395 [INFO] PluginManage:310 - Check plugin tools
2023-10-05 16:27:16,395 [INFO] IntegrityCheckThread:86 - entering critical section [integrity check]
2023-10-05 16:27:16,396 [INFO] ThirdPartyUpdaterWithRetryManager:70 - Updater plugin not ready yet. [1/15]
2023-10-05 16:27:16,397 [INFO] PluginManage:359 - Loaded plugin tools (category:base,tabindex:7)
2023-10-05 16:27:16,398 [INFO] PluginManage:310 - Check plugin tutovideos
2023-10-05 16:27:16,535 [INFO] PluginManage:359 - Loaded plugin tutovideos (category:base,tabindex:-1)
2023-10-05 16:27:16,535 [INFO] PluginManage:310 - Check plugin updater
2023-10-05 16:27:16,543 [INFO] PluginManage:359 - Loaded plugin updater (category:base,tabindex:12)
2023-10-05 16:27:16,543 [INFO] PluginManage:310 - Check plugin userauth
2023-10-05 16:27:16,546 [INFO] UserAuth:113 - Init User Auth plugin
2023-10-05 16:27:16,547 [INFO] PluginManage:359 - Loaded plugin userauth (category:base,tabindex:14)
2023-10-05 16:27:16,547 [INFO] PluginManage:283 - PluginManage : Loaded plugins [17]
2023-10-05 16:27:16,743 [INFO] PinOutPanel:1499 - setPackage(No Configuration,No Configuration)
2023-10-05 16:27:16,825 [INFO] CADModel:165 - CPN selected for project level
2023-10-05 16:27:16,825 [INFO] CADModel:114 - Register for checkConnection events
2023-10-05 16:27:16,838 [INFO] IPUIPlugin:80 - create IPUIPlugin
2023-10-05 16:27:16,838 [INFO] PluginManager:220 - loadIPPluginJar : add adc
2023-10-05 16:27:16,840 [INFO] IPUIPlugin:80 - create IPUIPlugin
2023-10-05 16:27:16,840 [INFO] PluginManager:220 - loadIPPluginJar : add aes
2023-10-05 16:27:16,842 [INFO] IPUIPlugin:80 - create IPUIPlugin
2023-10-05 16:27:16,842 [INFO] PluginManager:220 - loadIPPluginJar : add can
2023-10-05 16:27:16,843 [INFO] IPUIPlugin:80 - create IPUIPlugin
2023-10-05 16:27:16,843 [INFO] PluginManager:220 - loadIPPluginJar : add comp
2023-10-05 16:27:16,845 [INFO] IPUIPlugin:80 - create IPUIPlugin
2023-10-05 16:27:16,845 [INFO] PluginManager:220 - loadIPPluginJar : add cryp
2023-10-05 16:27:16,847 [INFO] IPUIPlugin:80 - create IPUIPlugin
2023-10-05 16:27:16,847 [INFO] PluginManager:220 - loadIPPluginJar : add dfsdm
2023-10-05 16:27:16,852 [INFO] IPUIPlugin:80 - create IPUIPlugin
2023-10-05 16:27:16,852 [INFO] PluginManager:220 - loadIPPluginJar : add dma
2023-10-05 16:27:16,854 [INFO] IPUIPlugin:80 - create IPUIPlugin
2023-10-05 16:27:16,854 [INFO] PluginManager:220 - loadIPPluginJar : add dma3
2023-10-05 16:27:16,855 [INFO] IPUIPlugin:80 - create IPUIPlugin
2023-10-05 16:27:16,855 [INFO] PluginManager:220 - loadIPPluginJar : add fatfs
2023-10-05 16:27:16,858 [INFO] IPUIPlugin:80 - create IPUIPlugin
2023-10-05 16:27:16,858 [INFO] PluginManager:220 - loadIPPluginJar : add fmc
2023-10-05 16:27:16,861 [INFO] IPUIPlugin:80 - create IPUIPlugin
2023-10-05 16:27:16,861 [INFO] PluginManager:220 - loadIPPluginJar : add freertos
2023-10-05 16:27:16,862 [INFO] IPUIPlugin:80 - create IPUIPlugin
2023-10-05 16:27:16,862 [INFO] PluginManager:220 - loadIPPluginJar : add genericplugin
2023-10-05 16:27:16,864 [INFO] IPUIPlugin:80 - create IPUIPlugin
2023-10-05 16:27:16,864 [INFO] PluginManager:220 - loadIPPluginJar : add gfxmmu
2023-10-05 16:27:16,867 [INFO] IPUIPlugin:80 - create IPUIPlugin
2023-10-05 16:27:16,867 [INFO] PluginManager:220 - loadIPPluginJar : add gic
2023-10-05 16:27:16,870 [INFO] IPUIPlugin:80 - create IPUIPlugin
2023-10-05 16:27:16,870 [INFO] PluginManager:220 - loadIPPluginJar : add gpio
2023-10-05 16:27:16,872 [INFO] IPUIPlugin:80 - create IPUIPlugin
2023-10-05 16:27:16,872 [INFO] PluginManager:220 - loadIPPluginJar : add gtzc
2023-10-05 16:27:16,873 [INFO] IPUIPlugin:80 - create IPUIPlugin
2023-10-05 16:27:16,873 [INFO] PluginManager:220 - loadIPPluginJar : add hash
2023-10-05 16:27:16,875 [INFO] IPUIPlugin:80 - create IPUIPlugin
2023-10-05 16:27:16,875 [INFO] PluginManager:220 - loadIPPluginJar : add i2c
2023-10-05 16:27:16,876 [INFO] IPUIPlugin:80 - create IPUIPlugin
2023-10-05 16:27:16,876 [INFO] PluginManager:220 - loadIPPluginJar : add i2s
2023-10-05 16:27:16,878 [INFO] IPUIPlugin:80 - create IPUIPlugin
2023-10-05 16:27:16,878 [INFO] PluginManager:220 - loadIPPluginJar : add i3c
2023-10-05 16:27:16,882 [INFO] IPUIPlugin:80 - create IPUIPlugin
2023-10-05 16:27:16,882 [INFO] PluginManager:220 - loadIPPluginJar : add ipddr
2023-10-05 16:27:16,888 [INFO] IPUIPlugin:80 - create IPUIPlugin
2023-10-05 16:27:16,888 [INFO] PluginManager:220 - loadIPPluginJar : add linkedlist
2023-10-05 16:27:16,890 [INFO] IPUIPlugin:80 - create IPUIPlugin
2023-10-05 16:27:16,890 [INFO] PluginManager:220 - loadIPPluginJar : add lorawan
2023-10-05 16:27:16,891 [INFO] IPUIPlugin:80 - create IPUIPlugin
2023-10-05 16:27:16,891 [INFO] PluginManager:220 - loadIPPluginJar : add ltdc
2023-10-05 16:27:16,895 [INFO] IPUIPlugin:80 - create IPUIPlugin
2023-10-05 16:27:16,895 [INFO] PluginManager:220 - loadIPPluginJar : add mdma
2023-10-05 16:27:16,898 [INFO] IPUIPlugin:80 - create IPUIPlugin
2023-10-05 16:27:16,899 [INFO] PluginManager:220 - loadIPPluginJar : add nvic
2023-10-05 16:27:16,902 [INFO] IPUIPlugin:80 - create IPUIPlugin
2023-10-05 16:27:16,902 [INFO] PluginManager:220 - loadIPPluginJar : add opamp
2023-10-05 16:27:16,904 [INFO] IPUIPlugin:80 - create IPUIPlugin
2023-10-05 16:27:16,905 [INFO] PluginManager:220 - loadIPPluginJar : add openamp
2023-10-05 16:27:16,909 [INFO] IPUIPlugin:80 - create IPUIPlugin
2023-10-05 16:27:16,909 [INFO] PluginManager:220 - loadIPPluginJar : add pdm2pcm
2023-10-05 16:27:16,913 [INFO] IPUIPlugin:80 - create IPUIPlugin
2023-10-05 16:27:16,915 [INFO] PluginManager:220 - loadIPPluginJar : add plateformsettings
2023-10-05 16:27:16,917 [INFO] IPUIPlugin:80 - create IPUIPlugin
2023-10-05 16:27:16,917 [INFO] PluginManager:220 - loadIPPluginJar : add quadspi
2023-10-05 16:27:16,920 [INFO] IPUIPlugin:80 - create IPUIPlugin
2023-10-05 16:27:16,920 [INFO] PluginManager:220 - loadIPPluginJar : add resmgrutility
2023-10-05 16:27:16,924 [INFO] IPUIPlugin:80 - create IPUIPlugin
2023-10-05 16:27:16,925 [INFO] PluginManager:220 - loadIPPluginJar : add sai
2023-10-05 16:27:16,930 [INFO] IPUIPlugin:80 - create IPUIPlugin
2023-10-05 16:27:16,930 [INFO] PluginManager:220 - loadIPPluginJar : add spi
2023-10-05 16:27:16,934 [INFO] IPUIPlugin:80 - create IPUIPlugin
2023-10-05 16:27:16,934 [INFO] PluginManager:220 - loadIPPluginJar : add stm32_wpan
2023-10-05 16:27:16,936 [INFO] IPUIPlugin:80 - create IPUIPlugin
2023-10-05 16:27:16,936 [INFO] PluginManager:220 - loadIPPluginJar : add tim
2023-10-05 16:27:16,938 [INFO] IPUIPlugin:80 - create IPUIPlugin
2023-10-05 16:27:16,939 [INFO] PluginManager:220 - loadIPPluginJar : add touchsensing
2023-10-05 16:27:16,940 [INFO] IPUIPlugin:80 - create IPUIPlugin
2023-10-05 16:27:16,940 [INFO] PluginManager:220 - loadIPPluginJar : add tracer_emb
2023-10-05 16:27:16,943 [INFO] IPUIPlugin:80 - create IPUIPlugin
2023-10-05 16:27:16,943 [INFO] PluginManager:220 - loadIPPluginJar : add ts
2023-10-05 16:27:16,944 [INFO] IPUIPlugin:80 - create IPUIPlugin
2023-10-05 16:27:16,944 [INFO] PluginManager:220 - loadIPPluginJar : add tsc
2023-10-05 16:27:16,945 [INFO] IPUIPlugin:80 - create IPUIPlugin
2023-10-05 16:27:16,945 [INFO] PluginManager:220 - loadIPPluginJar : add ucpd
2023-10-05 16:27:16,947 [INFO] IPUIPlugin:80 - create IPUIPlugin
2023-10-05 16:27:16,947 [INFO] PluginManager:220 - loadIPPluginJar : add usart
2023-10-05 16:27:16,948 [INFO] IPUIPlugin:80 - create IPUIPlugin
2023-10-05 16:27:16,949 [INFO] PluginManager:220 - loadIPPluginJar : add usbx
2023-10-05 16:27:17,057 [INFO] CADModel:165 - CPN selected for project level
2023-10-05 16:27:17,057 [INFO] CADModel:114 - Register for checkConnection events
2023-10-05 16:27:17,058 [FATAL] Updater:308 - Updater called before beeing initialized
2023-10-05 16:27:17,058 [ERROR] CADModel:125 - Updater not yet initialized, retry later 
2023-10-05 16:27:17,159 [INFO] CADModel:165 - CPN selected for project level
2023-10-05 16:27:17,160 [INFO] CADModel:114 - Register for checkConnection events
2023-10-05 16:27:17,160 [FATAL] Updater:308 - Updater called before beeing initialized
2023-10-05 16:27:17,160 [ERROR] CADModel:125 - Updater not yet initialized, retry later 
2023-10-05 16:27:17,163 [FATAL] Updater:308 - Updater called before beeing initialized
2023-10-05 16:27:17,230 [FATAL] Updater:308 - Updater called before beeing initialized
2023-10-05 16:27:17,234 [INFO] DbMcusAds:53 - JSON generation date=Tue Mar 07 08:50:55 GMT 2023 (1678179055114)
2023-10-05 16:27:17,234 [FATAL] Updater:308 - Updater called before beeing initialized
2023-10-05 16:27:17,257 [WARN] DetailPanel:346 - Failed to get advertising image, set to default
2023-10-05 16:27:17,318 [FATAL] Updater:308 - Updater called before beeing initialized
2023-10-05 16:27:17,320 [FATAL] Updater:308 - Updater called before beeing initialized
2023-10-05 16:27:17,320 [FATAL] Updater:308 - Updater called before beeing initialized
2023-10-05 16:27:17,320 [WARN] DetailPanel:346 - Failed to get advertising image, set to default
2023-10-05 16:27:17,321 [FATAL] Updater:308 - Updater called before beeing initialized
2023-10-05 16:27:17,360 [ERROR] Updater:1120 - MainUpdater not yet initialized. External WinMGr cannot be set.
2023-10-05 16:27:17,362 [INFO] Updater:1056 - Updater Version found : 6.9.2
2023-10-05 16:27:17,374 [INFO] ApplicationProperties:184 - Using Application install path: C:\ST\STM32CubeIDE_1.13.2\STM32CubeIDE\plugins\com.st.stm32cube.common.mx_6.9.2.202309101412
2023-10-05 16:27:17,542 [INFO] MainUpdater:2868 - connection check result : 10
2023-10-05 16:27:17,543 [INFO] MainUpdater:285 - Updater Check For Update Now.
2023-10-05 16:27:17,543 [INFO] MicroXplorer:498 - Change Database Version : DB.6.0.92
2023-10-05 16:27:17,565 [INFO] McuFinderGlobals:63 - Set McuFinder mode to 2 (CubeIDE integrated)
2023-10-05 16:27:17,565 [INFO] UserAuth:179 - activating auth plugin
2023-10-05 16:27:17,568 [INFO] UserAuth:393 - Internet connection configuration mode: 1
2023-10-05 16:27:17,621 [INFO] JxBrowserEngine:151 - Initiate JxBrowser Engine with user profile folder
2023-10-05 16:27:17,760 [INFO] CheckServerUpdateThread:120 - End of CheckServer Thread
2023-10-05 16:27:19,026 [INFO] WebApp:157 - Instantiating new browser for Auth
2023-10-05 16:27:19,480 [INFO] WebApp:753 - Register for checkConnection events
2023-10-05 16:27:19,481 [INFO] WebApp:390 - Apply proxy settings
2023-10-05 16:27:19,481 [INFO] WebApp:475 - Chromium requires no authentication
2023-10-05 16:27:19,489 [INFO] WebApp:418 - Direct internet connection detected
2023-10-05 16:27:19,513 [WARN] PackLoader:240 - Cannot read IP mode file for STMicroelectronics.X-CUBE-SMBUS.2.1.0
2023-10-05 16:27:19,541 [WARN] PackLoader:240 - Cannot read IP mode file for STMicroelectronics.X-CUBE-AZRTOS-F7.1.1.0
2023-10-05 16:27:19,550 [WARN] PackLoader:240 - Cannot read IP mode file for STMicroelectronics.FP-SNS-MOTENV1.4.3.2
2023-10-05 16:27:19,555 [WARN] PackLoader:240 - Cannot read IP mode file for STMicroelectronics.FP-SNS-FLIGHT1.5.0.2
2023-10-05 16:27:19,562 [WARN] PackLoader:240 - Cannot read IP mode file for STMicroelectronics.X-CUBE-DISPLAY.3.0.0
2023-10-05 16:27:19,575 [WARN] PackLoader:240 - Cannot read IP mode file for STMicroelectronics.X-CUBE-BLE1.7.0.0
2023-10-05 16:27:19,582 [WARN] PackLoader:240 - Cannot read IP mode file for emotas.I-CUBE-CANOPEN.1.3.0
2023-10-05 16:27:19,590 [WARN] PackLoader:240 - Cannot read IP mode file for STMicroelectronics.X-CUBE-TOUCHGFX.4.22.0
2023-10-05 16:27:19,594 [WARN] PackLoader:240 - Cannot read IP mode file for STMicroelectronics.FP-SNS-SMARTAG2.1.2.0
2023-10-05 16:27:19,606 [INFO] LogOutputStream:77 - [STDOUT_REDIRECT] 1 : Invalid condition id : UX_CORESTACK_Condition cause : null
2023-10-05 16:27:19,608 [INFO] LogOutputStream:77 - [STDOUT_REDIRECT] 1 : Invalid condition id : UX_CORESTACK_Condition cause : null
2023-10-05 16:27:19,609 [INFO] LogOutputStream:77 - [STDOUT_REDIRECT] 1 : Invalid condition id : UX_CORESTACK_Condition cause : null
2023-10-05 16:27:19,610 [INFO] LogOutputStream:77 - [STDOUT_REDIRECT] 1 : Invalid condition id : UX_CORESTACK_Condition cause : null
2023-10-05 16:27:19,612 [INFO] LogOutputStream:77 - [STDOUT_REDIRECT] 1 : Invalid condition id : UX_CORESTACK_Condition cause : null
2023-10-05 16:27:19,618 [WARN] PackLoader:240 - Cannot read IP mode file for STMicroelectronics.X-CUBE-AZRTOS-WL.2.0.0
2023-10-05 16:27:19,632 [WARN] PackLoader:240 - Cannot read IP mode file for WES.I-CUBE-Cesium.1.3.0
2023-10-05 16:27:19,639 [WARN] PackLoader:240 - Cannot read IP mode file for STMicroelectronics.X-CUBE-BLE2.3.3.0
2023-10-05 16:27:19,648 [WARN] PackLoader:240 - Cannot read IP mode file for STMicroelectronics.X-CUBE-ALGOBUILD.1.3.0
2023-10-05 16:27:19,667 [WARN] PackLoader:240 - Cannot read IP mode file for STMicroelectronics.X-CUBE-AZRTOS-G0.1.1.0
2023-10-05 16:27:19,677 [WARN] PackLoader:240 - Cannot read IP mode file for STMicroelectronics.X-CUBE-NFC4.3.0.0
2023-10-05 16:27:19,684 [WARN] PackLoader:240 - Cannot read IP mode file for STMicroelectronics.FP-ATR-SIGFOX1.3.2.0
2023-10-05 16:27:19,726 [WARN] PackLoader:240 - Cannot read IP mode file for SEGGER.I-CUBE-embOS.1.3.1
2023-10-05 16:27:19,778 [WARN] PackLoader:240 - Cannot read IP mode file for STMicroelectronics.X-CUBE-GNSS1.6.0.0
2023-10-05 16:27:19,798 [WARN] PackLoader:240 - Cannot read IP mode file for STMicroelectronics.X-CUBE-AZRTOS-F4.1.1.0
2023-10-05 16:27:19,806 [WARN] PackLoader:240 - Cannot read IP mode file for wolfSSL.I-CUBE-wolfSSL.5.6.3
2023-10-05 16:27:19,823 [WARN] PackLoader:240 - Cannot read IP mode file for STMicroelectronics.X-CUBE-AZRTOS-L5.2.0.0
2023-10-05 16:27:19,826 [INFO] WebApp:188 - Starting web application
2023-10-05 16:27:19,827 [INFO] WebApp:520 - Web application path used C:\ST\STM32CubeIDE_1.13.2\STM32CubeIDE\plugins\com.st.stm32cube.common.mx_6.9.2.202309101412\db\plugins\mcufinder\reactClient1\index.html
2023-10-05 16:27:19,856 [WARN] PackLoader:240 - Cannot read IP mode file for STMicroelectronics.X-CUBE-MEMS1.9.6.0
2023-10-05 16:27:20,028 [WARN] PackLoader:240 - Cannot read IP mode file for STMicroelectronics.X-CUBE-BLEMGR.2.0.0
2023-10-05 16:27:20,045 [WARN] ConditionMgr:438 - getConditionDescription Invalid condition id : UX DEVICE CLASS RTOS Condition cause : null
2023-10-05 16:27:20,045 [WARN] ConditionMgr:438 - getConditionDescription Invalid condition id : UX DEVICE CLASS RTOS Condition cause : null
2023-10-05 16:27:20,049 [WARN] PackLoader:240 - Cannot read IP mode file for STMicroelectronics.X-CUBE-AZRTOS-H7.3.1.0
2023-10-05 16:27:20,051 [WARN] ConditionMgr:1039 - genDependencies : Invalid condition id : UX DEVICE CLASS RTOS Condition cause : null
2023-10-05 16:27:20,051 [WARN] ConditionMgr:1039 - genDependencies : Invalid condition id : UX DEVICE CLASS RTOS Condition cause : null
2023-10-05 16:27:20,052 [WARN] ConditionMgr:1039 - genDependencies : Invalid condition id : UX DEVICE CLASS RTOS Condition cause : null
2023-10-05 16:27:20,053 [WARN] ConditionMgr:1039 - genDependencies : Invalid condition id : UX DEVICE CLASS RTOS Condition cause : null
2023-10-05 16:27:20,053 [WARN] ConditionMgr:1039 - genDependencies : Invalid condition id : UX DEVICE CLASS RTOS Condition cause : null
2023-10-05 16:27:20,059 [WARN] PackLoader:240 - Cannot read IP mode file for STMicroelectronics.X-CUBE-NFC7.1.0.1
2023-10-05 16:27:20,069 [WARN] PackLoader:240 - Cannot read IP mode file for STMicroelectronics.X-CUBE-NFC6.3.0.0
2023-10-05 16:27:20,078 [WARN] PackLoader:240 - Cannot read IP mode file for STMicroelectronics.X-CUBE-EEPRMA1.4.1.0
2023-10-05 16:27:20,088 [WARN] PackLoader:240 - Cannot read IP mode file for STMicroelectronics.X-CUBE-AI.8.1.0
2023-10-05 16:27:20,127 [WARN] ConditionMgr:438 - getConditionDescription Invalid condition id : LAN8742 Phy interface Condition cause : null
2023-10-05 16:27:20,128 [WARN] PackLoader:240 - Cannot read IP mode file for STMicroelectronics.X-CUBE-AZRTOS-L4.2.0.0
2023-10-05 16:27:20,129 [WARN] ConditionMgr:1039 - genDependencies : Invalid condition id : LAN8742 Phy interface Condition cause : null
2023-10-05 16:27:20,130 [WARN] ConditionMgr:1039 - genDependencies : Invalid condition id : LAN8742 Phy interface Condition cause : null
2023-10-05 16:27:20,130 [WARN] ConditionMgr:1039 - genDependencies : Invalid condition id : LAN8742 Phy interface Condition cause : null
2023-10-05 16:27:20,138 [WARN] PackLoader:240 - Cannot read IP mode file for STMicroelectronics.X-CUBE-SFXS2LP1.4.0.0
2023-10-05 16:27:20,152 [WARN] PackLoader:240 - Cannot read IP mode file for STMicroelectronics.X-CUBE-ISPU.1.1.0
2023-10-05 16:27:20,164 [WARN] ConditionMgr:438 - getConditionDescription Invalid condition id : UX DEVICE CLASS RTOS Condition cause : null
2023-10-05 16:27:20,164 [WARN] ConditionMgr:438 - getConditionDescription Invalid condition id : UX DEVICE CLASS RTOS Condition cause : null
2023-10-05 16:27:20,167 [WARN] PackLoader:240 - Cannot read IP mode file for STMicroelectronics.X-CUBE-AZRTOS-WB.2.0.0
2023-10-05 16:27:20,168 [WARN] ConditionMgr:1039 - genDependencies : Invalid condition id : UX DEVICE CLASS RTOS Condition cause : null
2023-10-05 16:27:20,168 [WARN] ConditionMgr:1039 - genDependencies : Invalid condition id : UX DEVICE CLASS RTOS Condition cause : null
2023-10-05 16:27:20,168 [WARN] ConditionMgr:1039 - genDependencies : Invalid condition id : UX DEVICE CLASS RTOS Condition cause : null
2023-10-05 16:27:20,168 [WARN] ConditionMgr:1039 - genDependencies : Invalid condition id : UX DEVICE CLASS RTOS Condition cause : null
2023-10-05 16:27:20,169 [WARN] ConditionMgr:1039 - genDependencies : Invalid condition id : UX DEVICE CLASS RTOS Condition cause : null
2023-10-05 16:27:20,178 [WARN] PackLoader:240 - Cannot read IP mode file for STMicroelectronics.X-CUBE-SUBG2.5.0.0
2023-10-05 16:27:20,187 [WARN] PackLoader:240 - Cannot read IP mode file for STMicroelectronics.X-CUBE-TOF1.3.3.1
2023-10-05 16:27:20,197 [WARN] PackLoader:240 - Cannot read IP mode file for STMicroelectronics.X-CUBE-AZRTOS-G4.2.0.0
2023-10-05 16:27:20,205 [WARN] PackLoader:240 - Cannot read IP mode file for STMicroelectronics.X-CUBE-FREERTOS.1.1.0
2023-10-05 16:27:20,210 [WARN] PackLoader:240 - Cannot read IP mode file for portGmbH.I-Cube-SoM-uGOAL.1.1.0
2023-10-05 16:27:20,214 [WARN] PackLoader:240 - Cannot read IP mode file for STMicroelectronics.X-CUBE-ALS.1.0.1
2023-10-05 16:27:20,219 [WARN] PackLoader:240 - Cannot read IP mode file for STMicroelectronics.FP-ATR-ASTRA1.2.0.0
2023-10-05 16:27:20,220 [INFO] ThirdParty:978 - Integrity check success = true
2023-10-05 16:27:20,220 [INFO] IntegrityCheckThread:100 - exiting critical section [integrity check]
2023-10-05 16:27:20,220 [INFO] IntegrityCheckThread:103 - End integrity checks thread
2023-10-05 16:27:40,591 [ERROR] LogOutputStream:75 - [STDERR_REDIRECT] SLF4J: Failed to load class "org.slf4j.impl.StaticLoggerBinder".
2023-10-05 16:27:40,592 [ERROR] LogOutputStream:75 - [STDERR_REDIRECT] SLF4J: Defaulting to no-operation (NOP) logger implementation
2023-10-05 16:27:40,593 [ERROR] LogOutputStream:75 - [STDERR_REDIRECT] SLF4J: See http://www.slf4j.org/codes.html#StaticLoggerBinder for further details.
2023-10-05 16:30:37,602 [ERROR] LogOutputStream:75 - [STDERR_REDIRECT] 
