2023-10-13 07:57:09,265 [INFO] Activator:176 - 


2023-10-13 07:57:09,271 [INFO] Activator:177 - !SESSION log4j initialized
2023-10-13 07:57:14,808 [INFO] LogOutputStream:77 - [STDOUT_REDIRECT] 
2023-10-13 07:57:17,594 [INFO] ApplicationProperties:184 - Using Application install path: C:\ST\STM32CubeIDE_1.13.2\STM32CubeIDE\plugins\com.st.stm32cube.common.mx_6.9.2.202309101412
2023-10-13 07:57:17,615 [INFO] DbMcusXml:78 - Set database path to: C:\ST\STM32CubeIDE_1.13.2\STM32CubeIDE\plugins\com.st.stm32cube.common.mx_6.9.2.202309101412\\db\/mcu/
2023-10-13 07:57:17,615 [INFO] ApiDb:274 - Set plugin database path to: C:\ST\STM32CubeIDE_1.13.2\STM32CubeIDE\plugins\com.st.stm32cube.common.mx_6.9.2.202309101412\\db\/plugins/boardmanager/
2023-10-13 07:57:17,616 [WARN] ApiDb:259 - Overriding images path with different value:  => C:\ST\STM32CubeIDE_1.13.2\STM32CubeIDE\plugins\com.st.stm32cube.common.mx_6.9.2.202309101412\\db\/plugins/mcufinder/images/
2023-10-13 07:57:17,630 [INFO] ApiDb:250 - Set database path to: C:\Users\HoFong\.stmcufinder\plugins\mcufinder//mcu/
2023-10-13 07:57:17,631 [INFO] DbMcusAds:125 - Set database path to: C:\Users\HoFong\.stmcufinder\plugins\mcufinder//mcu/
2023-10-13 07:57:17,633 [INFO] CrossReferenceDbSqlite:203 - Set database path to: C:\Users\HoFong\.stmcufinder\plugins\mcufinder//mcu/cs/
2023-10-13 07:57:17,790 [INFO] RulesReader:64 - Compatibility file has been processed (293 Rules)
2023-10-13 07:57:18,530 [INFO] DbMcusXml:78 - Set database path to: C:\ST\STM32CubeIDE_1.13.2\STM32CubeIDE\plugins\com.st.stm32cube.common.mx_6.9.2.202309101412\\db\/mcu/
2023-10-13 07:57:18,530 [INFO] ApiDb:274 - Set plugin database path to: C:\ST\STM32CubeIDE_1.13.2\STM32CubeIDE\plugins\com.st.stm32cube.common.mx_6.9.2.202309101412\\db\/plugins/boardmanager/
2023-10-13 07:57:18,530 [INFO] ApiDb:261 - Set plugin images path to: C:\ST\STM32CubeIDE_1.13.2\STM32CubeIDE\plugins\com.st.stm32cube.common.mx_6.9.2.202309101412\\db\/plugins/mcufinder/images/
2023-10-13 07:57:18,530 [WARN] DbFile:41 - Overriding database path with different value: C:\Users\HoFong\.stmcufinder\plugins\mcufinder/ => C:\Users\HoFong\.stmcufinder\plugins\mcufinder
2023-10-13 07:57:18,530 [INFO] ApiDb:250 - Set database path to: C:\Users\HoFong\.stmcufinder\plugins\mcufinder//mcu/
2023-10-13 07:57:18,530 [WARN] DbFile:41 - Overriding database path with different value: C:\Users\HoFong\.stmcufinder\plugins\mcufinder/ => C:\Users\HoFong\.stmcufinder\plugins\mcufinder
2023-10-13 07:57:18,530 [INFO] DbMcusAds:125 - Set database path to: C:\Users\HoFong\.stmcufinder\plugins\mcufinder//mcu/
2023-10-13 07:57:18,530 [WARN] DbFile:41 - Overriding database path with different value: C:\Users\HoFong\.stmcufinder\plugins\mcufinder/ => C:\Users\HoFong\.stmcufinder\plugins\mcufinder
2023-10-13 07:57:18,530 [WARN] DbFile:41 - Overriding database path with different value: C:\Users\HoFong\.stmcufinder\plugins\mcufinder/ => C:\Users\HoFong\.stmcufinder\plugins\mcufinder
2023-10-13 07:57:18,530 [INFO] CrossReferenceDbSqlite:203 - Set database path to: C:\Users\HoFong\.stmcufinder\plugins\mcufinder//mcu/cs/
2023-10-13 07:57:18,611 [INFO] MainPanel:262 - HeapMemory: 268435456
2023-10-13 07:57:18,718 [INFO] DbMcusXml:78 - Set database path to: C:\ST\STM32CubeIDE_1.13.2\STM32CubeIDE\plugins\com.st.stm32cube.common.mx_6.9.2.202309101412\\db\/mcu/
2023-10-13 07:57:18,719 [INFO] ApiDb:274 - Set plugin database path to: C:\ST\STM32CubeIDE_1.13.2\STM32CubeIDE\plugins\com.st.stm32cube.common.mx_6.9.2.202309101412\\db\/plugins/boardmanager/
2023-10-13 07:57:18,719 [INFO] ApiDb:261 - Set plugin images path to: C:\ST\STM32CubeIDE_1.13.2\STM32CubeIDE\plugins\com.st.stm32cube.common.mx_6.9.2.202309101412\\db\/plugins/mcufinder/images/
2023-10-13 07:57:18,719 [WARN] DbFile:41 - Overriding database path with different value: C:\Users\HoFong\.stmcufinder\plugins\mcufinder/ => C:\Users\HoFong\.stmcufinder\plugins\mcufinder
2023-10-13 07:57:18,719 [INFO] ApiDb:250 - Set database path to: C:\Users\HoFong\.stmcufinder\plugins\mcufinder//mcu/
2023-10-13 07:57:18,719 [WARN] DbFile:41 - Overriding database path with different value: C:\Users\HoFong\.stmcufinder\plugins\mcufinder/ => C:\Users\HoFong\.stmcufinder\plugins\mcufinder
2023-10-13 07:57:18,719 [INFO] DbMcusAds:125 - Set database path to: C:\Users\HoFong\.stmcufinder\plugins\mcufinder//mcu/
2023-10-13 07:57:18,719 [WARN] DbFile:41 - Overriding database path with different value: C:\Users\HoFong\.stmcufinder\plugins\mcufinder/ => C:\Users\HoFong\.stmcufinder\plugins\mcufinder
2023-10-13 07:57:18,719 [WARN] DbFile:41 - Overriding database path with different value: C:\Users\HoFong\.stmcufinder\plugins\mcufinder/ => C:\Users\HoFong\.stmcufinder\plugins\mcufinder
2023-10-13 07:57:18,719 [INFO] CrossReferenceDbSqlite:203 - Set database path to: C:\Users\HoFong\.stmcufinder\plugins\mcufinder//mcu/cs/
2023-10-13 07:57:18,742 [INFO] ApplicationProperties:184 - Using Application install path: C:\ST\STM32CubeIDE_1.13.2\STM32CubeIDE\plugins\com.st.stm32cube.common.mx_6.9.2.202309101412
2023-10-13 07:57:18,742 [INFO] PluginManage:196 - Search for loadable plugins [exclusion list=, ]
2023-10-13 07:57:18,745 [INFO] PluginManage:310 - Check plugin analytics
2023-10-13 07:57:18,950 [INFO] AnalyticsPlugin:253 - Accepted Software Licenses: 
2023-10-13 07:57:18,950 [INFO] AnalyticsPlugin:255 - Accepted CMSIS Pack Licenses: 
2023-10-13 07:57:18,950 [INFO] AnalyticsPlugin:257 - Accepted Firmware Licenses: FW.F7.1.17.0,FW.L4.1.18.0
2023-10-13 07:57:18,956 [INFO] PluginManage:359 - Loaded plugin analytics (category:tool,tabindex:-1)
2023-10-13 07:57:18,956 [INFO] PluginManage:310 - Check plugin cadmodel
2023-10-13 07:57:18,974 [INFO] CADModel:105 - Init CAD model plugin
2023-10-13 07:57:18,974 [INFO] PluginManage:359 - Loaded plugin cadmodel (category:power,tabindex:5)
2023-10-13 07:57:18,974 [INFO] PluginManage:310 - Check plugin clock
2023-10-13 07:57:18,993 [INFO] PluginManage:359 - Loaded plugin clock (category:base,tabindex:2)
2023-10-13 07:57:18,994 [INFO] PluginManage:310 - Check plugin ddr
2023-10-13 07:57:18,996 [INFO] PluginManage:359 - Loaded plugin ddr (category:tool,tabindex:6)
2023-10-13 07:57:18,997 [INFO] PluginManage:310 - Check plugin filemanager
2023-10-13 07:57:19,130 [INFO] PluginManage:359 - Loaded plugin filemanager (category:base,tabindex:10)
2023-10-13 07:57:19,130 [INFO] PluginManage:310 - Check plugin ipmanager
2023-10-13 07:57:19,137 [INFO] PluginManage:359 - Loaded plugin ipmanager (category:base,tabindex:5)
2023-10-13 07:57:19,138 [INFO] PluginManage:310 - Check plugin lpbam
2023-10-13 07:57:19,154 [INFO] PluginManage:359 - Loaded plugin lpbam (category:base,tabindex:0)
2023-10-13 07:57:19,154 [INFO] PluginManage:310 - Check plugin memorymap
2023-10-13 07:57:19,181 [INFO] PluginManage:359 - Loaded plugin memorymap (category:base,tabindex:4)
2023-10-13 07:57:19,181 [INFO] PluginManage:310 - Check plugin pinoutandconfiguration
2023-10-13 07:57:19,207 [INFO] PluginManage:359 - Loaded plugin pinoutandconfiguration (category:base,tabindex:1)
2023-10-13 07:57:19,207 [INFO] PluginManage:310 - Check plugin pinoutconfig
2023-10-13 07:57:19,321 [WARN] SupportedApi:132 - Cannot load RTOS API schema: s4s-elt-must-match.1: The content of 'definitions' must match (annotation?, (simpleType | complexType)?, (unique | key | keyref)*)). A problem was found starting at: attribute.
2023-10-13 07:57:19,458 [INFO] PluginManage:359 - Loaded plugin pinoutconfig (category:base,tabindex:0)
2023-10-13 07:57:19,458 [INFO] PluginManage:310 - Check plugin power
2023-10-13 07:57:19,483 [INFO] PluginManage:359 - Loaded plugin power (category:power,tabindex:4)
2023-10-13 07:57:19,484 [INFO] PluginManage:310 - Check plugin projectmanager
2023-10-13 07:57:19,498 [INFO] PluginManage:359 - Loaded plugin projectmanager (category:projectmanager,tabindex:3)
2023-10-13 07:57:19,498 [INFO] PluginManage:310 - Check plugin thirdparty
2023-10-13 07:57:19,769 [INFO] PluginManage:359 - Loaded plugin thirdparty (category:base,tabindex:-1)
2023-10-13 07:57:19,769 [WARN] IntegrityCheckThread:84 - waiting for thirdparty lock release [integrity check]
2023-10-13 07:57:19,771 [INFO] PluginManage:310 - Check plugin tools
2023-10-13 07:57:19,771 [INFO] IntegrityCheckThread:86 - entering critical section [integrity check]
2023-10-13 07:57:19,771 [INFO] ThirdPartyUpdaterWithRetryManager:70 - Updater plugin not ready yet. [1/15]
2023-10-13 07:57:19,803 [INFO] PluginManage:359 - Loaded plugin tools (category:base,tabindex:7)
2023-10-13 07:57:19,803 [INFO] PluginManage:310 - Check plugin tutovideos
2023-10-13 07:57:20,034 [INFO] PluginManage:359 - Loaded plugin tutovideos (category:base,tabindex:-1)
2023-10-13 07:57:20,034 [INFO] PluginManage:310 - Check plugin updater
2023-10-13 07:57:20,048 [INFO] PluginManage:359 - Loaded plugin updater (category:base,tabindex:12)
2023-10-13 07:57:20,048 [INFO] PluginManage:310 - Check plugin userauth
2023-10-13 07:57:20,055 [INFO] UserAuth:113 - Init User Auth plugin
2023-10-13 07:57:20,055 [INFO] PluginManage:359 - Loaded plugin userauth (category:base,tabindex:14)
2023-10-13 07:57:20,055 [INFO] PluginManage:283 - PluginManage : Loaded plugins [17]
2023-10-13 07:57:20,299 [INFO] PinOutPanel:1499 - setPackage(No Configuration,No Configuration)
2023-10-13 07:57:20,409 [INFO] CADModel:165 - CPN selected for project level
2023-10-13 07:57:20,409 [INFO] CADModel:114 - Register for checkConnection events
2023-10-13 07:57:20,440 [INFO] IPUIPlugin:80 - create IPUIPlugin
2023-10-13 07:57:20,440 [INFO] PluginManager:220 - loadIPPluginJar : add adc
2023-10-13 07:57:20,481 [INFO] IPUIPlugin:80 - create IPUIPlugin
2023-10-13 07:57:20,481 [INFO] PluginManager:220 - loadIPPluginJar : add aes
2023-10-13 07:57:20,534 [INFO] IPUIPlugin:80 - create IPUIPlugin
2023-10-13 07:57:20,534 [INFO] PluginManager:220 - loadIPPluginJar : add can
2023-10-13 07:57:20,559 [INFO] IPUIPlugin:80 - create IPUIPlugin
2023-10-13 07:57:20,559 [INFO] PluginManager:220 - loadIPPluginJar : add comp
2023-10-13 07:57:20,604 [INFO] IPUIPlugin:80 - create IPUIPlugin
2023-10-13 07:57:20,604 [INFO] PluginManager:220 - loadIPPluginJar : add cryp
2023-10-13 07:57:20,642 [INFO] IPUIPlugin:80 - create IPUIPlugin
2023-10-13 07:57:20,642 [INFO] PluginManager:220 - loadIPPluginJar : add dfsdm
2023-10-13 07:57:20,656 [INFO] IPUIPlugin:80 - create IPUIPlugin
2023-10-13 07:57:20,656 [INFO] PluginManager:220 - loadIPPluginJar : add dma
2023-10-13 07:57:20,713 [INFO] IPUIPlugin:80 - create IPUIPlugin
2023-10-13 07:57:20,713 [INFO] PluginManager:220 - loadIPPluginJar : add dma3
2023-10-13 07:57:20,738 [INFO] IPUIPlugin:80 - create IPUIPlugin
2023-10-13 07:57:20,738 [INFO] PluginManager:220 - loadIPPluginJar : add fatfs
2023-10-13 07:57:20,788 [INFO] IPUIPlugin:80 - create IPUIPlugin
2023-10-13 07:57:20,788 [INFO] PluginManager:220 - loadIPPluginJar : add fmc
2023-10-13 07:57:20,811 [INFO] IPUIPlugin:80 - create IPUIPlugin
2023-10-13 07:57:20,811 [INFO] PluginManager:220 - loadIPPluginJar : add freertos
2023-10-13 07:57:20,833 [INFO] IPUIPlugin:80 - create IPUIPlugin
2023-10-13 07:57:20,833 [INFO] PluginManager:220 - loadIPPluginJar : add genericplugin
2023-10-13 07:57:20,943 [INFO] IPUIPlugin:80 - create IPUIPlugin
2023-10-13 07:57:20,943 [INFO] PluginManager:220 - loadIPPluginJar : add gfxmmu
2023-10-13 07:57:21,118 [INFO] IPUIPlugin:80 - create IPUIPlugin
2023-10-13 07:57:21,118 [INFO] PluginManager:220 - loadIPPluginJar : add gic
2023-10-13 07:57:21,133 [INFO] IPUIPlugin:80 - create IPUIPlugin
2023-10-13 07:57:21,133 [INFO] PluginManager:220 - loadIPPluginJar : add gpio
2023-10-13 07:57:21,239 [INFO] IPUIPlugin:80 - create IPUIPlugin
2023-10-13 07:57:21,239 [INFO] PluginManager:220 - loadIPPluginJar : add gtzc
2023-10-13 07:57:21,286 [INFO] IPUIPlugin:80 - create IPUIPlugin
2023-10-13 07:57:21,286 [INFO] PluginManager:220 - loadIPPluginJar : add hash
2023-10-13 07:57:21,358 [INFO] IPUIPlugin:80 - create IPUIPlugin
2023-10-13 07:57:21,358 [INFO] PluginManager:220 - loadIPPluginJar : add i2c
2023-10-13 07:57:21,403 [INFO] IPUIPlugin:80 - create IPUIPlugin
2023-10-13 07:57:21,403 [INFO] PluginManager:220 - loadIPPluginJar : add i2s
2023-10-13 07:57:21,461 [INFO] IPUIPlugin:80 - create IPUIPlugin
2023-10-13 07:57:21,461 [INFO] PluginManager:220 - loadIPPluginJar : add i3c
2023-10-13 07:57:21,595 [INFO] IPUIPlugin:80 - create IPUIPlugin
2023-10-13 07:57:21,595 [INFO] PluginManager:220 - loadIPPluginJar : add ipddr
2023-10-13 07:57:21,714 [INFO] IPUIPlugin:80 - create IPUIPlugin
2023-10-13 07:57:21,714 [INFO] PluginManager:220 - loadIPPluginJar : add linkedlist
2023-10-13 07:57:21,746 [INFO] IPUIPlugin:80 - create IPUIPlugin
2023-10-13 07:57:21,746 [INFO] PluginManager:220 - loadIPPluginJar : add lorawan
2023-10-13 07:57:21,799 [INFO] IPUIPlugin:80 - create IPUIPlugin
2023-10-13 07:57:21,799 [INFO] PluginManager:220 - loadIPPluginJar : add ltdc
2023-10-13 07:57:21,816 [INFO] IPUIPlugin:80 - create IPUIPlugin
2023-10-13 07:57:21,816 [INFO] PluginManager:220 - loadIPPluginJar : add mdma
2023-10-13 07:57:21,827 [INFO] IPUIPlugin:80 - create IPUIPlugin
2023-10-13 07:57:21,828 [INFO] PluginManager:220 - loadIPPluginJar : add nvic
2023-10-13 07:57:21,874 [INFO] IPUIPlugin:80 - create IPUIPlugin
2023-10-13 07:57:21,874 [INFO] PluginManager:220 - loadIPPluginJar : add opamp
2023-10-13 07:57:21,949 [INFO] IPUIPlugin:80 - create IPUIPlugin
2023-10-13 07:57:21,950 [INFO] PluginManager:220 - loadIPPluginJar : add openamp
2023-10-13 07:57:22,000 [INFO] IPUIPlugin:80 - create IPUIPlugin
2023-10-13 07:57:22,000 [INFO] PluginManager:220 - loadIPPluginJar : add pdm2pcm
2023-10-13 07:57:22,016 [INFO] IPUIPlugin:80 - create IPUIPlugin
2023-10-13 07:57:22,018 [INFO] PluginManager:220 - loadIPPluginJar : add plateformsettings
2023-10-13 07:57:22,039 [INFO] IPUIPlugin:80 - create IPUIPlugin
2023-10-13 07:57:22,039 [INFO] PluginManager:220 - loadIPPluginJar : add quadspi
2023-10-13 07:57:22,056 [INFO] IPUIPlugin:80 - create IPUIPlugin
2023-10-13 07:57:22,056 [INFO] PluginManager:220 - loadIPPluginJar : add resmgrutility
2023-10-13 07:57:22,105 [INFO] IPUIPlugin:80 - create IPUIPlugin
2023-10-13 07:57:22,105 [INFO] PluginManager:220 - loadIPPluginJar : add sai
2023-10-13 07:57:22,165 [INFO] IPUIPlugin:80 - create IPUIPlugin
2023-10-13 07:57:22,165 [INFO] PluginManager:220 - loadIPPluginJar : add spi
2023-10-13 07:57:22,237 [INFO] IPUIPlugin:80 - create IPUIPlugin
2023-10-13 07:57:22,237 [INFO] PluginManager:220 - loadIPPluginJar : add stm32_wpan
2023-10-13 07:57:22,269 [INFO] IPUIPlugin:80 - create IPUIPlugin
2023-10-13 07:57:22,269 [INFO] PluginManager:220 - loadIPPluginJar : add tim
2023-10-13 07:57:22,336 [INFO] IPUIPlugin:80 - create IPUIPlugin
2023-10-13 07:57:22,336 [INFO] PluginManager:220 - loadIPPluginJar : add touchsensing
2023-10-13 07:57:22,368 [INFO] IPUIPlugin:80 - create IPUIPlugin
2023-10-13 07:57:22,368 [INFO] PluginManager:220 - loadIPPluginJar : add tracer_emb
2023-10-13 07:57:22,398 [INFO] IPUIPlugin:80 - create IPUIPlugin
2023-10-13 07:57:22,398 [INFO] PluginManager:220 - loadIPPluginJar : add ts
2023-10-13 07:57:22,428 [INFO] IPUIPlugin:80 - create IPUIPlugin
2023-10-13 07:57:22,428 [INFO] PluginManager:220 - loadIPPluginJar : add tsc
2023-10-13 07:57:22,454 [INFO] IPUIPlugin:80 - create IPUIPlugin
2023-10-13 07:57:22,454 [INFO] PluginManager:220 - loadIPPluginJar : add ucpd
2023-10-13 07:57:22,495 [INFO] IPUIPlugin:80 - create IPUIPlugin
2023-10-13 07:57:22,495 [INFO] PluginManager:220 - loadIPPluginJar : add usart
2023-10-13 07:57:22,548 [INFO] IPUIPlugin:80 - create IPUIPlugin
2023-10-13 07:57:22,548 [INFO] PluginManager:220 - loadIPPluginJar : add usbx
2023-10-13 07:57:22,656 [INFO] CADModel:165 - CPN selected for project level
2023-10-13 07:57:22,656 [INFO] CADModel:114 - Register for checkConnection events
2023-10-13 07:57:22,656 [FATAL] Updater:308 - Updater called before beeing initialized
2023-10-13 07:57:22,656 [ERROR] CADModel:125 - Updater not yet initialized, retry later 
2023-10-13 07:57:22,773 [INFO] CADModel:165 - CPN selected for project level
2023-10-13 07:57:22,773 [INFO] CADModel:114 - Register for checkConnection events
2023-10-13 07:57:22,773 [FATAL] Updater:308 - Updater called before beeing initialized
2023-10-13 07:57:22,773 [ERROR] CADModel:125 - Updater not yet initialized, retry later 
2023-10-13 07:57:22,773 [FATAL] Updater:308 - Updater called before beeing initialized
2023-10-13 07:57:22,789 [INFO] ThirdPartyUpdaterWithRetryManager:70 - Updater plugin not ready yet. [2/15]
2023-10-13 07:57:22,883 [FATAL] Updater:308 - Updater called before beeing initialized
2023-10-13 07:57:22,904 [INFO] DbMcusAds:53 - JSON generation date=Tue Mar 07 08:50:55 GMT 2023 (1678179055114)
2023-10-13 07:57:22,904 [FATAL] Updater:308 - Updater called before beeing initialized
2023-10-13 07:57:22,964 [WARN] DetailPanel:346 - Failed to get advertising image, set to default
2023-10-13 07:57:23,040 [FATAL] Updater:308 - Updater called before beeing initialized
2023-10-13 07:57:23,047 [FATAL] Updater:308 - Updater called before beeing initialized
2023-10-13 07:57:23,047 [FATAL] Updater:308 - Updater called before beeing initialized
2023-10-13 07:57:23,047 [WARN] DetailPanel:346 - Failed to get advertising image, set to default
2023-10-13 07:57:23,047 [FATAL] Updater:308 - Updater called before beeing initialized
2023-10-13 07:57:23,106 [ERROR] Updater:1120 - MainUpdater not yet initialized. External WinMGr cannot be set.
2023-10-13 07:57:23,118 [INFO] Updater:1056 - Updater Version found : 6.9.2
2023-10-13 07:57:23,139 [INFO] ApplicationProperties:184 - Using Application install path: C:\ST\STM32CubeIDE_1.13.2\STM32CubeIDE\plugins\com.st.stm32cube.common.mx_6.9.2.202309101412
2023-10-13 07:57:23,375 [INFO] MainUpdater:2868 - connection check result : 10
2023-10-13 07:57:23,375 [INFO] MainUpdater:285 - Updater Check For Update Now.
2023-10-13 07:57:23,375 [INFO] MicroXplorer:498 - Change Database Version : DB.6.0.92
2023-10-13 07:57:23,379 [INFO] McuFinderGlobals:63 - Set McuFinder mode to 2 (CubeIDE integrated)
2023-10-13 07:57:23,379 [INFO] UserAuth:179 - activating auth plugin
2023-10-13 07:57:23,396 [INFO] UserAuth:393 - Internet connection configuration mode: 1
2023-10-13 07:57:23,432 [INFO] JxBrowserEngine:151 - Initiate JxBrowser Engine with user profile folder
2023-10-13 07:57:23,574 [INFO] CheckServerUpdateThread:120 - End of CheckServer Thread
2023-10-13 07:57:25,905 [INFO] WebApp:157 - Instantiating new browser for Auth
2023-10-13 07:57:26,152 [WARN] PackLoader:240 - Cannot read IP mode file for STMicroelectronics.X-CUBE-SMBUS.2.1.0
2023-10-13 07:57:26,221 [WARN] PackLoader:240 - Cannot read IP mode file for STMicroelectronics.X-CUBE-AZRTOS-F7.1.1.0
2023-10-13 07:57:26,253 [WARN] PackLoader:240 - Cannot read IP mode file for STMicroelectronics.FP-SNS-MOTENV1.4.3.2
2023-10-13 07:57:26,270 [WARN] PackLoader:240 - Cannot read IP mode file for STMicroelectronics.FP-SNS-FLIGHT1.5.0.2
2023-10-13 07:57:26,304 [WARN] PackLoader:240 - Cannot read IP mode file for STMicroelectronics.X-CUBE-DISPLAY.3.0.0
2023-10-13 07:57:26,336 [WARN] PackLoader:240 - Cannot read IP mode file for STMicroelectronics.X-CUBE-BLE1.7.0.0
2023-10-13 07:57:26,354 [WARN] PackLoader:240 - Cannot read IP mode file for emotas.I-CUBE-CANOPEN.1.3.0
2023-10-13 07:57:26,378 [WARN] PackLoader:240 - Cannot read IP mode file for STMicroelectronics.X-CUBE-TOUCHGFX.4.22.0
2023-10-13 07:57:26,393 [WARN] PackLoader:240 - Cannot read IP mode file for STMicroelectronics.X-CUBE-TOUCHGFX.4.22.1
2023-10-13 07:57:26,410 [WARN] PackLoader:240 - Cannot read IP mode file for STMicroelectronics.FP-SNS-SMARTAG2.1.2.0
2023-10-13 07:57:26,442 [INFO] LogOutputStream:77 - [STDOUT_REDIRECT] 1 : Invalid condition id : UX_CORESTACK_Condition cause : null
2023-10-13 07:57:26,443 [INFO] LogOutputStream:77 - [STDOUT_REDIRECT] 1 : Invalid condition id : UX_CORESTACK_Condition cause : null
2023-10-13 07:57:26,444 [INFO] LogOutputStream:77 - [STDOUT_REDIRECT] 1 : Invalid condition id : UX_CORESTACK_Condition cause : null
2023-10-13 07:57:26,446 [INFO] LogOutputStream:77 - [STDOUT_REDIRECT] 1 : Invalid condition id : UX_CORESTACK_Condition cause : null
2023-10-13 07:57:26,449 [INFO] LogOutputStream:77 - [STDOUT_REDIRECT] 1 : Invalid condition id : UX_CORESTACK_Condition cause : null
2023-10-13 07:57:26,460 [WARN] PackLoader:240 - Cannot read IP mode file for STMicroelectronics.X-CUBE-AZRTOS-WL.2.0.0
2023-10-13 07:57:26,489 [WARN] PackLoader:240 - Cannot read IP mode file for WES.I-CUBE-Cesium.1.3.0
2023-10-13 07:57:26,534 [WARN] PackLoader:240 - Cannot read IP mode file for STMicroelectronics.X-CUBE-BLE2.3.3.0
2023-10-13 07:57:26,557 [WARN] PackLoader:240 - Cannot read IP mode file for STMicroelectronics.X-CUBE-ALGOBUILD.1.3.0
2023-10-13 07:57:26,599 [WARN] PackLoader:240 - Cannot read IP mode file for STMicroelectronics.X-CUBE-AZRTOS-G0.1.1.0
2023-10-13 07:57:26,640 [WARN] PackLoader:240 - Cannot read IP mode file for STMicroelectronics.X-CUBE-NFC4.3.0.0
2023-10-13 07:57:26,660 [WARN] PackLoader:240 - Cannot read IP mode file for STMicroelectronics.FP-ATR-SIGFOX1.3.2.0
2023-10-13 07:57:26,723 [WARN] PackLoader:240 - Cannot read IP mode file for SEGGER.I-CUBE-embOS.1.3.1
2023-10-13 07:57:26,800 [WARN] PackLoader:240 - Cannot read IP mode file for STMicroelectronics.X-CUBE-GNSS1.6.0.0
2023-10-13 07:57:26,845 [WARN] PackLoader:240 - Cannot read IP mode file for STMicroelectronics.X-CUBE-AZRTOS-F4.1.1.0
2023-10-13 07:57:26,867 [WARN] PackLoader:240 - Cannot read IP mode file for wolfSSL.I-CUBE-wolfSSL.5.6.3
2023-10-13 07:57:26,906 [WARN] PackLoader:240 - Cannot read IP mode file for STMicroelectronics.X-CUBE-AZRTOS-L5.2.0.0
2023-10-13 07:57:26,997 [WARN] PackLoader:240 - Cannot read IP mode file for STMicroelectronics.X-CUBE-MEMS1.9.6.0
2023-10-13 07:57:27,012 [INFO] WebApp:753 - Register for checkConnection events
2023-10-13 07:57:27,013 [INFO] WebApp:390 - Apply proxy settings
2023-10-13 07:57:27,013 [INFO] WebApp:475 - Chromium requires no authentication
2023-10-13 07:57:27,032 [INFO] WebApp:418 - Direct internet connection detected
2023-10-13 07:57:27,244 [WARN] PackLoader:240 - Cannot read IP mode file for ITTIA_DB.I-CUBE-ITTIADB.8.8.0
2023-10-13 07:57:27,265 [WARN] PackLoader:240 - Cannot read IP mode file for STMicroelectronics.X-CUBE-BLEMGR.2.0.0
2023-10-13 07:57:27,305 [WARN] ConditionMgr:438 - getConditionDescription Invalid condition id : UX DEVICE CLASS RTOS Condition cause : null
2023-10-13 07:57:27,306 [WARN] ConditionMgr:438 - getConditionDescription Invalid condition id : UX DEVICE CLASS RTOS Condition cause : null
2023-10-13 07:57:27,310 [WARN] PackLoader:240 - Cannot read IP mode file for STMicroelectronics.X-CUBE-AZRTOS-H7.3.1.0
2023-10-13 07:57:27,313 [WARN] ConditionMgr:1039 - genDependencies : Invalid condition id : UX DEVICE CLASS RTOS Condition cause : null
2023-10-13 07:57:27,313 [WARN] ConditionMgr:1039 - genDependencies : Invalid condition id : UX DEVICE CLASS RTOS Condition cause : null
2023-10-13 07:57:27,314 [WARN] ConditionMgr:1039 - genDependencies : Invalid condition id : UX DEVICE CLASS RTOS Condition cause : null
2023-10-13 07:57:27,315 [WARN] ConditionMgr:1039 - genDependencies : Invalid condition id : UX DEVICE CLASS RTOS Condition cause : null
2023-10-13 07:57:27,315 [WARN] ConditionMgr:1039 - genDependencies : Invalid condition id : UX DEVICE CLASS RTOS Condition cause : null
2023-10-13 07:57:27,333 [WARN] PackLoader:240 - Cannot read IP mode file for STMicroelectronics.X-CUBE-NFC7.1.0.1
2023-10-13 07:57:27,381 [INFO] WebApp:188 - Starting web application
2023-10-13 07:57:27,381 [INFO] WebApp:520 - Web application path used C:\ST\STM32CubeIDE_1.13.2\STM32CubeIDE\plugins\com.st.stm32cube.common.mx_6.9.2.202309101412\db\plugins\mcufinder\reactClient1\index.html
2023-10-13 07:57:27,402 [WARN] PackLoader:240 - Cannot read IP mode file for STMicroelectronics.X-CUBE-NFC6.3.0.0
2023-10-13 07:57:27,458 [WARN] PackLoader:240 - Cannot read IP mode file for STMicroelectronics.X-CUBE-EEPRMA1.4.1.0
2023-10-13 07:57:27,479 [WARN] PackLoader:240 - Cannot read IP mode file for STMicroelectronics.X-CUBE-AI.8.1.0
2023-10-13 07:57:27,537 [WARN] ConditionMgr:438 - getConditionDescription Invalid condition id : LAN8742 Phy interface Condition cause : null
2023-10-13 07:57:27,539 [WARN] PackLoader:240 - Cannot read IP mode file for STMicroelectronics.X-CUBE-AZRTOS-L4.2.0.0
2023-10-13 07:57:27,542 [WARN] ConditionMgr:1039 - genDependencies : Invalid condition id : LAN8742 Phy interface Condition cause : null
2023-10-13 07:57:27,543 [WARN] ConditionMgr:1039 - genDependencies : Invalid condition id : LAN8742 Phy interface Condition cause : null
2023-10-13 07:57:27,546 [WARN] ConditionMgr:1039 - genDependencies : Invalid condition id : LAN8742 Phy interface Condition cause : null
2023-10-13 07:57:27,574 [WARN] PackLoader:240 - Cannot read IP mode file for STMicroelectronics.X-CUBE-SFXS2LP1.4.0.0
2023-10-13 07:57:27,599 [WARN] PackLoader:240 - Cannot read IP mode file for STMicroelectronics.X-CUBE-ISPU.1.1.0
2023-10-13 07:57:27,663 [WARN] ConditionMgr:438 - getConditionDescription Invalid condition id : UX DEVICE CLASS RTOS Condition cause : null
2023-10-13 07:57:27,664 [WARN] ConditionMgr:438 - getConditionDescription Invalid condition id : UX DEVICE CLASS RTOS Condition cause : null
2023-10-13 07:57:27,667 [WARN] PackLoader:240 - Cannot read IP mode file for STMicroelectronics.X-CUBE-AZRTOS-WB.2.0.0
2023-10-13 07:57:27,668 [WARN] ConditionMgr:1039 - genDependencies : Invalid condition id : UX DEVICE CLASS RTOS Condition cause : null
2023-10-13 07:57:27,669 [WARN] ConditionMgr:1039 - genDependencies : Invalid condition id : UX DEVICE CLASS RTOS Condition cause : null
2023-10-13 07:57:27,670 [WARN] ConditionMgr:1039 - genDependencies : Invalid condition id : UX DEVICE CLASS RTOS Condition cause : null
2023-10-13 07:57:27,670 [WARN] ConditionMgr:1039 - genDependencies : Invalid condition id : UX DEVICE CLASS RTOS Condition cause : null
2023-10-13 07:57:27,670 [WARN] ConditionMgr:1039 - genDependencies : Invalid condition id : UX DEVICE CLASS RTOS Condition cause : null
2023-10-13 07:57:27,700 [WARN] PackLoader:240 - Cannot read IP mode file for STMicroelectronics.X-CUBE-SUBG2.5.0.0
2023-10-13 07:57:27,743 [WARN] PackLoader:240 - Cannot read IP mode file for STMicroelectronics.X-CUBE-TOF1.3.3.1
2023-10-13 07:57:27,794 [WARN] PackLoader:240 - Cannot read IP mode file for STMicroelectronics.X-CUBE-AZRTOS-G4.2.0.0
2023-10-13 07:57:27,835 [WARN] PackLoader:240 - Cannot read IP mode file for Infineon.AIROC-Wi-Fi-Bluetooth-STM32.1.5.1
2023-10-13 07:57:27,863 [WARN] PackLoader:240 - Cannot read IP mode file for STMicroelectronics.X-CUBE-FREERTOS.1.1.0
2023-10-13 07:57:27,888 [WARN] PackLoader:240 - Cannot read IP mode file for portGmbH.I-Cube-SoM-uGOAL.1.1.0
2023-10-13 07:57:27,910 [WARN] PackLoader:240 - Cannot read IP mode file for STMicroelectronics.X-CUBE-ALS.1.0.1
2023-10-13 07:57:27,996 [WARN] PackLoader:240 - Cannot read IP mode file for STMicroelectronics.FP-ATR-ASTRA1.2.0.0
2023-10-13 07:57:27,997 [INFO] ThirdParty:978 - Integrity check success = true
2023-10-13 07:57:27,997 [INFO] IntegrityCheckThread:100 - exiting critical section [integrity check]
2023-10-13 07:57:27,997 [INFO] IntegrityCheckThread:103 - End integrity checks thread
2023-10-13 07:57:48,611 [ERROR] LogOutputStream:75 - [STDERR_REDIRECT] SLF4J: Failed to load class "org.slf4j.impl.StaticLoggerBinder".
2023-10-13 07:57:48,612 [ERROR] LogOutputStream:75 - [STDERR_REDIRECT] SLF4J: Defaulting to no-operation (NOP) logger implementation
2023-10-13 07:57:48,613 [ERROR] LogOutputStream:75 - [STDERR_REDIRECT] SLF4J: See http://www.slf4j.org/codes.html#StaticLoggerBinder for further details.
2023-10-13 08:01:54,063 [ERROR] LogOutputStream:75 - [STDERR_REDIRECT] 
2023-10-13 08:03:49,302 [INFO] Activator:176 - 


2023-10-13 08:03:49,305 [INFO] Activator:177 - !SESSION log4j initialized
2023-10-13 08:03:52,805 [INFO] LogOutputStream:77 - [STDOUT_REDIRECT] 
2023-10-13 08:03:53,426 [INFO] ApplicationProperties:184 - Using Application install path: C:\ST\STM32CubeIDE_1.13.2\STM32CubeIDE\plugins\com.st.stm32cube.common.mx_6.9.2.202309101412
2023-10-13 08:03:53,442 [INFO] DbMcusXml:78 - Set database path to: C:\ST\STM32CubeIDE_1.13.2\STM32CubeIDE\plugins\com.st.stm32cube.common.mx_6.9.2.202309101412\\db\/mcu/
2023-10-13 08:03:53,442 [INFO] ApiDb:274 - Set plugin database path to: C:\ST\STM32CubeIDE_1.13.2\STM32CubeIDE\plugins\com.st.stm32cube.common.mx_6.9.2.202309101412\\db\/plugins/boardmanager/
2023-10-13 08:03:53,442 [WARN] ApiDb:259 - Overriding images path with different value:  => C:\ST\STM32CubeIDE_1.13.2\STM32CubeIDE\plugins\com.st.stm32cube.common.mx_6.9.2.202309101412\\db\/plugins/mcufinder/images/
2023-10-13 08:03:53,453 [INFO] ApiDb:250 - Set database path to: C:\Users\HoFong\.stmcufinder\plugins\mcufinder//mcu/
2023-10-13 08:03:53,454 [INFO] DbMcusAds:125 - Set database path to: C:\Users\HoFong\.stmcufinder\plugins\mcufinder//mcu/
2023-10-13 08:03:53,457 [INFO] CrossReferenceDbSqlite:203 - Set database path to: C:\Users\HoFong\.stmcufinder\plugins\mcufinder//mcu/cs/
2023-10-13 08:03:53,576 [INFO] RulesReader:64 - Compatibility file has been processed (293 Rules)
2023-10-13 08:03:53,648 [INFO] DbMcusXml:78 - Set database path to: C:\ST\STM32CubeIDE_1.13.2\STM32CubeIDE\plugins\com.st.stm32cube.common.mx_6.9.2.202309101412\\db\/mcu/
2023-10-13 08:03:53,648 [INFO] ApiDb:274 - Set plugin database path to: C:\ST\STM32CubeIDE_1.13.2\STM32CubeIDE\plugins\com.st.stm32cube.common.mx_6.9.2.202309101412\\db\/plugins/boardmanager/
2023-10-13 08:03:53,648 [INFO] ApiDb:261 - Set plugin images path to: C:\ST\STM32CubeIDE_1.13.2\STM32CubeIDE\plugins\com.st.stm32cube.common.mx_6.9.2.202309101412\\db\/plugins/mcufinder/images/
2023-10-13 08:03:53,649 [WARN] DbFile:41 - Overriding database path with different value: C:\Users\HoFong\.stmcufinder\plugins\mcufinder/ => C:\Users\HoFong\.stmcufinder\plugins\mcufinder
2023-10-13 08:03:53,649 [INFO] ApiDb:250 - Set database path to: C:\Users\HoFong\.stmcufinder\plugins\mcufinder//mcu/
2023-10-13 08:03:53,649 [WARN] DbFile:41 - Overriding database path with different value: C:\Users\HoFong\.stmcufinder\plugins\mcufinder/ => C:\Users\HoFong\.stmcufinder\plugins\mcufinder
2023-10-13 08:03:53,649 [INFO] DbMcusAds:125 - Set database path to: C:\Users\HoFong\.stmcufinder\plugins\mcufinder//mcu/
2023-10-13 08:03:53,649 [WARN] DbFile:41 - Overriding database path with different value: C:\Users\HoFong\.stmcufinder\plugins\mcufinder/ => C:\Users\HoFong\.stmcufinder\plugins\mcufinder
2023-10-13 08:03:53,649 [WARN] DbFile:41 - Overriding database path with different value: C:\Users\HoFong\.stmcufinder\plugins\mcufinder/ => C:\Users\HoFong\.stmcufinder\plugins\mcufinder
2023-10-13 08:03:53,649 [INFO] CrossReferenceDbSqlite:203 - Set database path to: C:\Users\HoFong\.stmcufinder\plugins\mcufinder//mcu/cs/
2023-10-13 08:03:53,702 [INFO] MainPanel:262 - HeapMemory: 268435456
2023-10-13 08:03:53,752 [INFO] DbMcusXml:78 - Set database path to: C:\ST\STM32CubeIDE_1.13.2\STM32CubeIDE\plugins\com.st.stm32cube.common.mx_6.9.2.202309101412\\db\/mcu/
2023-10-13 08:03:53,752 [INFO] ApiDb:274 - Set plugin database path to: C:\ST\STM32CubeIDE_1.13.2\STM32CubeIDE\plugins\com.st.stm32cube.common.mx_6.9.2.202309101412\\db\/plugins/boardmanager/
2023-10-13 08:03:53,752 [INFO] ApiDb:261 - Set plugin images path to: C:\ST\STM32CubeIDE_1.13.2\STM32CubeIDE\plugins\com.st.stm32cube.common.mx_6.9.2.202309101412\\db\/plugins/mcufinder/images/
2023-10-13 08:03:53,753 [WARN] DbFile:41 - Overriding database path with different value: C:\Users\HoFong\.stmcufinder\plugins\mcufinder/ => C:\Users\HoFong\.stmcufinder\plugins\mcufinder
2023-10-13 08:03:53,753 [INFO] ApiDb:250 - Set database path to: C:\Users\HoFong\.stmcufinder\plugins\mcufinder//mcu/
2023-10-13 08:03:53,753 [WARN] DbFile:41 - Overriding database path with different value: C:\Users\HoFong\.stmcufinder\plugins\mcufinder/ => C:\Users\HoFong\.stmcufinder\plugins\mcufinder
2023-10-13 08:03:53,753 [INFO] DbMcusAds:125 - Set database path to: C:\Users\HoFong\.stmcufinder\plugins\mcufinder//mcu/
2023-10-13 08:03:53,753 [WARN] DbFile:41 - Overriding database path with different value: C:\Users\HoFong\.stmcufinder\plugins\mcufinder/ => C:\Users\HoFong\.stmcufinder\plugins\mcufinder
2023-10-13 08:03:53,753 [WARN] DbFile:41 - Overriding database path with different value: C:\Users\HoFong\.stmcufinder\plugins\mcufinder/ => C:\Users\HoFong\.stmcufinder\plugins\mcufinder
2023-10-13 08:03:53,753 [INFO] CrossReferenceDbSqlite:203 - Set database path to: C:\Users\HoFong\.stmcufinder\plugins\mcufinder//mcu/cs/
2023-10-13 08:03:53,766 [INFO] ApplicationProperties:184 - Using Application install path: C:\ST\STM32CubeIDE_1.13.2\STM32CubeIDE\plugins\com.st.stm32cube.common.mx_6.9.2.202309101412
2023-10-13 08:03:53,767 [INFO] PluginManage:196 - Search for loadable plugins [exclusion list=, ]
2023-10-13 08:03:53,768 [INFO] PluginManage:310 - Check plugin analytics
2023-10-13 08:03:53,913 [INFO] AnalyticsPlugin:253 - Accepted Software Licenses: 
2023-10-13 08:03:53,913 [INFO] AnalyticsPlugin:255 - Accepted CMSIS Pack Licenses: 
2023-10-13 08:03:53,914 [INFO] AnalyticsPlugin:257 - Accepted Firmware Licenses: FW.F7.1.17.0,FW.L4.1.18.0
2023-10-13 08:03:53,917 [INFO] PluginManage:359 - Loaded plugin analytics (category:tool,tabindex:-1)
2023-10-13 08:03:53,918 [INFO] PluginManage:310 - Check plugin cadmodel
2023-10-13 08:03:53,922 [INFO] CADModel:105 - Init CAD model plugin
2023-10-13 08:03:53,922 [INFO] PluginManage:359 - Loaded plugin cadmodel (category:power,tabindex:5)
2023-10-13 08:03:53,922 [INFO] PluginManage:310 - Check plugin clock
2023-10-13 08:03:53,930 [INFO] PluginManage:359 - Loaded plugin clock (category:base,tabindex:2)
2023-10-13 08:03:53,930 [INFO] PluginManage:310 - Check plugin ddr
2023-10-13 08:03:53,931 [INFO] PluginManage:359 - Loaded plugin ddr (category:tool,tabindex:6)
2023-10-13 08:03:53,931 [INFO] PluginManage:310 - Check plugin filemanager
2023-10-13 08:03:54,012 [INFO] PluginManage:359 - Loaded plugin filemanager (category:base,tabindex:10)
2023-10-13 08:03:54,012 [INFO] PluginManage:310 - Check plugin ipmanager
2023-10-13 08:03:54,016 [INFO] PluginManage:359 - Loaded plugin ipmanager (category:base,tabindex:5)
2023-10-13 08:03:54,017 [INFO] PluginManage:310 - Check plugin lpbam
2023-10-13 08:03:54,024 [INFO] PluginManage:359 - Loaded plugin lpbam (category:base,tabindex:0)
2023-10-13 08:03:54,024 [INFO] PluginManage:310 - Check plugin memorymap
2023-10-13 08:03:54,034 [INFO] PluginManage:359 - Loaded plugin memorymap (category:base,tabindex:4)
2023-10-13 08:03:54,034 [INFO] PluginManage:310 - Check plugin pinoutandconfiguration
2023-10-13 08:03:54,040 [INFO] PluginManage:359 - Loaded plugin pinoutandconfiguration (category:base,tabindex:1)
2023-10-13 08:03:54,040 [INFO] PluginManage:310 - Check plugin pinoutconfig
2023-10-13 08:03:54,136 [WARN] SupportedApi:132 - Cannot load RTOS API schema: s4s-elt-must-match.1: The content of 'definitions' must match (annotation?, (simpleType | complexType)?, (unique | key | keyref)*)). A problem was found starting at: attribute.
2023-10-13 08:03:54,236 [INFO] PluginManage:359 - Loaded plugin pinoutconfig (category:base,tabindex:0)
2023-10-13 08:03:54,237 [INFO] PluginManage:310 - Check plugin power
2023-10-13 08:03:54,244 [INFO] PluginManage:359 - Loaded plugin power (category:power,tabindex:4)
2023-10-13 08:03:54,244 [INFO] PluginManage:310 - Check plugin projectmanager
2023-10-13 08:03:54,257 [INFO] PluginManage:359 - Loaded plugin projectmanager (category:projectmanager,tabindex:3)
2023-10-13 08:03:54,258 [INFO] PluginManage:310 - Check plugin thirdparty
2023-10-13 08:03:54,351 [WARN] IntegrityCheckThread:84 - waiting for thirdparty lock release [integrity check]
2023-10-13 08:03:54,351 [INFO] IntegrityCheckThread:86 - entering critical section [integrity check]
2023-10-13 08:03:54,351 [INFO] PluginManage:359 - Loaded plugin thirdparty (category:base,tabindex:-1)
2023-10-13 08:03:54,351 [INFO] PluginManage:310 - Check plugin tools
2023-10-13 08:03:54,352 [INFO] ThirdPartyUpdaterWithRetryManager:70 - Updater plugin not ready yet. [1/15]
2023-10-13 08:03:54,354 [INFO] PluginManage:359 - Loaded plugin tools (category:base,tabindex:7)
2023-10-13 08:03:54,354 [INFO] PluginManage:310 - Check plugin tutovideos
2023-10-13 08:03:54,464 [INFO] PluginManage:359 - Loaded plugin tutovideos (category:base,tabindex:-1)
2023-10-13 08:03:54,464 [INFO] PluginManage:310 - Check plugin updater
2023-10-13 08:03:54,472 [INFO] PluginManage:359 - Loaded plugin updater (category:base,tabindex:12)
2023-10-13 08:03:54,472 [INFO] PluginManage:310 - Check plugin userauth
2023-10-13 08:03:54,476 [INFO] UserAuth:113 - Init User Auth plugin
2023-10-13 08:03:54,476 [INFO] PluginManage:359 - Loaded plugin userauth (category:base,tabindex:14)
2023-10-13 08:03:54,477 [INFO] PluginManage:283 - PluginManage : Loaded plugins [17]
2023-10-13 08:03:54,611 [INFO] PinOutPanel:1499 - setPackage(No Configuration,No Configuration)
2023-10-13 08:03:54,678 [INFO] CADModel:165 - CPN selected for project level
2023-10-13 08:03:54,678 [INFO] CADModel:114 - Register for checkConnection events
2023-10-13 08:03:54,688 [INFO] IPUIPlugin:80 - create IPUIPlugin
2023-10-13 08:03:54,688 [INFO] PluginManager:220 - loadIPPluginJar : add adc
2023-10-13 08:03:54,690 [INFO] IPUIPlugin:80 - create IPUIPlugin
2023-10-13 08:03:54,690 [INFO] PluginManager:220 - loadIPPluginJar : add aes
2023-10-13 08:03:54,691 [INFO] IPUIPlugin:80 - create IPUIPlugin
2023-10-13 08:03:54,692 [INFO] PluginManager:220 - loadIPPluginJar : add can
2023-10-13 08:03:54,693 [INFO] IPUIPlugin:80 - create IPUIPlugin
2023-10-13 08:03:54,693 [INFO] PluginManager:220 - loadIPPluginJar : add comp
2023-10-13 08:03:54,694 [INFO] IPUIPlugin:80 - create IPUIPlugin
2023-10-13 08:03:54,694 [INFO] PluginManager:220 - loadIPPluginJar : add cryp
2023-10-13 08:03:54,696 [INFO] IPUIPlugin:80 - create IPUIPlugin
2023-10-13 08:03:54,696 [INFO] PluginManager:220 - loadIPPluginJar : add dfsdm
2023-10-13 08:03:54,699 [INFO] IPUIPlugin:80 - create IPUIPlugin
2023-10-13 08:03:54,699 [INFO] PluginManager:220 - loadIPPluginJar : add dma
2023-10-13 08:03:54,701 [INFO] IPUIPlugin:80 - create IPUIPlugin
2023-10-13 08:03:54,701 [INFO] PluginManager:220 - loadIPPluginJar : add dma3
2023-10-13 08:03:54,702 [INFO] IPUIPlugin:80 - create IPUIPlugin
2023-10-13 08:03:54,702 [INFO] PluginManager:220 - loadIPPluginJar : add fatfs
2023-10-13 08:03:54,705 [INFO] IPUIPlugin:80 - create IPUIPlugin
2023-10-13 08:03:54,705 [INFO] PluginManager:220 - loadIPPluginJar : add fmc
2023-10-13 08:03:54,708 [INFO] IPUIPlugin:80 - create IPUIPlugin
2023-10-13 08:03:54,709 [INFO] PluginManager:220 - loadIPPluginJar : add freertos
2023-10-13 08:03:54,710 [INFO] IPUIPlugin:80 - create IPUIPlugin
2023-10-13 08:03:54,710 [INFO] PluginManager:220 - loadIPPluginJar : add genericplugin
2023-10-13 08:03:54,713 [INFO] IPUIPlugin:80 - create IPUIPlugin
2023-10-13 08:03:54,713 [INFO] PluginManager:220 - loadIPPluginJar : add gfxmmu
2023-10-13 08:03:54,716 [INFO] IPUIPlugin:80 - create IPUIPlugin
2023-10-13 08:03:54,716 [INFO] PluginManager:220 - loadIPPluginJar : add gic
2023-10-13 08:03:54,719 [INFO] IPUIPlugin:80 - create IPUIPlugin
2023-10-13 08:03:54,720 [INFO] PluginManager:220 - loadIPPluginJar : add gpio
2023-10-13 08:03:54,722 [INFO] IPUIPlugin:80 - create IPUIPlugin
2023-10-13 08:03:54,722 [INFO] PluginManager:220 - loadIPPluginJar : add gtzc
2023-10-13 08:03:54,724 [INFO] IPUIPlugin:80 - create IPUIPlugin
2023-10-13 08:03:54,724 [INFO] PluginManager:220 - loadIPPluginJar : add hash
2023-10-13 08:03:54,726 [INFO] IPUIPlugin:80 - create IPUIPlugin
2023-10-13 08:03:54,727 [INFO] PluginManager:220 - loadIPPluginJar : add i2c
2023-10-13 08:03:54,730 [INFO] IPUIPlugin:80 - create IPUIPlugin
2023-10-13 08:03:54,730 [INFO] PluginManager:220 - loadIPPluginJar : add i2s
2023-10-13 08:03:54,732 [INFO] IPUIPlugin:80 - create IPUIPlugin
2023-10-13 08:03:54,732 [INFO] PluginManager:220 - loadIPPluginJar : add i3c
2023-10-13 08:03:54,734 [INFO] IPUIPlugin:80 - create IPUIPlugin
2023-10-13 08:03:54,734 [INFO] PluginManager:220 - loadIPPluginJar : add ipddr
2023-10-13 08:03:54,739 [INFO] IPUIPlugin:80 - create IPUIPlugin
2023-10-13 08:03:54,739 [INFO] PluginManager:220 - loadIPPluginJar : add linkedlist
2023-10-13 08:03:54,741 [INFO] IPUIPlugin:80 - create IPUIPlugin
2023-10-13 08:03:54,741 [INFO] PluginManager:220 - loadIPPluginJar : add lorawan
2023-10-13 08:03:54,742 [INFO] IPUIPlugin:80 - create IPUIPlugin
2023-10-13 08:03:54,743 [INFO] PluginManager:220 - loadIPPluginJar : add ltdc
2023-10-13 08:03:54,747 [INFO] IPUIPlugin:80 - create IPUIPlugin
2023-10-13 08:03:54,747 [INFO] PluginManager:220 - loadIPPluginJar : add mdma
2023-10-13 08:03:54,751 [INFO] IPUIPlugin:80 - create IPUIPlugin
2023-10-13 08:03:54,751 [INFO] PluginManager:220 - loadIPPluginJar : add nvic
2023-10-13 08:03:54,754 [INFO] IPUIPlugin:80 - create IPUIPlugin
2023-10-13 08:03:54,754 [INFO] PluginManager:220 - loadIPPluginJar : add opamp
2023-10-13 08:03:54,756 [INFO] IPUIPlugin:80 - create IPUIPlugin
2023-10-13 08:03:54,757 [INFO] PluginManager:220 - loadIPPluginJar : add openamp
2023-10-13 08:03:54,761 [INFO] IPUIPlugin:80 - create IPUIPlugin
2023-10-13 08:03:54,761 [INFO] PluginManager:220 - loadIPPluginJar : add pdm2pcm
2023-10-13 08:03:54,766 [INFO] IPUIPlugin:80 - create IPUIPlugin
2023-10-13 08:03:54,768 [INFO] PluginManager:220 - loadIPPluginJar : add plateformsettings
2023-10-13 08:03:54,769 [INFO] IPUIPlugin:80 - create IPUIPlugin
2023-10-13 08:03:54,769 [INFO] PluginManager:220 - loadIPPluginJar : add quadspi
2023-10-13 08:03:54,771 [INFO] IPUIPlugin:80 - create IPUIPlugin
2023-10-13 08:03:54,771 [INFO] PluginManager:220 - loadIPPluginJar : add resmgrutility
2023-10-13 08:03:54,773 [INFO] IPUIPlugin:80 - create IPUIPlugin
2023-10-13 08:03:54,773 [INFO] PluginManager:220 - loadIPPluginJar : add sai
2023-10-13 08:03:54,775 [INFO] IPUIPlugin:80 - create IPUIPlugin
2023-10-13 08:03:54,775 [INFO] PluginManager:220 - loadIPPluginJar : add spi
2023-10-13 08:03:54,778 [INFO] IPUIPlugin:80 - create IPUIPlugin
2023-10-13 08:03:54,778 [INFO] PluginManager:220 - loadIPPluginJar : add stm32_wpan
2023-10-13 08:03:54,779 [INFO] IPUIPlugin:80 - create IPUIPlugin
2023-10-13 08:03:54,779 [INFO] PluginManager:220 - loadIPPluginJar : add tim
2023-10-13 08:03:54,780 [INFO] IPUIPlugin:80 - create IPUIPlugin
2023-10-13 08:03:54,781 [INFO] PluginManager:220 - loadIPPluginJar : add touchsensing
2023-10-13 08:03:54,782 [INFO] IPUIPlugin:80 - create IPUIPlugin
2023-10-13 08:03:54,782 [INFO] PluginManager:220 - loadIPPluginJar : add tracer_emb
2023-10-13 08:03:54,783 [INFO] IPUIPlugin:80 - create IPUIPlugin
2023-10-13 08:03:54,783 [INFO] PluginManager:220 - loadIPPluginJar : add ts
2023-10-13 08:03:54,783 [INFO] IPUIPlugin:80 - create IPUIPlugin
2023-10-13 08:03:54,784 [INFO] PluginManager:220 - loadIPPluginJar : add tsc
2023-10-13 08:03:54,785 [INFO] IPUIPlugin:80 - create IPUIPlugin
2023-10-13 08:03:54,785 [INFO] PluginManager:220 - loadIPPluginJar : add ucpd
2023-10-13 08:03:54,786 [INFO] IPUIPlugin:80 - create IPUIPlugin
2023-10-13 08:03:54,787 [INFO] PluginManager:220 - loadIPPluginJar : add usart
2023-10-13 08:03:54,788 [INFO] IPUIPlugin:80 - create IPUIPlugin
2023-10-13 08:03:54,788 [INFO] PluginManager:220 - loadIPPluginJar : add usbx
2023-10-13 08:03:54,894 [INFO] CADModel:165 - CPN selected for project level
2023-10-13 08:03:54,895 [INFO] CADModel:114 - Register for checkConnection events
2023-10-13 08:03:54,895 [FATAL] Updater:308 - Updater called before beeing initialized
2023-10-13 08:03:54,895 [ERROR] CADModel:125 - Updater not yet initialized, retry later 
2023-10-13 08:03:54,997 [INFO] CADModel:165 - CPN selected for project level
2023-10-13 08:03:54,997 [INFO] CADModel:114 - Register for checkConnection events
2023-10-13 08:03:54,997 [FATAL] Updater:308 - Updater called before beeing initialized
2023-10-13 08:03:54,997 [ERROR] CADModel:125 - Updater not yet initialized, retry later 
2023-10-13 08:03:55,000 [FATAL] Updater:308 - Updater called before beeing initialized
2023-10-13 08:03:55,080 [FATAL] Updater:308 - Updater called before beeing initialized
2023-10-13 08:03:55,084 [INFO] DbMcusAds:53 - JSON generation date=Tue Mar 07 08:50:55 GMT 2023 (1678179055114)
2023-10-13 08:03:55,084 [FATAL] Updater:308 - Updater called before beeing initialized
2023-10-13 08:03:55,103 [WARN] DetailPanel:346 - Failed to get advertising image, set to default
2023-10-13 08:03:55,159 [FATAL] Updater:308 - Updater called before beeing initialized
2023-10-13 08:03:55,160 [FATAL] Updater:308 - Updater called before beeing initialized
2023-10-13 08:03:55,160 [FATAL] Updater:308 - Updater called before beeing initialized
2023-10-13 08:03:55,160 [WARN] DetailPanel:346 - Failed to get advertising image, set to default
2023-10-13 08:03:55,161 [FATAL] Updater:308 - Updater called before beeing initialized
2023-10-13 08:03:55,204 [ERROR] Updater:1120 - MainUpdater not yet initialized. External WinMGr cannot be set.
2023-10-13 08:03:55,205 [INFO] Updater:1056 - Updater Version found : 6.9.2
2023-10-13 08:03:55,218 [INFO] ApplicationProperties:184 - Using Application install path: C:\ST\STM32CubeIDE_1.13.2\STM32CubeIDE\plugins\com.st.stm32cube.common.mx_6.9.2.202309101412
2023-10-13 08:03:55,305 [INFO] MainUpdater:2868 - connection check result : 10
2023-10-13 08:03:55,306 [INFO] MainUpdater:285 - Updater Check For Update Now.
2023-10-13 08:03:55,307 [INFO] MicroXplorer:498 - Change Database Version : DB.6.0.92
2023-10-13 08:03:55,315 [INFO] McuFinderGlobals:63 - Set McuFinder mode to 2 (CubeIDE integrated)
2023-10-13 08:03:55,315 [INFO] UserAuth:179 - activating auth plugin
2023-10-13 08:03:55,318 [INFO] UserAuth:393 - Internet connection configuration mode: 1
2023-10-13 08:03:55,331 [INFO] JxBrowserEngine:151 - Initiate JxBrowser Engine with user profile folder
2023-10-13 08:03:55,458 [INFO] CheckServerUpdateThread:120 - End of CheckServer Thread
2023-10-13 08:03:55,749 [INFO] WebApp:157 - Instantiating new browser for Auth
2023-10-13 08:03:56,092 [INFO] WebApp:753 - Register for checkConnection events
2023-10-13 08:03:56,093 [INFO] WebApp:390 - Apply proxy settings
2023-10-13 08:03:56,093 [INFO] WebApp:475 - Chromium requires no authentication
2023-10-13 08:03:56,097 [INFO] WebApp:418 - Direct internet connection detected
2023-10-13 08:03:56,188 [INFO] WebApp:188 - Starting web application
2023-10-13 08:03:56,188 [INFO] WebApp:520 - Web application path used C:\ST\STM32CubeIDE_1.13.2\STM32CubeIDE\plugins\com.st.stm32cube.common.mx_6.9.2.202309101412\db\plugins\mcufinder\reactClient1\index.html
2023-10-13 08:03:57,457 [WARN] PackLoader:240 - Cannot read IP mode file for STMicroelectronics.X-CUBE-SMBUS.2.1.0
2023-10-13 08:03:57,492 [WARN] PackLoader:240 - Cannot read IP mode file for STMicroelectronics.X-CUBE-AZRTOS-F7.1.1.0
2023-10-13 08:03:57,515 [WARN] PackLoader:240 - Cannot read IP mode file for STMicroelectronics.FP-SNS-MOTENV1.4.3.2
2023-10-13 08:03:57,521 [WARN] PackLoader:240 - Cannot read IP mode file for STMicroelectronics.FP-SNS-FLIGHT1.5.0.2
2023-10-13 08:03:57,528 [WARN] PackLoader:240 - Cannot read IP mode file for STMicroelectronics.X-CUBE-DISPLAY.3.0.0
2023-10-13 08:03:57,536 [WARN] PackLoader:240 - Cannot read IP mode file for STMicroelectronics.X-CUBE-BLE1.7.0.0
2023-10-13 08:03:57,540 [WARN] PackLoader:240 - Cannot read IP mode file for emotas.I-CUBE-CANOPEN.1.3.0
2023-10-13 08:03:57,544 [WARN] PackLoader:240 - Cannot read IP mode file for STMicroelectronics.X-CUBE-TOUCHGFX.4.22.0
2023-10-13 08:03:57,546 [WARN] PackLoader:240 - Cannot read IP mode file for STMicroelectronics.X-CUBE-TOUCHGFX.4.22.1
2023-10-13 08:03:57,548 [WARN] PackLoader:240 - Cannot read IP mode file for STMicroelectronics.FP-SNS-SMARTAG2.1.2.0
2023-10-13 08:03:57,555 [INFO] LogOutputStream:77 - [STDOUT_REDIRECT] 1 : Invalid condition id : UX_CORESTACK_Condition cause : null
2023-10-13 08:03:57,555 [INFO] LogOutputStream:77 - [STDOUT_REDIRECT] 1 : Invalid condition id : UX_CORESTACK_Condition cause : null
2023-10-13 08:03:57,556 [INFO] LogOutputStream:77 - [STDOUT_REDIRECT] 1 : Invalid condition id : UX_CORESTACK_Condition cause : null
2023-10-13 08:03:57,556 [INFO] LogOutputStream:77 - [STDOUT_REDIRECT] 1 : Invalid condition id : UX_CORESTACK_Condition cause : null
2023-10-13 08:03:57,557 [INFO] LogOutputStream:77 - [STDOUT_REDIRECT] 1 : Invalid condition id : UX_CORESTACK_Condition cause : null
2023-10-13 08:03:57,559 [WARN] PackLoader:240 - Cannot read IP mode file for STMicroelectronics.X-CUBE-AZRTOS-WL.2.0.0
2023-10-13 08:03:57,567 [WARN] PackLoader:240 - Cannot read IP mode file for WES.I-CUBE-Cesium.1.3.0
2023-10-13 08:03:57,572 [WARN] PackLoader:240 - Cannot read IP mode file for STMicroelectronics.X-CUBE-BLE2.3.3.0
2023-10-13 08:03:57,578 [WARN] PackLoader:240 - Cannot read IP mode file for STMicroelectronics.X-CUBE-ALGOBUILD.1.3.0
2023-10-13 08:03:57,587 [WARN] PackLoader:240 - Cannot read IP mode file for STMicroelectronics.X-CUBE-AZRTOS-G0.1.1.0
2023-10-13 08:03:57,593 [WARN] PackLoader:240 - Cannot read IP mode file for STMicroelectronics.X-CUBE-NFC4.3.0.0
2023-10-13 08:03:57,596 [WARN] PackLoader:240 - Cannot read IP mode file for STMicroelectronics.FP-ATR-SIGFOX1.3.2.0
2023-10-13 08:03:57,619 [WARN] PackLoader:240 - Cannot read IP mode file for SEGGER.I-CUBE-embOS.1.3.1
2023-10-13 08:03:57,639 [WARN] PackLoader:240 - Cannot read IP mode file for STMicroelectronics.X-CUBE-GNSS1.6.0.0
2023-10-13 08:03:57,650 [WARN] PackLoader:240 - Cannot read IP mode file for STMicroelectronics.X-CUBE-AZRTOS-F4.1.1.0
2023-10-13 08:03:57,656 [WARN] PackLoader:240 - Cannot read IP mode file for wolfSSL.I-CUBE-wolfSSL.5.6.3
2023-10-13 08:03:57,709 [WARN] PackLoader:240 - Cannot read IP mode file for STMicroelectronics.X-CUBE-AZRTOS-L5.2.0.0
2023-10-13 08:03:57,743 [WARN] PackLoader:240 - Cannot read IP mode file for STMicroelectronics.X-CUBE-MEMS1.9.6.0
2023-10-13 08:03:57,830 [WARN] PackLoader:240 - Cannot read IP mode file for ITTIA_DB.I-CUBE-ITTIADB.8.8.0
2023-10-13 08:03:57,835 [WARN] PackLoader:240 - Cannot read IP mode file for STMicroelectronics.X-CUBE-BLEMGR.2.0.0
2023-10-13 08:03:57,843 [WARN] ConditionMgr:438 - getConditionDescription Invalid condition id : UX DEVICE CLASS RTOS Condition cause : null
2023-10-13 08:03:57,843 [WARN] ConditionMgr:438 - getConditionDescription Invalid condition id : UX DEVICE CLASS RTOS Condition cause : null
2023-10-13 08:03:57,845 [WARN] PackLoader:240 - Cannot read IP mode file for STMicroelectronics.X-CUBE-AZRTOS-H7.3.1.0
2023-10-13 08:03:57,845 [WARN] ConditionMgr:1039 - genDependencies : Invalid condition id : UX DEVICE CLASS RTOS Condition cause : null
2023-10-13 08:03:57,845 [WARN] ConditionMgr:1039 - genDependencies : Invalid condition id : UX DEVICE CLASS RTOS Condition cause : null
2023-10-13 08:03:57,846 [WARN] ConditionMgr:1039 - genDependencies : Invalid condition id : UX DEVICE CLASS RTOS Condition cause : null
2023-10-13 08:03:57,846 [WARN] ConditionMgr:1039 - genDependencies : Invalid condition id : UX DEVICE CLASS RTOS Condition cause : null
2023-10-13 08:03:57,846 [WARN] ConditionMgr:1039 - genDependencies : Invalid condition id : UX DEVICE CLASS RTOS Condition cause : null
2023-10-13 08:03:57,849 [WARN] PackLoader:240 - Cannot read IP mode file for STMicroelectronics.X-CUBE-NFC7.1.0.1
2023-10-13 08:03:57,854 [WARN] PackLoader:240 - Cannot read IP mode file for STMicroelectronics.X-CUBE-NFC6.3.0.0
2023-10-13 08:03:57,859 [WARN] PackLoader:240 - Cannot read IP mode file for STMicroelectronics.X-CUBE-EEPRMA1.4.1.0
2023-10-13 08:03:57,863 [WARN] PackLoader:240 - Cannot read IP mode file for STMicroelectronics.X-CUBE-AI.8.1.0
2023-10-13 08:03:57,871 [WARN] ConditionMgr:438 - getConditionDescription Invalid condition id : LAN8742 Phy interface Condition cause : null
2023-10-13 08:03:57,871 [WARN] PackLoader:240 - Cannot read IP mode file for STMicroelectronics.X-CUBE-AZRTOS-L4.2.0.0
2023-10-13 08:03:57,872 [WARN] ConditionMgr:1039 - genDependencies : Invalid condition id : LAN8742 Phy interface Condition cause : null
2023-10-13 08:03:57,872 [WARN] ConditionMgr:1039 - genDependencies : Invalid condition id : LAN8742 Phy interface Condition cause : null
2023-10-13 08:03:57,873 [WARN] ConditionMgr:1039 - genDependencies : Invalid condition id : LAN8742 Phy interface Condition cause : null
2023-10-13 08:03:57,876 [WARN] PackLoader:240 - Cannot read IP mode file for STMicroelectronics.X-CUBE-SFXS2LP1.4.0.0
2023-10-13 08:03:57,879 [WARN] PackLoader:240 - Cannot read IP mode file for STMicroelectronics.X-CUBE-ISPU.1.1.0
2023-10-13 08:03:57,887 [WARN] ConditionMgr:438 - getConditionDescription Invalid condition id : UX DEVICE CLASS RTOS Condition cause : null
2023-10-13 08:03:57,887 [WARN] ConditionMgr:438 - getConditionDescription Invalid condition id : UX DEVICE CLASS RTOS Condition cause : null
2023-10-13 08:03:57,889 [WARN] PackLoader:240 - Cannot read IP mode file for STMicroelectronics.X-CUBE-AZRTOS-WB.2.0.0
2023-10-13 08:03:57,890 [WARN] ConditionMgr:1039 - genDependencies : Invalid condition id : UX DEVICE CLASS RTOS Condition cause : null
2023-10-13 08:03:57,890 [WARN] ConditionMgr:1039 - genDependencies : Invalid condition id : UX DEVICE CLASS RTOS Condition cause : null
2023-10-13 08:03:57,890 [WARN] ConditionMgr:1039 - genDependencies : Invalid condition id : UX DEVICE CLASS RTOS Condition cause : null
2023-10-13 08:03:57,890 [WARN] ConditionMgr:1039 - genDependencies : Invalid condition id : UX DEVICE CLASS RTOS Condition cause : null
2023-10-13 08:03:57,891 [WARN] ConditionMgr:1039 - genDependencies : Invalid condition id : UX DEVICE CLASS RTOS Condition cause : null
2023-10-13 08:03:57,896 [WARN] PackLoader:240 - Cannot read IP mode file for STMicroelectronics.X-CUBE-SUBG2.5.0.0
2023-10-13 08:03:57,905 [WARN] PackLoader:240 - Cannot read IP mode file for STMicroelectronics.X-CUBE-TOF1.3.3.1
2023-10-13 08:03:57,935 [WARN] PackLoader:240 - Cannot read IP mode file for STMicroelectronics.X-CUBE-AZRTOS-G4.2.0.0
2023-10-13 08:03:57,951 [WARN] PackLoader:240 - Cannot read IP mode file for Infineon.AIROC-Wi-Fi-Bluetooth-STM32.1.5.1
2023-10-13 08:03:57,972 [WARN] PackLoader:240 - Cannot read IP mode file for STMicroelectronics.X-CUBE-FREERTOS.1.1.0
2023-10-13 08:03:57,977 [WARN] PackLoader:240 - Cannot read IP mode file for portGmbH.I-Cube-SoM-uGOAL.1.1.0
2023-10-13 08:03:57,981 [WARN] PackLoader:240 - Cannot read IP mode file for STMicroelectronics.X-CUBE-ALS.1.0.1
2023-10-13 08:03:57,986 [WARN] PackLoader:240 - Cannot read IP mode file for STMicroelectronics.FP-ATR-ASTRA1.2.0.0
2023-10-13 08:03:57,987 [INFO] ThirdParty:978 - Integrity check success = true
2023-10-13 08:03:57,987 [INFO] IntegrityCheckThread:100 - exiting critical section [integrity check]
2023-10-13 08:03:57,987 [INFO] IntegrityCheckThread:103 - End integrity checks thread
2023-10-13 08:04:16,660 [ERROR] LogOutputStream:75 - [STDERR_REDIRECT] SLF4J: Failed to load class "org.slf4j.impl.StaticLoggerBinder".
2023-10-13 08:04:16,660 [ERROR] LogOutputStream:75 - [STDERR_REDIRECT] SLF4J: Defaulting to no-operation (NOP) logger implementation
2023-10-13 08:04:16,661 [ERROR] LogOutputStream:75 - [STDERR_REDIRECT] SLF4J: See http://www.slf4j.org/codes.html#StaticLoggerBinder for further details.
2023-10-13 09:39:47,598 [ERROR] LogOutputStream:75 - [STDERR_REDIRECT] 
